<?xml version="1.0" encoding="UTF-8"?>
<coverage generated="1535998124184" clover="3.2.0">
  <project timestamp="1535998124184" name="All files">
    <metrics statements="1633" coveredstatements="274" conditionals="508" coveredconditionals="140" methods="316" coveredmethods="61" elements="2457" coveredelements="475" complexity="0" loc="1633" ncloc="1633" packages="19" files="197" classes="197">
      <package name="components.buttons">
        <metrics statements="36" coveredstatements="21" conditionals="30" coveredconditionals="20" methods="18" coveredmethods="14"/>
        <file name="Button.js" path="/Users/richardmoss/Projects/reactjs.academy-react/src/components/buttons/Button.js">
          <metrics statements="7" coveredstatements="7" conditionals="10" coveredconditionals="10" methods="5" coveredmethods="5"/>
          <line num="5" count="1" type="stmt"/>
          <line num="16" count="50" type="cond" truecount="2" falsecount="0"/>
          <line num="17" count="50" type="cond" truecount="2" falsecount="0"/>
          <line num="20" count="50" type="cond" truecount="2" falsecount="0"/>
          <line num="21" count="50" type="cond" truecount="2" falsecount="0"/>
          <line num="23" count="50" type="cond" truecount="2" falsecount="0"/>
          <line num="39" count="1" type="stmt"/>
        </file>
        <file name="Button.stories.js" path="/Users/richardmoss/Projects/reactjs.academy-react/src/components/buttons/Button.stories.js">
          <metrics statements="6" coveredstatements="0" conditionals="0" coveredconditionals="0" methods="2" coveredmethods="0"/>
          <line num="1" count="0" type="stmt"/>
          <line num="2" count="0" type="stmt"/>
          <line num="3" count="0" type="stmt"/>
          <line num="5" count="0" type="stmt"/>
          <line num="6" count="0" type="stmt"/>
          <line num="7" count="0" type="stmt"/>
        </file>
        <file name="LinkButton.js" path="/Users/richardmoss/Projects/reactjs.academy-react/src/components/buttons/LinkButton.js">
          <metrics statements="17" coveredstatements="14" conditionals="20" coveredconditionals="10" methods="9" coveredmethods="9"/>
          <line num="8" count="10" type="stmt"/>
          <line num="24" count="1" type="stmt"/>
          <line num="28" count="10" type="cond" truecount="1" falsecount="1"/>
          <line num="29" count="0" type="stmt"/>
          <line num="30" count="10" type="cond" truecount="1" falsecount="1"/>
          <line num="31" count="0" type="stmt"/>
          <line num="33" count="10" type="stmt"/>
          <line num="36" count="10" type="cond" truecount="1" falsecount="1"/>
          <line num="38" count="10" type="cond" truecount="1" falsecount="1"/>
          <line num="41" count="10" type="cond" truecount="1" falsecount="1"/>
          <line num="42" count="10" type="cond" truecount="1" falsecount="1"/>
          <line num="43" count="10" type="cond" truecount="1" falsecount="1"/>
          <line num="47" count="1" type="stmt"/>
          <line num="50" count="10" type="stmt"/>
          <line num="53" count="2" type="cond" truecount="1" falsecount="1"/>
          <line num="54" count="0" type="stmt"/>
          <line num="61" count="2" type="cond" truecount="2" falsecount="0"/>
        </file>
        <file name="LinkButton.stories.js" path="/Users/richardmoss/Projects/reactjs.academy-react/src/components/buttons/LinkButton.stories.js">
          <metrics statements="6" coveredstatements="0" conditionals="0" coveredconditionals="0" methods="2" coveredmethods="0"/>
          <line num="1" count="0" type="stmt"/>
          <line num="2" count="0" type="stmt"/>
          <line num="3" count="0" type="stmt"/>
          <line num="5" count="0" type="stmt"/>
          <line num="6" count="0" type="stmt"/>
          <line num="9" count="0" type="stmt"/>
        </file>
        <file name="index.js" path="/Users/richardmoss/Projects/reactjs.academy-react/src/components/buttons/index.js">
          <metrics statements="0" coveredstatements="0" conditionals="0" coveredconditionals="0" methods="0" coveredmethods="0"/>
        </file>
      </package>
      <package name="components.curriculum">
        <metrics statements="138" coveredstatements="0" conditionals="68" coveredconditionals="0" methods="12" coveredmethods="0"/>
        <file name="CurriculumAdvancedReact.js" path="/Users/richardmoss/Projects/reactjs.academy-react/src/components/curriculum/CurriculumAdvancedReact.js">
          <metrics statements="19" coveredstatements="0" conditionals="10" coveredconditionals="0" methods="1" coveredmethods="0"/>
          <line num="1" count="0" type="stmt"/>
          <line num="2" count="0" type="stmt"/>
          <line num="3" count="0" type="stmt"/>
          <line num="4" count="0" type="stmt"/>
          <line num="5" count="0" type="stmt"/>
          <line num="6" count="0" type="stmt"/>
          <line num="7" count="0" type="stmt"/>
          <line num="8" count="0" type="stmt"/>
          <line num="9" count="0" type="stmt"/>
          <line num="10" count="0" type="stmt"/>
          <line num="11" count="0" type="stmt"/>
          <line num="12" count="0" type="stmt"/>
          <line num="14" count="0" type="stmt"/>
          <line num="20" count="0" type="stmt"/>
          <line num="21" count="0" type="stmt"/>
          <line num="22" count="0" type="stmt"/>
          <line num="24" count="0" type="stmt"/>
          <line num="52" count="0" type="stmt"/>
          <line num="65" count="0" type="stmt"/>
        </file>
        <file name="CurriculumBootcamp.js" path="/Users/richardmoss/Projects/reactjs.academy-react/src/components/curriculum/CurriculumBootcamp.js">
          <metrics statements="27" coveredstatements="0" conditionals="10" coveredconditionals="0" methods="1" coveredmethods="0"/>
          <line num="1" count="0" type="stmt"/>
          <line num="2" count="0" type="stmt"/>
          <line num="3" count="0" type="stmt"/>
          <line num="4" count="0" type="stmt"/>
          <line num="5" count="0" type="stmt"/>
          <line num="6" count="0" type="stmt"/>
          <line num="7" count="0" type="stmt"/>
          <line num="8" count="0" type="stmt"/>
          <line num="9" count="0" type="stmt"/>
          <line num="10" count="0" type="stmt"/>
          <line num="11" count="0" type="stmt"/>
          <line num="12" count="0" type="stmt"/>
          <line num="13" count="0" type="stmt"/>
          <line num="14" count="0" type="stmt"/>
          <line num="15" count="0" type="stmt"/>
          <line num="16" count="0" type="stmt"/>
          <line num="17" count="0" type="stmt"/>
          <line num="18" count="0" type="stmt"/>
          <line num="19" count="0" type="stmt"/>
          <line num="20" count="0" type="stmt"/>
          <line num="22" count="0" type="stmt"/>
          <line num="28" count="0" type="stmt"/>
          <line num="29" count="0" type="stmt"/>
          <line num="30" count="0" type="stmt"/>
          <line num="32" count="0" type="stmt"/>
          <line num="69" count="0" type="stmt"/>
          <line num="107" count="0" type="stmt"/>
        </file>
        <file name="CurriculumCard.js" path="/Users/richardmoss/Projects/reactjs.academy-react/src/components/curriculum/CurriculumCard.js">
          <metrics statements="4" coveredstatements="0" conditionals="0" coveredconditionals="0" methods="0" coveredmethods="0"/>
          <line num="1" count="0" type="stmt"/>
          <line num="2" count="0" type="stmt"/>
          <line num="3" count="0" type="stmt"/>
          <line num="5" count="0" type="stmt"/>
        </file>
        <file name="CurriculumPartTime.js" path="/Users/richardmoss/Projects/reactjs.academy-react/src/components/curriculum/CurriculumPartTime.js">
          <metrics statements="25" coveredstatements="0" conditionals="14" coveredconditionals="0" methods="2" coveredmethods="0"/>
          <line num="1" count="0" type="stmt"/>
          <line num="2" count="0" type="stmt"/>
          <line num="3" count="0" type="stmt"/>
          <line num="4" count="0" type="stmt"/>
          <line num="5" count="0" type="stmt"/>
          <line num="6" count="0" type="stmt"/>
          <line num="7" count="0" type="stmt"/>
          <line num="8" count="0" type="stmt"/>
          <line num="9" count="0" type="stmt"/>
          <line num="10" count="0" type="stmt"/>
          <line num="11" count="0" type="stmt"/>
          <line num="12" count="0" type="stmt"/>
          <line num="13" count="0" type="stmt"/>
          <line num="14" count="0" type="stmt"/>
          <line num="15" count="0" type="stmt"/>
          <line num="16" count="0" type="stmt"/>
          <line num="17" count="0" type="stmt"/>
          <line num="19" count="0" type="stmt"/>
          <line num="32" count="0" type="stmt"/>
          <line num="39" count="0" type="stmt"/>
          <line num="40" count="0" type="stmt"/>
          <line num="41" count="0" type="stmt"/>
          <line num="43" count="0" type="stmt"/>
          <line num="84" count="0" type="stmt"/>
          <line num="123" count="0" type="stmt"/>
        </file>
        <file name="CurriculumReactNative.js" path="/Users/richardmoss/Projects/reactjs.academy-react/src/components/curriculum/CurriculumReactNative.js">
          <metrics statements="14" coveredstatements="0" conditionals="8" coveredconditionals="0" methods="1" coveredmethods="0"/>
          <line num="1" count="0" type="stmt"/>
          <line num="2" count="0" type="stmt"/>
          <line num="3" count="0" type="stmt"/>
          <line num="4" count="0" type="stmt"/>
          <line num="5" count="0" type="stmt"/>
          <line num="6" count="0" type="stmt"/>
          <line num="7" count="0" type="stmt"/>
          <line num="8" count="0" type="stmt"/>
          <line num="10" count="0" type="stmt"/>
          <line num="15" count="0" type="stmt"/>
          <line num="16" count="0" type="stmt"/>
          <line num="17" count="0" type="stmt"/>
          <line num="19" count="0" type="stmt"/>
          <line num="31" count="0" type="stmt"/>
        </file>
        <file name="CurriculumSection.js" path="/Users/richardmoss/Projects/reactjs.academy-react/src/components/curriculum/CurriculumSection.js">
          <metrics statements="25" coveredstatements="0" conditionals="26" coveredconditionals="0" methods="5" coveredmethods="0"/>
          <line num="1" count="0" type="stmt"/>
          <line num="2" count="0" type="stmt"/>
          <line num="3" count="0" type="stmt"/>
          <line num="4" count="0" type="stmt"/>
          <line num="5" count="0" type="stmt"/>
          <line num="6" count="0" type="stmt"/>
          <line num="7" count="0" type="stmt"/>
          <line num="8" count="0" type="stmt"/>
          <line num="12" count="0" type="stmt"/>
          <line num="15" count="0" type="stmt"/>
          <line num="21" count="0" type="stmt"/>
          <line num="25" count="0" type="stmt"/>
          <line num="31" count="0" type="cond" truecount="0" falsecount="2"/>
          <line num="34" count="0" type="stmt"/>
          <line num="40" count="0" type="stmt"/>
          <line num="45" count="0" type="cond" truecount="0" falsecount="2"/>
          <line num="47" count="0" type="stmt"/>
          <line num="58" count="0" type="stmt"/>
          <line num="59" count="0" type="stmt"/>
          <line num="67" count="0" type="stmt"/>
          <line num="68" count="0" type="stmt"/>
          <line num="69" count="0" type="stmt"/>
          <line num="77" count="0" type="stmt"/>
          <line num="92" count="0" type="stmt"/>
          <line num="94" count="0" type="stmt"/>
        </file>
        <file name="FullCurriculum.js" path="/Users/richardmoss/Projects/reactjs.academy-react/src/components/curriculum/FullCurriculum.js">
          <metrics statements="9" coveredstatements="0" conditionals="0" coveredconditionals="0" methods="1" coveredmethods="0"/>
          <line num="1" count="0" type="stmt"/>
          <line num="2" count="0" type="stmt"/>
          <line num="3" count="0" type="stmt"/>
          <line num="4" count="0" type="stmt"/>
          <line num="5" count="0" type="stmt"/>
          <line num="6" count="0" type="stmt"/>
          <line num="7" count="0" type="stmt"/>
          <line num="9" count="0" type="stmt"/>
          <line num="13" count="0" type="stmt"/>
        </file>
        <file name="MarketingCard.js" path="/Users/richardmoss/Projects/reactjs.academy-react/src/components/curriculum/MarketingCard.js">
          <metrics statements="9" coveredstatements="0" conditionals="0" coveredconditionals="0" methods="1" coveredmethods="0"/>
          <line num="1" count="0" type="stmt"/>
          <line num="2" count="0" type="stmt"/>
          <line num="3" count="0" type="stmt"/>
          <line num="4" count="0" type="stmt"/>
          <line num="5" count="0" type="stmt"/>
          <line num="6" count="0" type="stmt"/>
          <line num="7" count="0" type="stmt"/>
          <line num="9" count="0" type="stmt"/>
          <line num="22" count="0" type="stmt"/>
        </file>
        <file name="index.js" path="/Users/richardmoss/Projects/reactjs.academy-react/src/components/curriculum/index.js">
          <metrics statements="6" coveredstatements="0" conditionals="0" coveredconditionals="0" methods="0" coveredmethods="0"/>
          <line num="1" count="0" type="stmt"/>
          <line num="2" count="0" type="stmt"/>
          <line num="3" count="0" type="stmt"/>
          <line num="4" count="0" type="stmt"/>
          <line num="5" count="0" type="stmt"/>
          <line num="6" count="0" type="stmt"/>
        </file>
      </package>
      <package name="components.curriculum.sessions">
        <metrics statements="75" coveredstatements="0" conditionals="2" coveredconditionals="0" methods="19" coveredmethods="0"/>
        <file name="AdvancedReduxSession.js" path="/Users/richardmoss/Projects/reactjs.academy-react/src/components/curriculum/sessions/AdvancedReduxSession.js">
          <metrics statements="4" coveredstatements="0" conditionals="0" coveredconditionals="0" methods="1" coveredmethods="0"/>
          <line num="1" count="0" type="stmt"/>
          <line num="2" count="0" type="stmt"/>
          <line num="3" count="0" type="stmt"/>
          <line num="5" count="0" type="stmt"/>
        </file>
        <file name="CompoundCompAndContextSession.js" path="/Users/richardmoss/Projects/reactjs.academy-react/src/components/curriculum/sessions/CompoundCompAndContextSession.js">
          <metrics statements="4" coveredstatements="0" conditionals="0" coveredconditionals="0" methods="1" coveredmethods="0"/>
          <line num="1" count="0" type="stmt"/>
          <line num="2" count="0" type="stmt"/>
          <line num="3" count="0" type="stmt"/>
          <line num="5" count="0" type="stmt"/>
        </file>
        <file name="ES6Session.js" path="/Users/richardmoss/Projects/reactjs.academy-react/src/components/curriculum/sessions/ES6Session.js">
          <metrics statements="4" coveredstatements="0" conditionals="0" coveredconditionals="0" methods="1" coveredmethods="0"/>
          <line num="1" count="0" type="stmt"/>
          <line num="2" count="0" type="stmt"/>
          <line num="3" count="0" type="stmt"/>
          <line num="5" count="0" type="stmt"/>
        </file>
        <file name="FormsAndAuthSession.js" path="/Users/richardmoss/Projects/reactjs.academy-react/src/components/curriculum/sessions/FormsAndAuthSession.js">
          <metrics statements="4" coveredstatements="0" conditionals="0" coveredconditionals="0" methods="1" coveredmethods="0"/>
          <line num="1" count="0" type="stmt"/>
          <line num="2" count="0" type="stmt"/>
          <line num="3" count="0" type="stmt"/>
          <line num="5" count="0" type="stmt"/>
        </file>
        <file name="GraphQLSession.js" path="/Users/richardmoss/Projects/reactjs.academy-react/src/components/curriculum/sessions/GraphQLSession.js">
          <metrics statements="4" coveredstatements="0" conditionals="0" coveredconditionals="0" methods="1" coveredmethods="0"/>
          <line num="1" count="0" type="stmt"/>
          <line num="2" count="0" type="stmt"/>
          <line num="3" count="0" type="stmt"/>
          <line num="5" count="0" type="stmt"/>
        </file>
        <file name="Hackathon.js" path="/Users/richardmoss/Projects/reactjs.academy-react/src/components/curriculum/sessions/Hackathon.js">
          <metrics statements="4" coveredstatements="0" conditionals="0" coveredconditionals="0" methods="1" coveredmethods="0"/>
          <line num="1" count="0" type="stmt"/>
          <line num="2" count="0" type="stmt"/>
          <line num="3" count="0" type="stmt"/>
          <line num="5" count="0" type="stmt"/>
        </file>
        <file name="HoCsAndRenderPropsSession.js" path="/Users/richardmoss/Projects/reactjs.academy-react/src/components/curriculum/sessions/HoCsAndRenderPropsSession.js">
          <metrics statements="4" coveredstatements="0" conditionals="0" coveredconditionals="0" methods="1" coveredmethods="0"/>
          <line num="1" count="0" type="stmt"/>
          <line num="2" count="0" type="stmt"/>
          <line num="3" count="0" type="stmt"/>
          <line num="5" count="0" type="stmt"/>
        </file>
        <file name="IntroReactSession.js" path="/Users/richardmoss/Projects/reactjs.academy-react/src/components/curriculum/sessions/IntroReactSession.js">
          <metrics statements="4" coveredstatements="0" conditionals="0" coveredconditionals="0" methods="1" coveredmethods="0"/>
          <line num="1" count="0" type="stmt"/>
          <line num="2" count="0" type="stmt"/>
          <line num="3" count="0" type="stmt"/>
          <line num="5" count="0" type="stmt"/>
        </file>
        <file name="IntroReduxSession.js" path="/Users/richardmoss/Projects/reactjs.academy-react/src/components/curriculum/sessions/IntroReduxSession.js">
          <metrics statements="4" coveredstatements="0" conditionals="0" coveredconditionals="0" methods="1" coveredmethods="0"/>
          <line num="1" count="0" type="stmt"/>
          <line num="2" count="0" type="stmt"/>
          <line num="3" count="0" type="stmt"/>
          <line num="5" count="0" type="stmt"/>
        </file>
        <file name="ReactFundamentalsRecapSession.js" path="/Users/richardmoss/Projects/reactjs.academy-react/src/components/curriculum/sessions/ReactFundamentalsRecapSession.js">
          <metrics statements="4" coveredstatements="0" conditionals="0" coveredconditionals="0" methods="1" coveredmethods="0"/>
          <line num="1" count="0" type="stmt"/>
          <line num="2" count="0" type="stmt"/>
          <line num="3" count="0" type="stmt"/>
          <line num="5" count="0" type="stmt"/>
        </file>
        <file name="ReactNativeAnimationsSession.js" path="/Users/richardmoss/Projects/reactjs.academy-react/src/components/curriculum/sessions/ReactNativeAnimationsSession.js">
          <metrics statements="4" coveredstatements="0" conditionals="0" coveredconditionals="0" methods="1" coveredmethods="0"/>
          <line num="1" count="0" type="stmt"/>
          <line num="2" count="0" type="stmt"/>
          <line num="3" count="0" type="stmt"/>
          <line num="5" count="0" type="stmt"/>
        </file>
        <file name="ReactNativeFoundationSession.js" path="/Users/richardmoss/Projects/reactjs.academy-react/src/components/curriculum/sessions/ReactNativeFoundationSession.js">
          <metrics statements="4" coveredstatements="0" conditionals="0" coveredconditionals="0" methods="1" coveredmethods="0"/>
          <line num="1" count="0" type="stmt"/>
          <line num="2" count="0" type="stmt"/>
          <line num="3" count="0" type="stmt"/>
          <line num="5" count="0" type="stmt"/>
        </file>
        <file name="ReactNativeGesturesSession.js" path="/Users/richardmoss/Projects/reactjs.academy-react/src/components/curriculum/sessions/ReactNativeGesturesSession.js">
          <metrics statements="4" coveredstatements="0" conditionals="0" coveredconditionals="0" methods="1" coveredmethods="0"/>
          <line num="1" count="0" type="stmt"/>
          <line num="2" count="0" type="stmt"/>
          <line num="3" count="0" type="stmt"/>
          <line num="5" count="0" type="stmt"/>
        </file>
        <file name="RoutingAndDataFetchingSession.js" path="/Users/richardmoss/Projects/reactjs.academy-react/src/components/curriculum/sessions/RoutingAndDataFetchingSession.js">
          <metrics statements="4" coveredstatements="0" conditionals="0" coveredconditionals="0" methods="1" coveredmethods="0"/>
          <line num="1" count="0" type="stmt"/>
          <line num="2" count="0" type="stmt"/>
          <line num="3" count="0" type="stmt"/>
          <line num="5" count="0" type="stmt"/>
        </file>
        <file name="ServerSideRenderingSession.js" path="/Users/richardmoss/Projects/reactjs.academy-react/src/components/curriculum/sessions/ServerSideRenderingSession.js">
          <metrics statements="4" coveredstatements="0" conditionals="0" coveredconditionals="0" methods="1" coveredmethods="0"/>
          <line num="1" count="0" type="stmt"/>
          <line num="2" count="0" type="stmt"/>
          <line num="3" count="0" type="stmt"/>
          <line num="5" count="0" type="stmt"/>
        </file>
        <file name="Session.js" path="/Users/richardmoss/Projects/reactjs.academy-react/src/components/curriculum/sessions/Session.js">
          <metrics statements="3" coveredstatements="0" conditionals="2" coveredconditionals="0" methods="1" coveredmethods="0"/>
          <line num="1" count="0" type="stmt"/>
          <line num="2" count="0" type="stmt"/>
          <line num="4" count="0" type="stmt"/>
        </file>
        <file name="StylingInReactSession.js" path="/Users/richardmoss/Projects/reactjs.academy-react/src/components/curriculum/sessions/StylingInReactSession.js">
          <metrics statements="4" coveredstatements="0" conditionals="0" coveredconditionals="0" methods="1" coveredmethods="0"/>
          <line num="1" count="0" type="stmt"/>
          <line num="2" count="0" type="stmt"/>
          <line num="3" count="0" type="stmt"/>
          <line num="5" count="0" type="stmt"/>
        </file>
        <file name="TestingInReactSession.js" path="/Users/richardmoss/Projects/reactjs.academy-react/src/components/curriculum/sessions/TestingInReactSession.js">
          <metrics statements="4" coveredstatements="0" conditionals="0" coveredconditionals="0" methods="1" coveredmethods="0"/>
          <line num="1" count="0" type="stmt"/>
          <line num="2" count="0" type="stmt"/>
          <line num="3" count="0" type="stmt"/>
          <line num="5" count="0" type="stmt"/>
        </file>
        <file name="TestingIntroSession.js" path="/Users/richardmoss/Projects/reactjs.academy-react/src/components/curriculum/sessions/TestingIntroSession.js">
          <metrics statements="4" coveredstatements="0" conditionals="0" coveredconditionals="0" methods="1" coveredmethods="0"/>
          <line num="1" count="0" type="stmt"/>
          <line num="2" count="0" type="stmt"/>
          <line num="3" count="0" type="stmt"/>
          <line num="5" count="0" type="stmt"/>
        </file>
      </package>
      <package name="components.elements">
        <metrics statements="24" coveredstatements="16" conditionals="20" coveredconditionals="4" methods="10" coveredmethods="6"/>
        <file name="Alert.js" path="/Users/richardmoss/Projects/reactjs.academy-react/src/components/elements/Alert.js">
          <metrics statements="2" coveredstatements="1" conditionals="2" coveredconditionals="0" methods="1" coveredmethods="0"/>
          <line num="5" count="1" type="stmt"/>
          <line num="8" count="0" type="cond" truecount="0" falsecount="2"/>
        </file>
        <file name="Card.js" path="/Users/richardmoss/Projects/reactjs.academy-react/src/components/elements/Card.js">
          <metrics statements="14" coveredstatements="10" conditionals="11" coveredconditionals="4" methods="6" coveredmethods="6"/>
          <line num="9" count="2" type="stmt"/>
          <line num="26" count="1" type="stmt"/>
          <line num="28" count="2" type="cond" truecount="1" falsecount="1"/>
          <line num="35" count="2" type="cond" truecount="1" falsecount="1"/>
          <line num="43" count="2" type="cond" truecount="1" falsecount="2"/>
          <line num="45" count="0" type="stmt"/>
          <line num="51" count="0" type="stmt"/>
          <line num="56" count="2" type="stmt"/>
          <line num="64" count="2" type="cond" truecount="0" falsecount="2"/>
          <line num="66" count="0" type="stmt"/>
          <line num="68" count="0" type="stmt"/>
          <line num="76" count="2" type="cond" truecount="1" falsecount="1"/>
          <line num="87" count="1" type="stmt"/>
          <line num="88" count="1" type="stmt"/>
        </file>
        <file name="Image.js" path="/Users/richardmoss/Projects/reactjs.academy-react/src/components/elements/Image.js">
          <metrics statements="2" coveredstatements="2" conditionals="0" coveredconditionals="0" methods="0" coveredmethods="0"/>
          <line num="5" count="1" type="stmt"/>
          <line num="9" count="1" type="stmt"/>
        </file>
        <file name="Ribbon.js" path="/Users/richardmoss/Projects/reactjs.academy-react/src/components/elements/Ribbon.js">
          <metrics statements="2" coveredstatements="0" conditionals="4" coveredconditionals="0" methods="2" coveredmethods="0"/>
          <line num="12" count="0" type="cond" truecount="0" falsecount="2"/>
          <line num="13" count="0" type="cond" truecount="0" falsecount="2"/>
        </file>
        <file name="Video.js" path="/Users/richardmoss/Projects/reactjs.academy-react/src/components/elements/Video.js">
          <metrics statements="4" coveredstatements="3" conditionals="3" coveredconditionals="0" methods="1" coveredmethods="0"/>
          <line num="5" count="1" type="stmt"/>
          <line num="16" count="1" type="cond" truecount="0" falsecount="1"/>
          <line num="17" count="0" type="stmt"/>
          <line num="29" count="1" type="stmt"/>
        </file>
        <file name="index.js" path="/Users/richardmoss/Projects/reactjs.academy-react/src/components/elements/index.js">
          <metrics statements="0" coveredstatements="0" conditionals="0" coveredconditionals="0" methods="0" coveredmethods="0"/>
        </file>
      </package>
      <package name="components.form">
        <metrics statements="60" coveredstatements="20" conditionals="47" coveredconditionals="19" methods="12" coveredmethods="7"/>
        <file name="Contact.js" path="/Users/richardmoss/Projects/reactjs.academy-react/src/components/form/Contact.js">
          <metrics statements="29" coveredstatements="0" conditionals="13" coveredconditionals="0" methods="0" coveredmethods="0"/>
          <line num="1" count="0" type="stmt"/>
          <line num="2" count="0" type="stmt"/>
          <line num="4" count="0" type="stmt"/>
          <line num="5" count="0" type="stmt"/>
          <line num="6" count="0" type="stmt"/>
          <line num="12" count="0" type="stmt"/>
          <line num="13" count="0" type="stmt"/>
          <line num="14" count="0" type="stmt"/>
          <line num="15" count="0" type="stmt"/>
          <line num="16" count="0" type="stmt"/>
          <line num="18" count="0" type="stmt"/>
          <line num="22" count="0" type="stmt"/>
          <line num="25" count="0" type="stmt"/>
          <line num="28" count="0" type="stmt"/>
          <line num="31" count="0" type="stmt"/>
          <line num="35" count="0" type="stmt"/>
          <line num="39" count="0" type="stmt"/>
          <line num="44" count="0" type="stmt"/>
          <line num="48" count="0" type="stmt"/>
          <line num="74" count="0" type="stmt"/>
          <line num="75" count="0" type="stmt"/>
          <line num="76" count="0" type="cond" truecount="0" falsecount="3"/>
          <line num="88" count="0" type="stmt"/>
          <line num="92" count="0" type="stmt"/>
          <line num="93" count="0" type="stmt"/>
          <line num="96" count="0" type="stmt"/>
          <line num="97" count="0" type="stmt"/>
          <line num="98" count="0" type="cond" truecount="0" falsecount="2"/>
          <line num="99" count="0" type="stmt"/>
        </file>
        <file name="FieldInput.js" path="/Users/richardmoss/Projects/reactjs.academy-react/src/components/form/FieldInput.js">
          <metrics statements="1" coveredstatements="1" conditionals="0" coveredconditionals="0" methods="1" coveredmethods="1"/>
          <line num="5" count="84" type="stmt"/>
        </file>
        <file name="Input.js" path="/Users/richardmoss/Projects/reactjs.academy-react/src/components/form/Input.js">
          <metrics statements="11" coveredstatements="11" conditionals="19" coveredconditionals="16" methods="2" coveredmethods="2"/>
          <line num="12" count="1" type="stmt"/>
          <line num="15" count="1" type="stmt"/>
          <line num="29" count="1" type="stmt"/>
          <line num="39" count="1" type="stmt"/>
          <line num="44" count="1" type="cond" truecount="2" falsecount="1"/>
          <line num="45" count="94" type="stmt"/>
          <line num="46" count="94" type="cond" truecount="2" falsecount="0"/>
          <line num="47" count="94" type="stmt"/>
          <line num="48" count="2" type="cond" truecount="1" falsecount="1"/>
          <line num="49" count="2" type="cond" truecount="2" falsecount="0"/>
          <line num="52" count="94" type="stmt"/>
        </file>
        <file name="index.js" path="/Users/richardmoss/Projects/reactjs.academy-react/src/components/form/index.js">
          <metrics statements="0" coveredstatements="0" conditionals="0" coveredconditionals="0" methods="0" coveredmethods="0"/>
        </file>
        <file name="validations.js" path="/Users/richardmoss/Projects/reactjs.academy-react/src/components/form/validations.js">
          <metrics statements="19" coveredstatements="8" conditionals="15" coveredconditionals="3" methods="9" coveredmethods="4"/>
          <line num="8" count="56" type="stmt"/>
          <line num="9" count="16" type="cond" truecount="2" falsecount="0"/>
          <line num="11" count="12" type="cond" truecount="1" falsecount="1"/>
          <line num="13" count="1" type="stmt"/>
          <line num="14" count="0" type="stmt"/>
          <line num="15" count="0" type="cond" truecount="0" falsecount="2"/>
          <line num="18" count="1" type="stmt"/>
          <line num="19" count="0" type="cond" truecount="0" falsecount="2"/>
          <line num="23" count="1" type="stmt"/>
          <line num="24" count="0" type="stmt"/>
          <line num="25" count="0" type="cond" truecount="0" falsecount="2"/>
          <line num="30" count="1" type="stmt"/>
          <line num="31" count="0" type="stmt"/>
          <line num="32" count="0" type="stmt"/>
          <line num="33" count="0" type="cond" truecount="0" falsecount="2"/>
          <line num="38" count="1" type="cond" truecount="0" falsecount="1"/>
          <line num="39" count="0" type="stmt"/>
          <line num="40" count="0" type="stmt"/>
          <line num="41" count="0" type="cond" truecount="0" falsecount="2"/>
        </file>
      </package>
      <package name="components.icons">
        <metrics statements="220" coveredstatements="0" conditionals="12" coveredconditionals="0" methods="52" coveredmethods="0"/>
        <file name="BussinessIcon.js" path="/Users/richardmoss/Projects/reactjs.academy-react/src/components/icons/BussinessIcon.js">
          <metrics statements="4" coveredstatements="0" conditionals="0" coveredconditionals="0" methods="1" coveredmethods="0"/>
          <line num="1" count="0" type="stmt"/>
          <line num="2" count="0" type="stmt"/>
          <line num="3" count="0" type="stmt"/>
          <line num="5" count="0" type="stmt"/>
        </file>
        <file name="BussinessIcon.stories.js" path="/Users/richardmoss/Projects/reactjs.academy-react/src/components/icons/BussinessIcon.stories.js">
          <metrics statements="4" coveredstatements="0" conditionals="0" coveredconditionals="0" methods="1" coveredmethods="0"/>
          <line num="1" count="0" type="stmt"/>
          <line num="2" count="0" type="stmt"/>
          <line num="3" count="0" type="stmt"/>
          <line num="5" count="0" type="stmt"/>
        </file>
        <file name="CalendarIcon.js" path="/Users/richardmoss/Projects/reactjs.academy-react/src/components/icons/CalendarIcon.js">
          <metrics statements="4" coveredstatements="0" conditionals="0" coveredconditionals="0" methods="1" coveredmethods="0"/>
          <line num="1" count="0" type="stmt"/>
          <line num="2" count="0" type="stmt"/>
          <line num="3" count="0" type="stmt"/>
          <line num="5" count="0" type="stmt"/>
        </file>
        <file name="CalendarIcon.stories.js" path="/Users/richardmoss/Projects/reactjs.academy-react/src/components/icons/CalendarIcon.stories.js">
          <metrics statements="4" coveredstatements="0" conditionals="0" coveredconditionals="0" methods="1" coveredmethods="0"/>
          <line num="1" count="0" type="stmt"/>
          <line num="2" count="0" type="stmt"/>
          <line num="3" count="0" type="stmt"/>
          <line num="5" count="0" type="stmt"/>
        </file>
        <file name="CodeIcon.js" path="/Users/richardmoss/Projects/reactjs.academy-react/src/components/icons/CodeIcon.js">
          <metrics statements="4" coveredstatements="0" conditionals="0" coveredconditionals="0" methods="1" coveredmethods="0"/>
          <line num="1" count="0" type="stmt"/>
          <line num="2" count="0" type="stmt"/>
          <line num="3" count="0" type="stmt"/>
          <line num="5" count="0" type="stmt"/>
        </file>
        <file name="CodeIcon.stories.js" path="/Users/richardmoss/Projects/reactjs.academy-react/src/components/icons/CodeIcon.stories.js">
          <metrics statements="4" coveredstatements="0" conditionals="0" coveredconditionals="0" methods="1" coveredmethods="0"/>
          <line num="1" count="0" type="stmt"/>
          <line num="2" count="0" type="stmt"/>
          <line num="3" count="0" type="stmt"/>
          <line num="5" count="0" type="stmt"/>
        </file>
        <file name="CollabsIcon.js" path="/Users/richardmoss/Projects/reactjs.academy-react/src/components/icons/CollabsIcon.js">
          <metrics statements="4" coveredstatements="0" conditionals="0" coveredconditionals="0" methods="1" coveredmethods="0"/>
          <line num="1" count="0" type="stmt"/>
          <line num="2" count="0" type="stmt"/>
          <line num="3" count="0" type="stmt"/>
          <line num="5" count="0" type="stmt"/>
        </file>
        <file name="CollabsIcon.stories.js" path="/Users/richardmoss/Projects/reactjs.academy-react/src/components/icons/CollabsIcon.stories.js">
          <metrics statements="4" coveredstatements="0" conditionals="0" coveredconditionals="0" methods="1" coveredmethods="0"/>
          <line num="1" count="0" type="stmt"/>
          <line num="2" count="0" type="stmt"/>
          <line num="3" count="0" type="stmt"/>
          <line num="5" count="0" type="stmt"/>
        </file>
        <file name="DiscussIcon.js" path="/Users/richardmoss/Projects/reactjs.academy-react/src/components/icons/DiscussIcon.js">
          <metrics statements="2" coveredstatements="0" conditionals="0" coveredconditionals="0" methods="1" coveredmethods="0"/>
          <line num="1" count="0" type="stmt"/>
          <line num="3" count="0" type="stmt"/>
        </file>
        <file name="DisscussIcon.stories.js" path="/Users/richardmoss/Projects/reactjs.academy-react/src/components/icons/DisscussIcon.stories.js">
          <metrics statements="4" coveredstatements="0" conditionals="0" coveredconditionals="0" methods="1" coveredmethods="0"/>
          <line num="1" count="0" type="stmt"/>
          <line num="2" count="0" type="stmt"/>
          <line num="3" count="0" type="stmt"/>
          <line num="5" count="0" type="stmt"/>
        </file>
        <file name="EnterMindIcon.js" path="/Users/richardmoss/Projects/reactjs.academy-react/src/components/icons/EnterMindIcon.js">
          <metrics statements="4" coveredstatements="0" conditionals="0" coveredconditionals="0" methods="1" coveredmethods="0"/>
          <line num="1" count="0" type="stmt"/>
          <line num="2" count="0" type="stmt"/>
          <line num="3" count="0" type="stmt"/>
          <line num="5" count="0" type="stmt"/>
        </file>
        <file name="EnterMindIcon.stories.js" path="/Users/richardmoss/Projects/reactjs.academy-react/src/components/icons/EnterMindIcon.stories.js">
          <metrics statements="4" coveredstatements="0" conditionals="0" coveredconditionals="0" methods="1" coveredmethods="0"/>
          <line num="1" count="0" type="stmt"/>
          <line num="2" count="0" type="stmt"/>
          <line num="3" count="0" type="stmt"/>
          <line num="5" count="0" type="stmt"/>
        </file>
        <file name="FacebookIcon.js" path="/Users/richardmoss/Projects/reactjs.academy-react/src/components/icons/FacebookIcon.js">
          <metrics statements="4" coveredstatements="0" conditionals="2" coveredconditionals="0" methods="1" coveredmethods="0"/>
          <line num="1" count="0" type="stmt"/>
          <line num="3" count="0" type="stmt"/>
          <line num="4" count="0" type="cond" truecount="0" falsecount="2"/>
          <line num="5" count="0" type="stmt"/>
        </file>
        <file name="FacebookIcon.stories.js" path="/Users/richardmoss/Projects/reactjs.academy-react/src/components/icons/FacebookIcon.stories.js">
          <metrics statements="4" coveredstatements="0" conditionals="0" coveredconditionals="0" methods="1" coveredmethods="0"/>
          <line num="1" count="0" type="stmt"/>
          <line num="2" count="0" type="stmt"/>
          <line num="3" count="0" type="stmt"/>
          <line num="5" count="0" type="stmt"/>
        </file>
        <file name="GithubIcon.js" path="/Users/richardmoss/Projects/reactjs.academy-react/src/components/icons/GithubIcon.js">
          <metrics statements="4" coveredstatements="0" conditionals="2" coveredconditionals="0" methods="1" coveredmethods="0"/>
          <line num="1" count="0" type="stmt"/>
          <line num="3" count="0" type="stmt"/>
          <line num="4" count="0" type="cond" truecount="0" falsecount="2"/>
          <line num="5" count="0" type="stmt"/>
        </file>
        <file name="GithubIcon.stories.js" path="/Users/richardmoss/Projects/reactjs.academy-react/src/components/icons/GithubIcon.stories.js">
          <metrics statements="4" coveredstatements="0" conditionals="0" coveredconditionals="0" methods="1" coveredmethods="0"/>
          <line num="1" count="0" type="stmt"/>
          <line num="2" count="0" type="stmt"/>
          <line num="3" count="0" type="stmt"/>
          <line num="5" count="0" type="stmt"/>
        </file>
        <file name="HeartIcon.js" path="/Users/richardmoss/Projects/reactjs.academy-react/src/components/icons/HeartIcon.js">
          <metrics statements="2" coveredstatements="0" conditionals="0" coveredconditionals="0" methods="1" coveredmethods="0"/>
          <line num="1" count="0" type="stmt"/>
          <line num="3" count="0" type="stmt"/>
        </file>
        <file name="HeartIcon.stories.js" path="/Users/richardmoss/Projects/reactjs.academy-react/src/components/icons/HeartIcon.stories.js">
          <metrics statements="4" coveredstatements="0" conditionals="0" coveredconditionals="0" methods="1" coveredmethods="0"/>
          <line num="1" count="0" type="stmt"/>
          <line num="2" count="0" type="stmt"/>
          <line num="3" count="0" type="stmt"/>
          <line num="5" count="0" type="stmt"/>
        </file>
        <file name="InstagramIcon.js" path="/Users/richardmoss/Projects/reactjs.academy-react/src/components/icons/InstagramIcon.js">
          <metrics statements="4" coveredstatements="0" conditionals="2" coveredconditionals="0" methods="1" coveredmethods="0"/>
          <line num="1" count="0" type="stmt"/>
          <line num="3" count="0" type="stmt"/>
          <line num="4" count="0" type="cond" truecount="0" falsecount="2"/>
          <line num="5" count="0" type="stmt"/>
        </file>
        <file name="InstagramIcon.stories.js" path="/Users/richardmoss/Projects/reactjs.academy-react/src/components/icons/InstagramIcon.stories.js">
          <metrics statements="4" coveredstatements="0" conditionals="0" coveredconditionals="0" methods="1" coveredmethods="0"/>
          <line num="1" count="0" type="stmt"/>
          <line num="2" count="0" type="stmt"/>
          <line num="3" count="0" type="stmt"/>
          <line num="5" count="0" type="stmt"/>
        </file>
        <file name="LinkedinIcon.js" path="/Users/richardmoss/Projects/reactjs.academy-react/src/components/icons/LinkedinIcon.js">
          <metrics statements="4" coveredstatements="0" conditionals="2" coveredconditionals="0" methods="1" coveredmethods="0"/>
          <line num="1" count="0" type="stmt"/>
          <line num="3" count="0" type="stmt"/>
          <line num="4" count="0" type="cond" truecount="0" falsecount="2"/>
          <line num="5" count="0" type="stmt"/>
        </file>
        <file name="LinkedinIcon.stories.js" path="/Users/richardmoss/Projects/reactjs.academy-react/src/components/icons/LinkedinIcon.stories.js">
          <metrics statements="4" coveredstatements="0" conditionals="0" coveredconditionals="0" methods="1" coveredmethods="0"/>
          <line num="1" count="0" type="stmt"/>
          <line num="2" count="0" type="stmt"/>
          <line num="3" count="0" type="stmt"/>
          <line num="5" count="0" type="stmt"/>
        </file>
        <file name="NotBegginerIcon.js" path="/Users/richardmoss/Projects/reactjs.academy-react/src/components/icons/NotBegginerIcon.js">
          <metrics statements="4" coveredstatements="0" conditionals="0" coveredconditionals="0" methods="1" coveredmethods="0"/>
          <line num="1" count="0" type="stmt"/>
          <line num="2" count="0" type="stmt"/>
          <line num="3" count="0" type="stmt"/>
          <line num="5" count="0" type="stmt"/>
        </file>
        <file name="NotBegginerIcon.stories.js" path="/Users/richardmoss/Projects/reactjs.academy-react/src/components/icons/NotBegginerIcon.stories.js">
          <metrics statements="4" coveredstatements="0" conditionals="0" coveredconditionals="0" methods="1" coveredmethods="0"/>
          <line num="1" count="0" type="stmt"/>
          <line num="2" count="0" type="stmt"/>
          <line num="3" count="0" type="stmt"/>
          <line num="5" count="0" type="stmt"/>
        </file>
        <file name="NotBegginersIcon.js" path="/Users/richardmoss/Projects/reactjs.academy-react/src/components/icons/NotBegginersIcon.js">
          <metrics statements="4" coveredstatements="0" conditionals="0" coveredconditionals="0" methods="1" coveredmethods="0"/>
          <line num="1" count="0" type="stmt"/>
          <line num="2" count="0" type="stmt"/>
          <line num="3" count="0" type="stmt"/>
          <line num="5" count="0" type="stmt"/>
        </file>
        <file name="NotBegginersIcon.stories.js" path="/Users/richardmoss/Projects/reactjs.academy-react/src/components/icons/NotBegginersIcon.stories.js">
          <metrics statements="4" coveredstatements="0" conditionals="0" coveredconditionals="0" methods="1" coveredmethods="0"/>
          <line num="1" count="0" type="stmt"/>
          <line num="2" count="0" type="stmt"/>
          <line num="3" count="0" type="stmt"/>
          <line num="5" count="0" type="stmt"/>
        </file>
        <file name="PeopleNetWorkIcon.js" path="/Users/richardmoss/Projects/reactjs.academy-react/src/components/icons/PeopleNetWorkIcon.js">
          <metrics statements="2" coveredstatements="0" conditionals="0" coveredconditionals="0" methods="1" coveredmethods="0"/>
          <line num="1" count="0" type="stmt"/>
          <line num="3" count="0" type="stmt"/>
        </file>
        <file name="PeopleNetWorkIcon.stories.js" path="/Users/richardmoss/Projects/reactjs.academy-react/src/components/icons/PeopleNetWorkIcon.stories.js">
          <metrics statements="4" coveredstatements="0" conditionals="0" coveredconditionals="0" methods="1" coveredmethods="0"/>
          <line num="1" count="0" type="stmt"/>
          <line num="2" count="0" type="stmt"/>
          <line num="3" count="0" type="stmt"/>
          <line num="5" count="0" type="stmt"/>
        </file>
        <file name="ProductionReadyIcon.js" path="/Users/richardmoss/Projects/reactjs.academy-react/src/components/icons/ProductionReadyIcon.js">
          <metrics statements="4" coveredstatements="0" conditionals="0" coveredconditionals="0" methods="1" coveredmethods="0"/>
          <line num="1" count="0" type="stmt"/>
          <line num="2" count="0" type="stmt"/>
          <line num="3" count="0" type="stmt"/>
          <line num="5" count="0" type="stmt"/>
        </file>
        <file name="ProductionReadyIcon.stories.js" path="/Users/richardmoss/Projects/reactjs.academy-react/src/components/icons/ProductionReadyIcon.stories.js">
          <metrics statements="4" coveredstatements="0" conditionals="0" coveredconditionals="0" methods="1" coveredmethods="0"/>
          <line num="1" count="0" type="stmt"/>
          <line num="2" count="0" type="stmt"/>
          <line num="3" count="0" type="stmt"/>
          <line num="5" count="0" type="stmt"/>
        </file>
        <file name="ReactIcon.js" path="/Users/richardmoss/Projects/reactjs.academy-react/src/components/icons/ReactIcon.js">
          <metrics statements="2" coveredstatements="0" conditionals="0" coveredconditionals="0" methods="1" coveredmethods="0"/>
          <line num="1" count="0" type="stmt"/>
          <line num="3" count="0" type="stmt"/>
        </file>
        <file name="ReactIcon.stories.js" path="/Users/richardmoss/Projects/reactjs.academy-react/src/components/icons/ReactIcon.stories.js">
          <metrics statements="4" coveredstatements="0" conditionals="0" coveredconditionals="0" methods="1" coveredmethods="0"/>
          <line num="1" count="0" type="stmt"/>
          <line num="2" count="0" type="stmt"/>
          <line num="3" count="0" type="stmt"/>
          <line num="5" count="0" type="stmt"/>
        </file>
        <file name="RunFastIcon.js" path="/Users/richardmoss/Projects/reactjs.academy-react/src/components/icons/RunFastIcon.js">
          <metrics statements="4" coveredstatements="0" conditionals="0" coveredconditionals="0" methods="1" coveredmethods="0"/>
          <line num="1" count="0" type="stmt"/>
          <line num="2" count="0" type="stmt"/>
          <line num="3" count="0" type="stmt"/>
          <line num="5" count="0" type="stmt"/>
        </file>
        <file name="RunFastIcon.stories.js" path="/Users/richardmoss/Projects/reactjs.academy-react/src/components/icons/RunFastIcon.stories.js">
          <metrics statements="4" coveredstatements="0" conditionals="0" coveredconditionals="0" methods="1" coveredmethods="0"/>
          <line num="1" count="0" type="stmt"/>
          <line num="2" count="0" type="stmt"/>
          <line num="3" count="0" type="stmt"/>
          <line num="5" count="0" type="stmt"/>
        </file>
        <file name="SpannerIcon.js" path="/Users/richardmoss/Projects/reactjs.academy-react/src/components/icons/SpannerIcon.js">
          <metrics statements="4" coveredstatements="0" conditionals="0" coveredconditionals="0" methods="1" coveredmethods="0"/>
          <line num="1" count="0" type="stmt"/>
          <line num="2" count="0" type="stmt"/>
          <line num="3" count="0" type="stmt"/>
          <line num="5" count="0" type="stmt"/>
        </file>
        <file name="SpannerIcon.stories.js" path="/Users/richardmoss/Projects/reactjs.academy-react/src/components/icons/SpannerIcon.stories.js">
          <metrics statements="4" coveredstatements="0" conditionals="0" coveredconditionals="0" methods="1" coveredmethods="0"/>
          <line num="1" count="0" type="stmt"/>
          <line num="2" count="0" type="stmt"/>
          <line num="3" count="0" type="stmt"/>
          <line num="5" count="0" type="stmt"/>
        </file>
        <file name="StarIcon.js" path="/Users/richardmoss/Projects/reactjs.academy-react/src/components/icons/StarIcon.js">
          <metrics statements="4" coveredstatements="0" conditionals="0" coveredconditionals="0" methods="1" coveredmethods="0"/>
          <line num="1" count="0" type="stmt"/>
          <line num="2" count="0" type="stmt"/>
          <line num="3" count="0" type="stmt"/>
          <line num="5" count="0" type="stmt"/>
        </file>
        <file name="StarIcon.stories.js" path="/Users/richardmoss/Projects/reactjs.academy-react/src/components/icons/StarIcon.stories.js">
          <metrics statements="4" coveredstatements="0" conditionals="0" coveredconditionals="0" methods="1" coveredmethods="0"/>
          <line num="1" count="0" type="stmt"/>
          <line num="2" count="0" type="stmt"/>
          <line num="3" count="0" type="stmt"/>
          <line num="5" count="0" type="stmt"/>
        </file>
        <file name="TargetIcon.js" path="/Users/richardmoss/Projects/reactjs.academy-react/src/components/icons/TargetIcon.js">
          <metrics statements="4" coveredstatements="0" conditionals="0" coveredconditionals="0" methods="1" coveredmethods="0"/>
          <line num="1" count="0" type="stmt"/>
          <line num="2" count="0" type="stmt"/>
          <line num="3" count="0" type="stmt"/>
          <line num="5" count="0" type="stmt"/>
        </file>
        <file name="TargetIcon.stories.js" path="/Users/richardmoss/Projects/reactjs.academy-react/src/components/icons/TargetIcon.stories.js">
          <metrics statements="4" coveredstatements="0" conditionals="0" coveredconditionals="0" methods="1" coveredmethods="0"/>
          <line num="1" count="0" type="stmt"/>
          <line num="2" count="0" type="stmt"/>
          <line num="3" count="0" type="stmt"/>
          <line num="5" count="0" type="stmt"/>
        </file>
        <file name="TickBadgeIcon.js" path="/Users/richardmoss/Projects/reactjs.academy-react/src/components/icons/TickBadgeIcon.js">
          <metrics statements="4" coveredstatements="0" conditionals="0" coveredconditionals="0" methods="1" coveredmethods="0"/>
          <line num="1" count="0" type="stmt"/>
          <line num="2" count="0" type="stmt"/>
          <line num="3" count="0" type="stmt"/>
          <line num="5" count="0" type="stmt"/>
        </file>
        <file name="TickBadgeIcon.stories.js" path="/Users/richardmoss/Projects/reactjs.academy-react/src/components/icons/TickBadgeIcon.stories.js">
          <metrics statements="4" coveredstatements="0" conditionals="0" coveredconditionals="0" methods="1" coveredmethods="0"/>
          <line num="1" count="0" type="stmt"/>
          <line num="2" count="0" type="stmt"/>
          <line num="3" count="0" type="stmt"/>
          <line num="5" count="0" type="stmt"/>
        </file>
        <file name="TimeIcon.js" path="/Users/richardmoss/Projects/reactjs.academy-react/src/components/icons/TimeIcon.js">
          <metrics statements="4" coveredstatements="0" conditionals="0" coveredconditionals="0" methods="1" coveredmethods="0"/>
          <line num="1" count="0" type="stmt"/>
          <line num="2" count="0" type="stmt"/>
          <line num="3" count="0" type="stmt"/>
          <line num="5" count="0" type="stmt"/>
        </file>
        <file name="TimeIcon.stories.js" path="/Users/richardmoss/Projects/reactjs.academy-react/src/components/icons/TimeIcon.stories.js">
          <metrics statements="4" coveredstatements="0" conditionals="0" coveredconditionals="0" methods="1" coveredmethods="0"/>
          <line num="1" count="0" type="stmt"/>
          <line num="2" count="0" type="stmt"/>
          <line num="3" count="0" type="stmt"/>
          <line num="5" count="0" type="stmt"/>
        </file>
        <file name="TrainerIcon.js" path="/Users/richardmoss/Projects/reactjs.academy-react/src/components/icons/TrainerIcon.js">
          <metrics statements="4" coveredstatements="0" conditionals="0" coveredconditionals="0" methods="1" coveredmethods="0"/>
          <line num="1" count="0" type="stmt"/>
          <line num="2" count="0" type="stmt"/>
          <line num="3" count="0" type="stmt"/>
          <line num="5" count="0" type="stmt"/>
        </file>
        <file name="TrainerIon.stories.js" path="/Users/richardmoss/Projects/reactjs.academy-react/src/components/icons/TrainerIon.stories.js">
          <metrics statements="4" coveredstatements="0" conditionals="0" coveredconditionals="0" methods="1" coveredmethods="0"/>
          <line num="1" count="0" type="stmt"/>
          <line num="2" count="0" type="stmt"/>
          <line num="3" count="0" type="stmt"/>
          <line num="5" count="0" type="stmt"/>
        </file>
        <file name="TwitterIcon.js" path="/Users/richardmoss/Projects/reactjs.academy-react/src/components/icons/TwitterIcon.js">
          <metrics statements="4" coveredstatements="0" conditionals="2" coveredconditionals="0" methods="1" coveredmethods="0"/>
          <line num="1" count="0" type="stmt"/>
          <line num="3" count="0" type="stmt"/>
          <line num="4" count="0" type="cond" truecount="0" falsecount="2"/>
          <line num="5" count="0" type="stmt"/>
        </file>
        <file name="TwitterIcon.stories.js" path="/Users/richardmoss/Projects/reactjs.academy-react/src/components/icons/TwitterIcon.stories.js">
          <metrics statements="4" coveredstatements="0" conditionals="0" coveredconditionals="0" methods="1" coveredmethods="0"/>
          <line num="1" count="0" type="stmt"/>
          <line num="2" count="0" type="stmt"/>
          <line num="3" count="0" type="stmt"/>
          <line num="5" count="0" type="stmt"/>
        </file>
        <file name="WorldIcon.js" path="/Users/richardmoss/Projects/reactjs.academy-react/src/components/icons/WorldIcon.js">
          <metrics statements="2" coveredstatements="0" conditionals="0" coveredconditionals="0" methods="1" coveredmethods="0"/>
          <line num="1" count="0" type="stmt"/>
          <line num="3" count="0" type="stmt"/>
        </file>
        <file name="WorldIcon.stories.js" path="/Users/richardmoss/Projects/reactjs.academy-react/src/components/icons/WorldIcon.stories.js">
          <metrics statements="4" coveredstatements="0" conditionals="0" coveredconditionals="0" methods="1" coveredmethods="0"/>
          <line num="1" count="0" type="stmt"/>
          <line num="2" count="0" type="stmt"/>
          <line num="3" count="0" type="stmt"/>
          <line num="5" count="0" type="stmt"/>
        </file>
        <file name="index.js" path="/Users/richardmoss/Projects/reactjs.academy-react/src/components/icons/index.js">
          <metrics statements="30" coveredstatements="0" conditionals="2" coveredconditionals="0" methods="2" coveredmethods="0"/>
          <line num="1" count="0" type="stmt"/>
          <line num="2" count="0" type="stmt"/>
          <line num="3" count="0" type="stmt"/>
          <line num="4" count="0" type="stmt"/>
          <line num="5" count="0" type="stmt"/>
          <line num="6" count="0" type="stmt"/>
          <line num="7" count="0" type="stmt"/>
          <line num="8" count="0" type="stmt"/>
          <line num="9" count="0" type="stmt"/>
          <line num="10" count="0" type="stmt"/>
          <line num="11" count="0" type="stmt"/>
          <line num="12" count="0" type="stmt"/>
          <line num="13" count="0" type="stmt"/>
          <line num="14" count="0" type="stmt"/>
          <line num="15" count="0" type="stmt"/>
          <line num="16" count="0" type="stmt"/>
          <line num="17" count="0" type="stmt"/>
          <line num="18" count="0" type="stmt"/>
          <line num="19" count="0" type="stmt"/>
          <line num="20" count="0" type="stmt"/>
          <line num="21" count="0" type="stmt"/>
          <line num="22" count="0" type="stmt"/>
          <line num="23" count="0" type="stmt"/>
          <line num="24" count="0" type="stmt"/>
          <line num="26" count="0" type="stmt"/>
          <line num="27" count="0" type="stmt"/>
          <line num="29" count="0" type="stmt"/>
          <line num="33" count="0" type="stmt"/>
          <line num="53" count="0" type="stmt"/>
          <line num="57" count="0" type="stmt"/>
        </file>
      </package>
      <package name="components.layout">
        <metrics statements="88" coveredstatements="9" conditionals="54" coveredconditionals="14" methods="15" coveredmethods="1"/>
        <file name="CallToActionNextTrainings.js" path="/Users/richardmoss/Projects/reactjs.academy-react/src/components/layout/CallToActionNextTrainings.js">
          <metrics statements="11" coveredstatements="0" conditionals="6" coveredconditionals="0" methods="3" coveredmethods="0"/>
          <line num="1" count="0" type="stmt"/>
          <line num="2" count="0" type="stmt"/>
          <line num="3" count="0" type="stmt"/>
          <line num="4" count="0" type="stmt"/>
          <line num="5" count="0" type="stmt"/>
          <line num="6" count="0" type="stmt"/>
          <line num="8" count="0" type="stmt"/>
          <line num="9" count="0" type="cond" truecount="0" falsecount="2"/>
          <line num="24" count="0" type="cond" truecount="0" falsecount="2"/>
          <line num="27" count="0" type="stmt"/>
          <line num="28" count="0" type="stmt"/>
        </file>
        <file name="Footer.js" path="/Users/richardmoss/Projects/reactjs.academy-react/src/components/layout/Footer.js">
          <metrics statements="16" coveredstatements="0" conditionals="0" coveredconditionals="0" methods="1" coveredmethods="0"/>
          <line num="1" count="0" type="stmt"/>
          <line num="2" count="0" type="stmt"/>
          <line num="4" count="0" type="stmt"/>
          <line num="5" count="0" type="stmt"/>
          <line num="6" count="0" type="stmt"/>
          <line num="7" count="0" type="stmt"/>
          <line num="8" count="0" type="stmt"/>
          <line num="9" count="0" type="stmt"/>
          <line num="10" count="0" type="stmt"/>
          <line num="11" count="0" type="stmt"/>
          <line num="12" count="0" type="stmt"/>
          <line num="14" count="0" type="stmt"/>
          <line num="30" count="0" type="stmt"/>
          <line num="36" count="0" type="stmt"/>
          <line num="42" count="0" type="stmt"/>
          <line num="45" count="0" type="stmt"/>
        </file>
        <file name="Grid.js" path="/Users/richardmoss/Projects/reactjs.academy-react/src/components/layout/Grid.js">
          <metrics statements="9" coveredstatements="7" conditionals="19" coveredconditionals="14" methods="1" coveredmethods="1"/>
          <line num="4" count="1" type="cond" truecount="1" falsecount="0"/>
          <line num="5" count="138" type="stmt"/>
          <line num="12" count="138" type="cond" truecount="1" falsecount="1"/>
          <line num="13" count="0" type="stmt"/>
          <line num="14" count="0" type="stmt"/>
          <line num="17" count="138" type="cond" truecount="2" falsecount="0"/>
          <line num="18" count="14" type="stmt"/>
          <line num="19" count="14" type="stmt"/>
          <line num="22" count="138" type="stmt"/>
        </file>
        <file name="Header.js" path="/Users/richardmoss/Projects/reactjs.academy-react/src/components/layout/Header.js">
          <metrics statements="34" coveredstatements="0" conditionals="17" coveredconditionals="0" methods="5" coveredmethods="0"/>
          <line num="1" count="0" type="stmt"/>
          <line num="2" count="0" type="stmt"/>
          <line num="3" count="0" type="stmt"/>
          <line num="4" count="0" type="stmt"/>
          <line num="5" count="0" type="stmt"/>
          <line num="6" count="0" type="stmt"/>
          <line num="7" count="0" type="stmt"/>
          <line num="8" count="0" type="stmt"/>
          <line num="16" count="0" type="stmt"/>
          <line num="17" count="0" type="stmt"/>
          <line num="18" count="0" type="stmt"/>
          <line num="27" count="0" type="stmt"/>
          <line num="45" count="0" type="stmt"/>
          <line num="56" count="0" type="stmt"/>
          <line num="57" count="0" type="stmt"/>
          <line num="58" count="0" type="stmt"/>
          <line num="60" count="0" type="stmt"/>
          <line num="62" count="0" type="stmt"/>
          <line num="64" count="0" type="stmt"/>
          <line num="66" count="0" type="stmt"/>
          <line num="68" count="0" type="stmt"/>
          <line num="70" count="0" type="stmt"/>
          <line num="72" count="0" type="stmt"/>
          <line num="76" count="0" type="stmt"/>
          <line num="77" count="0" type="stmt"/>
          <line num="101" count="0" type="stmt"/>
          <line num="109" count="0" type="stmt"/>
          <line num="114" count="0" type="stmt"/>
          <line num="124" count="0" type="stmt"/>
          <line num="134" count="0" type="stmt"/>
          <line num="161" count="0" type="cond" truecount="0" falsecount="4"/>
          <line num="167" count="0" type="stmt"/>
          <line num="186" count="0" type="stmt"/>
          <line num="202" count="0" type="stmt"/>
        </file>
        <file name="Section.js" path="/Users/richardmoss/Projects/reactjs.academy-react/src/components/layout/Section.js">
          <metrics statements="14" coveredstatements="0" conditionals="8" coveredconditionals="0" methods="3" coveredmethods="0"/>
          <line num="1" count="0" type="stmt"/>
          <line num="2" count="0" type="stmt"/>
          <line num="3" count="0" type="stmt"/>
          <line num="4" count="0" type="stmt"/>
          <line num="6" count="0" type="stmt"/>
          <line num="7" count="0" type="cond" truecount="0" falsecount="2"/>
          <line num="15" count="0" type="cond" truecount="0" falsecount="2"/>
          <line num="16" count="0" type="stmt"/>
          <line num="21" count="0" type="cond" truecount="0" falsecount="2"/>
          <line num="22" count="0" type="stmt"/>
          <line num="31" count="0" type="stmt"/>
          <line num="33" count="0" type="stmt"/>
          <line num="36" count="0" type="cond" truecount="0" falsecount="2"/>
          <line num="40" count="0" type="stmt"/>
        </file>
        <file name="Ul.js" path="/Users/richardmoss/Projects/reactjs.academy-react/src/components/layout/Ul.js">
          <metrics statements="4" coveredstatements="2" conditionals="4" coveredconditionals="0" methods="2" coveredmethods="0"/>
          <line num="5" count="1" type="stmt"/>
          <line num="7" count="0" type="cond" truecount="0" falsecount="2"/>
          <line num="15" count="0" type="cond" truecount="0" falsecount="2"/>
          <line num="36" count="1" type="stmt"/>
        </file>
      </package>
      <package name="components.logos">
        <metrics statements="87" coveredstatements="24" conditionals="14" coveredconditionals="0" methods="26" coveredmethods="0"/>
        <file name="ASOS.js" path="/Users/richardmoss/Projects/reactjs.academy-react/src/components/logos/ASOS.js">
          <metrics statements="3" coveredstatements="2" conditionals="1" coveredconditionals="0" methods="1" coveredmethods="0"/>
          <line num="7" count="1" type="cond" truecount="0" falsecount="1"/>
          <line num="8" count="0" type="stmt"/>
          <line num="22" count="1" type="stmt"/>
        </file>
        <file name="ASOS.stories.js" path="/Users/richardmoss/Projects/reactjs.academy-react/src/components/logos/ASOS.stories.js">
          <metrics statements="4" coveredstatements="0" conditionals="0" coveredconditionals="0" methods="1" coveredmethods="0"/>
          <line num="1" count="0" type="stmt"/>
          <line num="2" count="0" type="stmt"/>
          <line num="3" count="0" type="stmt"/>
          <line num="5" count="0" type="stmt"/>
        </file>
        <file name="Blockchain.js" path="/Users/richardmoss/Projects/reactjs.academy-react/src/components/logos/Blockchain.js">
          <metrics statements="3" coveredstatements="2" conditionals="1" coveredconditionals="0" methods="1" coveredmethods="0"/>
          <line num="4" count="1" type="cond" truecount="0" falsecount="1"/>
          <line num="5" count="0" type="stmt"/>
          <line num="89" count="1" type="stmt"/>
        </file>
        <file name="Blockchain.stories.js" path="/Users/richardmoss/Projects/reactjs.academy-react/src/components/logos/Blockchain.stories.js">
          <metrics statements="4" coveredstatements="0" conditionals="0" coveredconditionals="0" methods="1" coveredmethods="0"/>
          <line num="1" count="0" type="stmt"/>
          <line num="2" count="0" type="stmt"/>
          <line num="3" count="0" type="stmt"/>
          <line num="5" count="0" type="stmt"/>
        </file>
        <file name="Capgemini.js" path="/Users/richardmoss/Projects/reactjs.academy-react/src/components/logos/Capgemini.js">
          <metrics statements="3" coveredstatements="2" conditionals="2" coveredconditionals="0" methods="1" coveredmethods="0"/>
          <line num="4" count="1" type="stmt"/>
          <line num="10" count="0" type="stmt"/>
          <line num="29" count="1" type="stmt"/>
        </file>
        <file name="Capgemini.stories.js" path="/Users/richardmoss/Projects/reactjs.academy-react/src/components/logos/Capgemini.stories.js">
          <metrics statements="4" coveredstatements="0" conditionals="0" coveredconditionals="0" methods="1" coveredmethods="0"/>
          <line num="1" count="0" type="stmt"/>
          <line num="2" count="0" type="stmt"/>
          <line num="3" count="0" type="stmt"/>
          <line num="5" count="0" type="stmt"/>
        </file>
        <file name="FinancialTimes.js" path="/Users/richardmoss/Projects/reactjs.academy-react/src/components/logos/FinancialTimes.js">
          <metrics statements="3" coveredstatements="2" conditionals="1" coveredconditionals="0" methods="1" coveredmethods="0"/>
          <line num="4" count="1" type="cond" truecount="0" falsecount="1"/>
          <line num="5" count="0" type="stmt"/>
          <line num="18" count="1" type="stmt"/>
        </file>
        <file name="FinancialTimes.stories.js" path="/Users/richardmoss/Projects/reactjs.academy-react/src/components/logos/FinancialTimes.stories.js">
          <metrics statements="4" coveredstatements="0" conditionals="0" coveredconditionals="0" methods="1" coveredmethods="0"/>
          <line num="1" count="0" type="stmt"/>
          <line num="2" count="0" type="stmt"/>
          <line num="3" count="0" type="stmt"/>
          <line num="5" count="0" type="stmt"/>
        </file>
        <file name="JohnLewis.js" path="/Users/richardmoss/Projects/reactjs.academy-react/src/components/logos/JohnLewis.js">
          <metrics statements="3" coveredstatements="2" conditionals="1" coveredconditionals="0" methods="1" coveredmethods="0"/>
          <line num="4" count="1" type="cond" truecount="0" falsecount="1"/>
          <line num="5" count="0" type="stmt"/>
          <line num="116" count="1" type="stmt"/>
        </file>
        <file name="JohnLewis.stories.js" path="/Users/richardmoss/Projects/reactjs.academy-react/src/components/logos/JohnLewis.stories.js">
          <metrics statements="4" coveredstatements="0" conditionals="0" coveredconditionals="0" methods="1" coveredmethods="0"/>
          <line num="1" count="0" type="stmt"/>
          <line num="2" count="0" type="stmt"/>
          <line num="3" count="0" type="stmt"/>
          <line num="5" count="0" type="stmt"/>
        </file>
        <file name="LeanJS.js" path="/Users/richardmoss/Projects/reactjs.academy-react/src/components/logos/LeanJS.js">
          <metrics statements="2" coveredstatements="1" conditionals="2" coveredconditionals="0" methods="1" coveredmethods="0"/>
          <line num="3" count="1" type="stmt"/>
          <line num="4" count="0" type="stmt"/>
        </file>
        <file name="MadeCom.js" path="/Users/richardmoss/Projects/reactjs.academy-react/src/components/logos/MadeCom.js">
          <metrics statements="2" coveredstatements="1" conditionals="0" coveredconditionals="0" methods="1" coveredmethods="0"/>
          <line num="5" count="1" type="stmt"/>
          <line num="6" count="0" type="stmt"/>
        </file>
        <file name="MadeCom.stories.js" path="/Users/richardmoss/Projects/reactjs.academy-react/src/components/logos/MadeCom.stories.js">
          <metrics statements="4" coveredstatements="0" conditionals="0" coveredconditionals="0" methods="1" coveredmethods="0"/>
          <line num="1" count="0" type="stmt"/>
          <line num="2" count="0" type="stmt"/>
          <line num="3" count="0" type="stmt"/>
          <line num="5" count="0" type="stmt"/>
        </file>
        <file name="RJSALogo.js" path="/Users/richardmoss/Projects/reactjs.academy-react/src/components/logos/RJSALogo.js">
          <metrics statements="5" coveredstatements="3" conditionals="0" coveredconditionals="0" methods="2" coveredmethods="0"/>
          <line num="5" count="1" type="stmt"/>
          <line num="6" count="0" type="stmt"/>
          <line num="27" count="1" type="stmt"/>
          <line num="37" count="1" type="stmt"/>
          <line num="38" count="0" type="stmt"/>
        </file>
        <file name="RJSALogo.stories.js" path="/Users/richardmoss/Projects/reactjs.academy-react/src/components/logos/RJSALogo.stories.js">
          <metrics statements="5" coveredstatements="0" conditionals="0" coveredconditionals="0" methods="1" coveredmethods="0"/>
          <line num="1" count="0" type="stmt"/>
          <line num="2" count="0" type="stmt"/>
          <line num="3" count="0" type="stmt"/>
          <line num="5" count="0" type="stmt"/>
          <line num="7" count="0" type="stmt"/>
        </file>
        <file name="ReactLogo.js" path="/Users/richardmoss/Projects/reactjs.academy-react/src/components/logos/ReactLogo.js">
          <metrics statements="2" coveredstatements="1" conditionals="0" coveredconditionals="0" methods="1" coveredmethods="0"/>
          <line num="3" count="1" type="stmt"/>
          <line num="4" count="0" type="stmt"/>
        </file>
        <file name="ReactLogo.stories.js" path="/Users/richardmoss/Projects/reactjs.academy-react/src/components/logos/ReactLogo.stories.js">
          <metrics statements="4" coveredstatements="0" conditionals="0" coveredconditionals="0" methods="1" coveredmethods="0"/>
          <line num="1" count="0" type="stmt"/>
          <line num="2" count="0" type="stmt"/>
          <line num="3" count="0" type="stmt"/>
          <line num="5" count="0" type="stmt"/>
        </file>
        <file name="SainBurys.js" path="/Users/richardmoss/Projects/reactjs.academy-react/src/components/logos/SainBurys.js">
          <metrics statements="3" coveredstatements="2" conditionals="1" coveredconditionals="0" methods="1" coveredmethods="0"/>
          <line num="4" count="1" type="cond" truecount="0" falsecount="1"/>
          <line num="5" count="0" type="stmt"/>
          <line num="18" count="1" type="stmt"/>
        </file>
        <file name="SainBurys.stories.js" path="/Users/richardmoss/Projects/reactjs.academy-react/src/components/logos/SainBurys.stories.js">
          <metrics statements="4" coveredstatements="0" conditionals="0" coveredconditionals="0" methods="1" coveredmethods="0"/>
          <line num="1" count="0" type="stmt"/>
          <line num="2" count="0" type="stmt"/>
          <line num="3" count="0" type="stmt"/>
          <line num="5" count="0" type="stmt"/>
        </file>
        <file name="Telegraph.js" path="/Users/richardmoss/Projects/reactjs.academy-react/src/components/logos/Telegraph.js">
          <metrics statements="3" coveredstatements="2" conditionals="1" coveredconditionals="0" methods="1" coveredmethods="0"/>
          <line num="4" count="1" type="cond" truecount="0" falsecount="1"/>
          <line num="5" count="0" type="stmt"/>
          <line num="18" count="1" type="stmt"/>
        </file>
        <file name="Telegraph.stories.js" path="/Users/richardmoss/Projects/reactjs.academy-react/src/components/logos/Telegraph.stories.js">
          <metrics statements="4" coveredstatements="0" conditionals="0" coveredconditionals="0" methods="1" coveredmethods="0"/>
          <line num="1" count="0" type="stmt"/>
          <line num="2" count="0" type="stmt"/>
          <line num="3" count="0" type="stmt"/>
          <line num="5" count="0" type="stmt"/>
        </file>
        <file name="Tesco.js" path="/Users/richardmoss/Projects/reactjs.academy-react/src/components/logos/Tesco.js">
          <metrics statements="3" coveredstatements="2" conditionals="3" coveredconditionals="0" methods="1" coveredmethods="0"/>
          <line num="4" count="1" type="stmt"/>
          <line num="11" count="0" type="stmt"/>
          <line num="40" count="1" type="stmt"/>
        </file>
        <file name="Tesco.stories.js" path="/Users/richardmoss/Projects/reactjs.academy-react/src/components/logos/Tesco.stories.js">
          <metrics statements="4" coveredstatements="0" conditionals="0" coveredconditionals="0" methods="1" coveredmethods="0"/>
          <line num="1" count="0" type="stmt"/>
          <line num="2" count="0" type="stmt"/>
          <line num="3" count="0" type="stmt"/>
          <line num="5" count="0" type="stmt"/>
        </file>
        <file name="Trainline.js" path="/Users/richardmoss/Projects/reactjs.academy-react/src/components/logos/Trainline.js">
          <metrics statements="3" coveredstatements="2" conditionals="1" coveredconditionals="0" methods="1" coveredmethods="0"/>
          <line num="4" count="1" type="cond" truecount="0" falsecount="1"/>
          <line num="5" count="0" type="stmt"/>
          <line num="18" count="1" type="stmt"/>
        </file>
        <file name="Trainline.stories.js" path="/Users/richardmoss/Projects/reactjs.academy-react/src/components/logos/Trainline.stories.js">
          <metrics statements="4" coveredstatements="0" conditionals="0" coveredconditionals="0" methods="1" coveredmethods="0"/>
          <line num="1" count="0" type="stmt"/>
          <line num="2" count="0" type="stmt"/>
          <line num="3" count="0" type="stmt"/>
          <line num="5" count="0" type="stmt"/>
        </file>
        <file name="index.js" path="/Users/richardmoss/Projects/reactjs.academy-react/src/components/logos/index.js">
          <metrics statements="0" coveredstatements="0" conditionals="0" coveredconditionals="0" methods="0" coveredmethods="0"/>
        </file>
      </package>
      <package name="components.navigation">
        <metrics statements="50" coveredstatements="28" conditionals="29" coveredconditionals="10" methods="17" coveredmethods="2"/>
        <file name="Breadcrumb.js" path="/Users/richardmoss/Projects/reactjs.academy-react/src/components/navigation/Breadcrumb.js">
          <metrics statements="4" coveredstatements="2" conditionals="6" coveredconditionals="0" methods="2" coveredmethods="0"/>
          <line num="10" count="1" type="stmt"/>
          <line num="42" count="1" type="stmt"/>
          <line num="43" count="0" type="cond" truecount="0" falsecount="4"/>
          <line num="50" count="0" type="cond" truecount="0" falsecount="2"/>
        </file>
        <file name="Link.js" path="/Users/richardmoss/Projects/reactjs.academy-react/src/components/navigation/Link.js">
          <metrics statements="16" coveredstatements="14" conditionals="13" coveredconditionals="10" methods="2" coveredmethods="2"/>
          <line num="8" count="1" type="stmt"/>
          <line num="19" count="1" type="stmt"/>
          <line num="22" count="4" type="stmt"/>
          <line num="40" count="1" type="stmt"/>
          <line num="44" count="1" type="stmt"/>
          <line num="48" count="1" type="cond" truecount="1" falsecount="1"/>
          <line num="49" count="68" type="cond" truecount="3" falsecount="1"/>
          <line num="50" count="0" type="cond" truecount="0" falsecount="1"/>
          <line num="51" count="0" type="stmt"/>
          <line num="56" count="68" type="cond" truecount="4" falsecount="0"/>
          <line num="57" count="2" type="stmt"/>
          <line num="62" count="66" type="cond" truecount="2" falsecount="0"/>
          <line num="63" count="38" type="stmt"/>
          <line num="67" count="28" type="stmt"/>
          <line num="68" count="28" type="stmt"/>
          <line num="69" count="28" type="stmt"/>
        </file>
        <file name="Tabs.js" path="/Users/richardmoss/Projects/reactjs.academy-react/src/components/navigation/Tabs.js">
          <metrics statements="30" coveredstatements="12" conditionals="10" coveredconditionals="0" methods="13" coveredmethods="0"/>
          <line num="7" count="1" type="stmt"/>
          <line num="47" count="1" type="stmt"/>
          <line num="48" count="0" type="stmt"/>
          <line num="50" count="0" type="stmt"/>
          <line num="54" count="0" type="cond" truecount="0" falsecount="2"/>
          <line num="55" count="0" type="stmt"/>
          <line num="63" count="1" type="stmt"/>
          <line num="65" count="1" type="stmt"/>
          <line num="67" count="0" type="cond" truecount="0" falsecount="2"/>
          <line num="90" count="1" type="stmt"/>
          <line num="91" count="0" type="stmt"/>
          <line num="97" count="1" type="stmt"/>
          <line num="99" count="1" type="stmt"/>
          <line num="100" count="0" type="stmt"/>
          <line num="104" count="1" type="stmt"/>
          <line num="106" count="1" type="stmt"/>
          <line num="107" count="0" type="stmt"/>
          <line num="108" count="0" type="stmt"/>
          <line num="113" count="1" type="stmt"/>
          <line num="115" count="1" type="stmt"/>
          <line num="116" count="0" type="cond" truecount="0" falsecount="2"/>
          <line num="118" count="1" type="stmt"/>
          <line num="122" count="0" type="stmt"/>
          <line num="124" count="0" type="stmt"/>
          <line num="130" count="0" type="stmt"/>
          <line num="134" count="0" type="stmt"/>
          <line num="135" count="0" type="stmt"/>
          <line num="136" count="0" type="stmt"/>
          <line num="138" count="0" type="stmt"/>
          <line num="139" count="0" type="stmt"/>
        </file>
        <file name="index.js" path="/Users/richardmoss/Projects/reactjs.academy-react/src/components/navigation/index.js">
          <metrics statements="0" coveredstatements="0" conditionals="0" coveredconditionals="0" methods="0" coveredmethods="0"/>
        </file>
      </package>
      <package name="components.navigation.menu">
        <metrics statements="21" coveredstatements="11" conditionals="4" coveredconditionals="0" methods="8" coveredmethods="0"/>
        <file name="DesktopMenu.js" path="/Users/richardmoss/Projects/reactjs.academy-react/src/components/navigation/menu/DesktopMenu.js">
          <metrics statements="8" coveredstatements="5" conditionals="0" coveredconditionals="0" methods="3" coveredmethods="0"/>
          <line num="9" count="1" type="stmt"/>
          <line num="19" count="1" type="stmt"/>
          <line num="20" count="0" type="stmt"/>
          <line num="25" count="1" type="stmt"/>
          <line num="29" count="1" type="stmt"/>
[...]
          <metrics statements="20" coveredstatements="0" conditionals="14" coveredconditionals="0" methods="1" coveredmethods="0"/>
          <line num="1" count="0" type="stmt"/>
          <line num="2" count="0" type="stmt"/>
          <line num="3" count="0" type="stmt"/>
          <line num="4" count="0" type="stmt"/>
          <line num="5" count="0" type="stmt"/>
          <line num="6" count="0" type="stmt"/>
          <line num="7" count="0" type="stmt"/>
          <line num="8" count="0" type="stmt"/>
          <line num="9" count="0" type="stmt"/>
          <line num="14" count="0" type="stmt"/>
          <line num="15" count="0" type="stmt"/>
          <line num="17" count="0" type="cond" truecount="0" falsecount="2"/>
          <line num="18" count="0" type="cond" truecount="0" falsecount="2"/>
          <line num="20" count="0" type="cond" truecount="0" falsecount="2"/>
          <line num="22" count="0" type="stmt"/>
          <line num="26" count="0" type="stmt"/>
          <line num="33" count="0" type="cond" truecount="0" falsecount="2"/>
          <line num="34" count="0" type="stmt"/>
          <line num="45" count="0" type="stmt"/>
          <line num="83" count="0" type="stmt"/>
        </file>
        <file name="privacy-policy.js" path="/Users/richardmoss/Projects/reactjs.academy-react/src/pages/privacy-policy.js">
          <metrics statements="9" coveredstatements="0" conditionals="0" coveredconditionals="0" methods="1" coveredmethods="0"/>
          <line num="1" count="0" type="stmt"/>
          <line num="2" count="0" type="stmt"/>
          <line num="3" count="0" type="stmt"/>
          <line num="4" count="0" type="stmt"/>
          <line num="5" count="0" type="stmt"/>
          <line num="6" count="0" type="stmt"/>
          <line num="7" count="0" type="stmt"/>
          <line num="8" count="0" type="stmt"/>
          <line num="10" count="0" type="stmt"/>
        </file>
        <file name="react-native-bootcamp-london.js" path="/Users/richardmoss/Projects/reactjs.academy-react/src/pages/react-native-bootcamp-london.js">
          <metrics statements="19" coveredstatements="0" conditionals="0" coveredconditionals="0" methods="1" coveredmethods="0"/>
          <line num="1" count="0" type="stmt"/>
          <line num="2" count="0" type="stmt"/>
          <line num="3" count="0" type="stmt"/>
          <line num="4" count="0" type="stmt"/>
          <line num="5" count="0" type="stmt"/>
          <line num="6" count="0" type="stmt"/>
          <line num="7" count="0" type="stmt"/>
          <line num="8" count="0" type="stmt"/>
          <line num="9" count="0" type="stmt"/>
          <line num="10" count="0" type="stmt"/>
          <line num="11" count="0" type="stmt"/>
          <line num="12" count="0" type="stmt"/>
          <line num="13" count="0" type="stmt"/>
          <line num="21" count="0" type="stmt"/>
          <line num="28" count="0" type="stmt"/>
          <line num="29" count="0" type="stmt"/>
          <line num="30" count="0" type="stmt"/>
          <line num="32" count="0" type="stmt"/>
          <line num="34" count="0" type="stmt"/>
        </file>
        <file name="react-native-bootcamp.js" path="/Users/richardmoss/Projects/reactjs.academy-react/src/pages/react-native-bootcamp.js">
          <metrics statements="17" coveredstatements="0" conditionals="0" coveredconditionals="0" methods="1" coveredmethods="0"/>
          <line num="1" count="0" type="stmt"/>
          <line num="2" count="0" type="stmt"/>
          <line num="3" count="0" type="stmt"/>
          <line num="4" count="0" type="stmt"/>
          <line num="5" count="0" type="stmt"/>
          <line num="6" count="0" type="stmt"/>
          <line num="7" count="0" type="stmt"/>
          <line num="8" count="0" type="stmt"/>
          <line num="9" count="0" type="stmt"/>
          <line num="14" count="0" type="stmt"/>
          <line num="15" count="0" type="stmt"/>
          <line num="17" count="0" type="stmt"/>
          <line num="18" count="0" type="stmt"/>
          <line num="26" count="0" type="stmt"/>
          <line num="27" count="0" type="stmt"/>
          <line num="29" count="0" type="stmt"/>
          <line num="31" count="0" type="stmt"/>
        </file>
        <file name="react-redux-graphql-bootcamp-austin.js" path="/Users/richardmoss/Projects/reactjs.academy-react/src/pages/react-redux-graphql-bootcamp-austin.js">
          <metrics statements="11" coveredstatements="0" conditionals="0" coveredconditionals="0" methods="1" coveredmethods="0"/>
          <line num="1" count="0" type="stmt"/>
          <line num="2" count="0" type="stmt"/>
          <line num="3" count="0" type="stmt"/>
          <line num="4" count="0" type="stmt"/>
          <line num="5" count="0" type="stmt"/>
          <line num="6" count="0" type="stmt"/>
          <line num="7" count="0" type="stmt"/>
          <line num="8" count="0" type="stmt"/>
          <line num="9" count="0" type="stmt"/>
          <line num="10" count="0" type="stmt"/>
          <line num="12" count="0" type="stmt"/>
        </file>
        <file name="react-redux-graphql-bootcamp-london.js" path="/Users/richardmoss/Projects/reactjs.academy-react/src/pages/react-redux-graphql-bootcamp-london.js">
          <metrics statements="17" coveredstatements="0" conditionals="0" coveredconditionals="0" methods="1" coveredmethods="0"/>
          <line num="1" count="0" type="stmt"/>
          <line num="2" count="0" type="stmt"/>
          <line num="3" count="0" type="stmt"/>
          <line num="4" count="0" type="stmt"/>
          <line num="5" count="0" type="stmt"/>
          <line num="6" count="0" type="stmt"/>
          <line num="7" count="0" type="stmt"/>
          <line num="8" count="0" type="stmt"/>
          <line num="9" count="0" type="stmt"/>
          <line num="10" count="0" type="stmt"/>
          <line num="11" count="0" type="stmt"/>
          <line num="12" count="0" type="stmt"/>
          <line num="21" count="0" type="stmt"/>
          <line num="29" count="0" type="stmt"/>
          <line num="30" count="0" type="stmt"/>
          <line num="31" count="0" type="stmt"/>
          <line num="33" count="0" type="stmt"/>
        </file>
        <file name="react-redux-graphql-bootcamp-nyc.js" path="/Users/richardmoss/Projects/reactjs.academy-react/src/pages/react-redux-graphql-bootcamp-nyc.js">
          <metrics statements="11" coveredstatements="0" conditionals="0" coveredconditionals="0" methods="1" coveredmethods="0"/>
          <line num="1" count="0" type="stmt"/>
          <line num="2" count="0" type="stmt"/>
          <line num="3" count="0" type="stmt"/>
          <line num="4" count="0" type="stmt"/>
          <line num="5" count="0" type="stmt"/>
          <line num="6" count="0" type="stmt"/>
          <line num="7" count="0" type="stmt"/>
          <line num="8" count="0" type="stmt"/>
          <line num="9" count="0" type="stmt"/>
          <line num="10" count="0" type="stmt"/>
          <line num="12" count="0" type="stmt"/>
        </file>
        <file name="react-redux-graphql-bootcamp.js" path="/Users/richardmoss/Projects/reactjs.academy-react/src/pages/react-redux-graphql-bootcamp.js">
          <metrics statements="17" coveredstatements="0" conditionals="0" coveredconditionals="0" methods="1" coveredmethods="0"/>
          <line num="1" count="0" type="stmt"/>
          <line num="2" count="0" type="stmt"/>
          <line num="3" count="0" type="stmt"/>
          <line num="4" count="0" type="stmt"/>
          <line num="5" count="0" type="stmt"/>
          <line num="6" count="0" type="stmt"/>
          <line num="7" count="0" type="stmt"/>
          <line num="8" count="0" type="stmt"/>
          <line num="9" count="0" type="stmt"/>
          <line num="14" count="0" type="stmt"/>
          <line num="15" count="0" type="stmt"/>
          <line num="17" count="0" type="stmt"/>
          <line num="18" count="0" type="stmt"/>
          <line num="26" count="0" type="stmt"/>
          <line num="27" count="0" type="stmt"/>
          <line num="29" count="0" type="stmt"/>
          <line num="31" count="0" type="stmt"/>
        </file>
        <file name="react-redux-graphql-part-time-course.js" path="/Users/richardmoss/Projects/reactjs.academy-react/src/pages/react-redux-graphql-part-time-course.js">
          <metrics statements="18" coveredstatements="0" conditionals="0" coveredconditionals="0" methods="1" coveredmethods="0"/>
          <line num="1" count="0" type="stmt"/>
          <line num="2" count="0" type="stmt"/>
          <line num="3" count="0" type="stmt"/>
          <line num="4" count="0" type="stmt"/>
          <line num="5" count="0" type="stmt"/>
          <line num="6" count="0" type="stmt"/>
          <line num="7" count="0" type="stmt"/>
          <line num="8" count="0" type="stmt"/>
          <line num="13" count="0" type="stmt"/>
          <line num="14" count="0" type="stmt"/>
          <line num="15" count="0" type="stmt"/>
          <line num="16" count="0" type="stmt"/>
          <line num="17" count="0" type="stmt"/>
          <line num="27" count="0" type="stmt"/>
          <line num="28" count="0" type="stmt"/>
          <line num="30" count="0" type="stmt"/>
          <line num="31" count="0" type="stmt"/>
          <line num="33" count="0" type="stmt"/>
        </file>
        <file name="react-redux-graphql-training.js" path="/Users/richardmoss/Projects/reactjs.academy-react/src/pages/react-redux-graphql-training.js">
          <metrics statements="11" coveredstatements="0" conditionals="0" coveredconditionals="0" methods="1" coveredmethods="0"/>
          <line num="1" count="0" type="stmt"/>
          <line num="2" count="0" type="stmt"/>
          <line num="3" count="0" type="stmt"/>
          <line num="4" count="0" type="stmt"/>
          <line num="5" count="0" type="stmt"/>
          <line num="6" count="0" type="stmt"/>
          <line num="7" count="0" type="stmt"/>
          <line num="8" count="0" type="stmt"/>
          <line num="9" count="0" type="stmt"/>
          <line num="10" count="0" type="stmt"/>
          <line num="12" count="0" type="stmt"/>
        </file>
        <file name="react-redux-training-amsterdam.js" path="/Users/richardmoss/Projects/reactjs.academy-react/src/pages/react-redux-training-amsterdam.js">
          <metrics statements="11" coveredstatements="0" conditionals="0" coveredconditionals="0" methods="1" coveredmethods="0"/>
          <line num="1" count="0" type="stmt"/>
          <line num="2" count="0" type="stmt"/>
          <line num="3" count="0" type="stmt"/>
          <line num="4" count="0" type="stmt"/>
          <line num="5" count="0" type="stmt"/>
          <line num="6" count="0" type="stmt"/>
          <line num="7" count="0" type="stmt"/>
          <line num="8" count="0" type="stmt"/>
          <line num="9" count="0" type="stmt"/>
          <line num="10" count="0" type="stmt"/>
          <line num="12" count="0" type="stmt"/>
        </file>
        <file name="react-redux-training-barcelona.js" path="/Users/richardmoss/Projects/reactjs.academy-react/src/pages/react-redux-training-barcelona.js">
          <metrics statements="11" coveredstatements="0" conditionals="0" coveredconditionals="0" methods="1" coveredmethods="0"/>
          <line num="1" count="0" type="stmt"/>
          <line num="2" count="0" type="stmt"/>
          <line num="3" count="0" type="stmt"/>
          <line num="4" count="0" type="stmt"/>
          <line num="5" count="0" type="stmt"/>
          <line num="6" count="0" type="stmt"/>
          <line num="7" count="0" type="stmt"/>
          <line num="8" count="0" type="stmt"/>
          <line num="9" count="0" type="stmt"/>
          <line num="10" count="0" type="stmt"/>
          <line num="12" count="0" type="stmt"/>
        </file>
        <file name="react-redux-training-berlin.js" path="/Users/richardmoss/Projects/reactjs.academy-react/src/pages/react-redux-training-berlin.js">
          <metrics statements="11" coveredstatements="0" conditionals="0" coveredconditionals="0" methods="1" coveredmethods="0"/>
          <line num="1" count="0" type="stmt"/>
          <line num="2" count="0" type="stmt"/>
          <line num="3" count="0" type="stmt"/>
          <line num="4" count="0" type="stmt"/>
          <line num="5" count="0" type="stmt"/>
          <line num="6" count="0" type="stmt"/>
          <line num="7" count="0" type="stmt"/>
          <line num="8" count="0" type="stmt"/>
          <line num="9" count="0" type="stmt"/>
          <line num="10" count="0" type="stmt"/>
          <line num="12" count="0" type="stmt"/>
        </file>
        <file name="react-redux-training-brussels.js" path="/Users/richardmoss/Projects/reactjs.academy-react/src/pages/react-redux-training-brussels.js">
          <metrics statements="11" coveredstatements="0" conditionals="0" coveredconditionals="0" methods="1" coveredmethods="0"/>
          <line num="1" count="0" type="stmt"/>
          <line num="2" count="0" type="stmt"/>
          <line num="3" count="0" type="stmt"/>
          <line num="4" count="0" type="stmt"/>
          <line num="5" count="0" type="stmt"/>
          <line num="6" count="0" type="stmt"/>
          <line num="7" count="0" type="stmt"/>
          <line num="8" count="0" type="stmt"/>
          <line num="9" count="0" type="stmt"/>
          <line num="10" count="0" type="stmt"/>
          <line num="12" count="0" type="stmt"/>
        </file>
        <file name="react-redux-training-london.js" path="/Users/richardmoss/Projects/reactjs.academy-react/src/pages/react-redux-training-london.js">
          <metrics statements="18" coveredstatements="0" conditionals="0" coveredconditionals="0" methods="1" coveredmethods="0"/>
          <line num="1" count="0" type="stmt"/>
          <line num="2" count="0" type="stmt"/>
          <line num="3" count="0" type="stmt"/>
          <line num="4" count="0" type="stmt"/>
          <line num="5" count="0" type="stmt"/>
          <line num="6" count="0" type="stmt"/>
          <line num="7" count="0" type="stmt"/>
          <line num="8" count="0" type="stmt"/>
          <line num="18" count="0" type="stmt"/>
          <line num="19" count="0" type="stmt"/>
          <line num="20" count="0" type="stmt"/>
          <line num="27" count="0" type="stmt"/>
          <line num="29" count="0" type="stmt"/>
          <line num="30" count="0" type="stmt"/>
          <line num="31" count="0" type="stmt"/>
          <line num="32" count="0" type="stmt"/>
          <line num="34" count="0" type="stmt"/>
          <line num="36" count="0" type="stmt"/>
        </file>
        <file name="react-redux-training-paris.js" path="/Users/richardmoss/Projects/reactjs.academy-react/src/pages/react-redux-training-paris.js">
          <metrics statements="11" coveredstatements="0" conditionals="0" coveredconditionals="0" methods="1" coveredmethods="0"/>
          <line num="1" count="0" type="stmt"/>
          <line num="2" count="0" type="stmt"/>
          <line num="3" count="0" type="stmt"/>
          <line num="4" count="0" type="stmt"/>
          <line num="5" count="0" type="stmt"/>
          <line num="6" count="0" type="stmt"/>
          <line num="7" count="0" type="stmt"/>
          <line num="8" count="0" type="stmt"/>
          <line num="9" count="0" type="stmt"/>
          <line num="10" count="0" type="stmt"/>
          <line num="12" count="0" type="stmt"/>
        </file>
        <file name="react-redux-training-sydney.js" path="/Users/richardmoss/Projects/reactjs.academy-react/src/pages/react-redux-training-sydney.js">
          <metrics statements="11" coveredstatements="0" conditionals="0" coveredconditionals="0" methods="1" coveredmethods="0"/>
          <line num="1" count="0" type="stmt"/>
          <line num="2" count="0" type="stmt"/>
          <line num="3" count="0" type="stmt"/>
          <line num="4" count="0" type="stmt"/>
          <line num="5" count="0" type="stmt"/>
          <line num="6" count="0" type="stmt"/>
          <line num="7" count="0" type="stmt"/>
          <line num="8" count="0" type="stmt"/>
          <line num="9" count="0" type="stmt"/>
          <line num="10" count="0" type="stmt"/>
          <line num="12" count="0" type="stmt"/>
        </file>
        <file name="terms-of-service.js" path="/Users/richardmoss/Projects/reactjs.academy-react/src/pages/terms-of-service.js">
          <metrics statements="9" coveredstatements="0" conditionals="0" coveredconditionals="0" methods="1" coveredmethods="0"/>
          <line num="1" count="0" type="stmt"/>
          <line num="2" count="0" type="stmt"/>
          <line num="3" count="0" type="stmt"/>
          <line num="4" count="0" type="stmt"/>
          <line num="5" count="0" type="stmt"/>
          <line num="6" count="0" type="stmt"/>
          <line num="7" count="0" type="stmt"/>
          <line num="8" count="0" type="stmt"/>
          <line num="10" count="0" type="stmt"/>
        </file>
      </package>
      <package name="pages.react-redux-graphql-bootcamp-lisbon">
        <metrics statements="41" coveredstatements="0" conditionals="0" coveredconditionals="0" methods="2" coveredmethods="0"/>
        <file name="2.js" path="/Users/richardmoss/Projects/reactjs.academy-react/src/pages/react-redux-graphql-bootcamp-lisbon/2.js">
          <metrics statements="22" coveredstatements="0" conditionals="0" coveredconditionals="0" methods="1" coveredmethods="0"/>
          <line num="1" count="0" type="stmt"/>
          <line num="2" count="0" type="stmt"/>
          <line num="3" count="0" type="stmt"/>
          <line num="4" count="0" type="stmt"/>
          <line num="5" count="0" type="stmt"/>
          <line num="6" count="0" type="stmt"/>
          <line num="7" count="0" type="stmt"/>
          <line num="8" count="0" type="stmt"/>
          <line num="9" count="0" type="stmt"/>
          <line num="10" count="0" type="stmt"/>
          <line num="11" count="0" type="stmt"/>
          <line num="12" count="0" type="stmt"/>
          <line num="13" count="0" type="stmt"/>
          <line num="14" count="0" type="stmt"/>
          <line num="23" count="0" type="stmt"/>
          <line num="31" count="0" type="stmt"/>
          <line num="32" count="0" type="stmt"/>
          <line num="33" count="0" type="stmt"/>
          <line num="34" count="0" type="stmt"/>
          <line num="36" count="0" type="stmt"/>
          <line num="37" count="0" type="stmt"/>
          <line num="39" count="0" type="stmt"/>
        </file>
        <file name="index.js" path="/Users/richardmoss/Projects/reactjs.academy-react/src/pages/react-redux-graphql-bootcamp-lisbon/index.js">
          <metrics statements="19" coveredstatements="0" conditionals="0" coveredconditionals="0" methods="1" coveredmethods="0"/>
          <line num="1" count="0" type="stmt"/>
          <line num="2" count="0" type="stmt"/>
          <line num="3" count="0" type="stmt"/>
          <line num="4" count="0" type="stmt"/>
          <line num="5" count="0" type="stmt"/>
          <line num="6" count="0" type="stmt"/>
          <line num="7" count="0" type="stmt"/>
          <line num="8" count="0" type="stmt"/>
          <line num="9" count="0" type="stmt"/>
          <line num="10" count="0" type="stmt"/>
          <line num="11" count="0" type="stmt"/>
          <line num="12" count="0" type="stmt"/>
          <line num="20" count="0" type="stmt"/>
          <line num="28" count="0" type="stmt"/>
          <line num="29" count="0" type="stmt"/>
          <line num="30" count="0" type="stmt"/>
          <line num="31" count="0" type="stmt"/>
          <line num="33" count="0" type="stmt"/>
          <line num="35" count="0" type="stmt"/>
        </file>
      </package>
    </metrics>
  </project>
</coverage>
