{"/Users/richardmoss/Projects/reactjs.academy-react/src/components/buttons/Button.js": {"path":"/Users/richardmoss/Projects/reactjs.academy-react/src/components/buttons/Button.js","statementMap":{"0":{"start":{"line":5,"column":36},"end":{"line":33,"column":1}},"1":{"start":{"line":16,"column":32},"end":{"line":16,"column":69}},"2":{"start":{"line":17,"column":27},"end":{"line":17,"column":50}},"3":{"start":{"line":20,"column":14},"end":{"line":20,"column":69}},"4":{"start":{"line":21,"column":14},"end":{"line":21,"column":54}},"5":{"start":{"line":23,"column":4},"end":{"line":32,"column":10}},"6":{"start":{"line":39,"column":27},"end":{"line":44,"column":1}}},"fnMap":{"0":{"name":"(anonymous_0)","decl":{"start":{"line":16,"column":22},"end":{"line":16,"column":23}},"loc":{"start":{"line":16,"column":32},"end":{"line":16,"column":69}},"line":16},"1":{"name":"(anonymous_1)","decl":{"start":{"line":17,"column":17},"end":{"line":17,"column":18}},"loc":{"start":{"line":17,"column":27},"end":{"line":17,"column":50}},"line":17},"2":{"name":"(anonymous_2)","decl":{"start":{"line":20,"column":4},"end":{"line":20,"column":5}},"loc":{"start":{"line":20,"column":14},"end":{"line":20,"column":69}},"line":20},"3":{"name":"(anonymous_3)","decl":{"start":{"line":21,"column":4},"end":{"line":21,"column":5}},"loc":{"start":{"line":21,"column":14},"end":{"line":21,"column":54}},"line":21},"4":{"name":"(anonymous_4)","decl":{"start":{"line":22,"column":4},"end":{"line":22,"column":5}},"loc":{"start":{"line":23,"column":4},"end":{"line":32,"column":10}},"line":23}},"branchMap":{"0":{"loc":{"start":{"line":16,"column":32},"end":{"line":16,"column":69}},"type":"cond-expr","locations":[{"start":{"line":16,"column":44},"end":{"line":16,"column":59}},{"start":{"line":16,"column":62},"end":{"line":16,"column":69}}],"line":16},"1":{"loc":{"start":{"line":17,"column":27},"end":{"line":17,"column":50}},"type":"cond-expr","locations":[{"start":{"line":17,"column":39},"end":{"line":17,"column":45}},{"start":{"line":17,"column":48},"end":{"line":17,"column":50}}],"line":17},"2":{"loc":{"start":{"line":20,"column":14},"end":{"line":20,"column":69}},"type":"cond-expr","locations":[{"start":{"line":20,"column":28},"end":{"line":20,"column":42}},{"start":{"line":20,"column":45},"end":{"line":20,"column":69}}],"line":20},"3":{"loc":{"start":{"line":21,"column":14},"end":{"line":21,"column":54}},"type":"cond-expr","locations":[{"start":{"line":21,"column":28},"end":{"line":21,"column":47}},{"start":{"line":21,"column":50},"end":{"line":21,"column":54}}],"line":21},"4":{"loc":{"start":{"line":23,"column":4},"end":{"line":32,"column":10}},"type":"cond-expr","locations":[{"start":{"line":24,"column":8},"end":{"line":31,"column":3}},{"start":{"line":32,"column":8},"end":{"line":32,"column":10}}],"line":23}},"s":{"0":1,"1":50,"2":50,"3":50,"4":50,"5":50,"6":1},"f":{"0":50,"1":50,"2":50,"3":50,"4":50},"b":{"0":[16,34],"1":[16,34],"2":[24,26],"3":[2,48],"4":[3,47]},"_coverageSchema":"332fd63041d2c1bcb487cc26dd0d5f7d97098a6c","hash":"ac35d0ebb7004773f671a06ca03a57519e64df0a"}
,"/Users/richardmoss/Projects/reactjs.academy-react/src/components/buttons/Button.stories.js": {"path":"/Users/richardmoss/Projects/reactjs.academy-react/src/components/buttons/Button.stories.js","statementMap":{"0":{"start":{"line":1,"column":0},"end":{"line":null,"column":-1}},"1":{"start":{"line":2,"column":0},"end":{"line":null,"column":-1}},"2":{"start":{"line":3,"column":0},"end":{"line":null,"column":-1}},"3":{"start":{"line":5,"column":0},"end":{"line":null,"column":-1}},"4":{"start":{"line":6,"column":18},"end":{"line":null,"column":-1}},"5":{"start":{"line":7,"column":25},"end":{"line":null,"column":-1}}},"fnMap":{"0":{"name":"(anonymous_1)","decl":{"start":{"line":6,"column":18},"end":{"line":null,"column":-1}},"loc":{"start":{"line":6,"column":18},"end":{"line":5,"column":0}}},"1":{"name":"(anonymous_2)","decl":{"start":{"line":7,"column":25},"end":{"line":null,"column":-1}},"loc":{"start":{"line":7,"column":25},"end":{"line":5,"column":0}}}},"branchMap":{},"s":{"0":0,"1":0,"2":0,"3":0,"4":0,"5":0},"f":{"0":0,"1":0},"b":{}}
,"/Users/richardmoss/Projects/reactjs.academy-react/src/components/buttons/LinkButton.js": {"path":"/Users/richardmoss/Projects/reactjs.academy-react/src/components/buttons/LinkButton.js","statementMap":{"0":{"start":{"line":8,"column":18},"end":{"line":22,"column":1}},"1":{"start":{"line":8,"column":27},"end":{"line":22,"column":1}},"2":{"start":{"line":24,"column":19},"end":{"line":45,"column":1}},"3":{"start":{"line":28,"column":4},"end":{"line":34,"column":5}},"4":{"start":{"line":29,"column":6},"end":{"line":29,"column":18}},"5":{"start":{"line":30,"column":11},"end":{"line":34,"column":5}},"6":{"start":{"line":31,"column":6},"end":{"line":31,"column":28}},"7":{"start":{"line":33,"column":6},"end":{"line":33,"column":20}},"8":{"start":{"line":36,"column":27},"end":{"line":36,"column":48}},"9":{"start":{"line":38,"column":4},"end":{"line":40,"column":46}},"10":{"start":{"line":41,"column":14},"end":{"line":41,"column":69}},"11":{"start":{"line":42,"column":21},"end":{"line":42,"column":62}},"12":{"start":{"line":43,"column":23},"end":{"line":43,"column":61}},"13":{"start":{"line":47,"column":0},"end":{"line":47,"column":37}},"14":{"start":{"line":50,"column":2},"end":{"line":63,"column":4}},"15":{"start":{"line":53,"column":6},"end":{"line":60,"column":7}},"16":{"start":{"line":54,"column":8},"end":{"line":59,"column":10}},"17":{"start":{"line":61,"column":6},"end":{"line":61,"column":39}}},"fnMap":{"0":{"name":"(anonymous_0)","decl":{"start":{"line":8,"column":18},"end":{"line":8,"column":19}},"loc":{"start":{"line":8,"column":27},"end":{"line":22,"column":1}},"line":8},"1":{"name":"(anonymous_1)","decl":{"start":{"line":27,"column":22},"end":{"line":27,"column":23}},"loc":{"start":{"line":27,"column":31},"end":{"line":35,"column":3}},"line":27},"2":{"name":"(anonymous_2)","decl":{"start":{"line":36,"column":17},"end":{"line":36,"column":18}},"loc":{"start":{"line":36,"column":27},"end":{"line":36,"column":48}},"line":36},"3":{"name":"(anonymous_3)","decl":{"start":{"line":37,"column":16},"end":{"line":37,"column":17}},"loc":{"start":{"line":38,"column":4},"end":{"line":40,"column":46}},"line":38},"4":{"name":"(anonymous_4)","decl":{"start":{"line":41,"column":4},"end":{"line":41,"column":5}},"loc":{"start":{"line":41,"column":14},"end":{"line":41,"column":69}},"line":41},"5":{"name":"(anonymous_5)","decl":{"start":{"line":42,"column":12},"end":{"line":42,"column":13}},"loc":{"start":{"line":42,"column":21},"end":{"line":42,"column":62}},"line":42},"6":{"name":"(anonymous_6)","decl":{"start":{"line":43,"column":13},"end":{"line":43,"column":14}},"loc":{"start":{"line":43,"column":23},"end":{"line":43,"column":61}},"line":43},"7":{"name":"(anonymous_7)","decl":{"start":{"line":49,"column":15},"end":{"line":49,"column":16}},"loc":{"start":{"line":50,"column":2},"end":{"line":63,"column":4}},"line":50},"8":{"name":"(anonymous_8)","decl":{"start":{"line":52,"column":13},"end":{"line":52,"column":14}},"loc":{"start":{"line":52,"column":18},"end":{"line":62,"column":5}},"line":52}},"branchMap":{"0":{"loc":{"start":{"line":28,"column":4},"end":{"line":34,"column":5}},"type":"if","locations":[{"start":{"line":28,"column":4},"end":{"line":34,"column":5}},{"start":{"line":28,"column":4},"end":{"line":34,"column":5}}],"line":28},"1":{"loc":{"start":{"line":30,"column":11},"end":{"line":34,"column":5}},"type":"if","locations":[{"start":{"line":30,"column":11},"end":{"line":34,"column":5}},{"start":{"line":30,"column":11},"end":{"line":34,"column":5}}],"line":30},"2":{"loc":{"start":{"line":36,"column":27},"end":{"line":36,"column":48}},"type":"cond-expr","locations":[{"start":{"line":36,"column":39},"end":{"line":36,"column":42}},{"start":{"line":36,"column":45},"end":{"line":36,"column":48}}],"line":36},"3":{"loc":{"start":{"line":38,"column":4},"end":{"line":40,"column":46}},"type":"cond-expr","locations":[{"start":{"line":39,"column":8},"end":{"line":39,"column":72}},{"start":{"line":40,"column":8},"end":{"line":40,"column":46}}],"line":38},"4":{"loc":{"start":{"line":41,"column":14},"end":{"line":41,"column":69}},"type":"cond-expr","locations":[{"start":{"line":41,"column":32},"end":{"line":41,"column":50}},{"start":{"line":41,"column":53},"end":{"line":41,"column":69}}],"line":41},"5":{"loc":{"start":{"line":42,"column":21},"end":{"line":42,"column":62}},"type":"binary-expr","locations":[{"start":{"line":42,"column":21},"end":{"line":42,"column":36}},{"start":{"line":42,"column":40},"end":{"line":42,"column":62}}],"line":42},"6":{"loc":{"start":{"line":43,"column":23},"end":{"line":43,"column":61}},"type":"cond-expr","locations":[{"start":{"line":43,"column":37},"end":{"line":43,"column":44}},{"start":{"line":43,"column":47},"end":{"line":43,"column":61}}],"line":43},"7":{"loc":{"start":{"line":53,"column":6},"end":{"line":60,"column":7}},"type":"if","locations":[{"start":{"line":53,"column":6},"end":{"line":60,"column":7}},{"start":{"line":53,"column":6},"end":{"line":60,"column":7}}],"line":53},"8":{"loc":{"start":{"line":57,"column":16},"end":{"line":57,"column":42}},"type":"binary-expr","locations":[{"start":{"line":57,"column":16},"end":{"line":57,"column":24}},{"start":{"line":57,"column":28},"end":{"line":57,"column":42}}],"line":57},"9":{"loc":{"start":{"line":61,"column":6},"end":{"line":61,"column":39}},"type":"binary-expr","locations":[{"start":{"line":61,"column":6},"end":{"line":61,"column":19}},{"start":{"line":61,"column":23},"end":{"line":61,"column":39}}],"line":61}},"s":{"0":1,"1":10,"2":1,"3":10,"4":0,"5":10,"6":0,"7":10,"8":10,"9":10,"10":10,"11":10,"12":10,"13":1,"14":10,"15":2,"16":0,"17":2},"f":{"0":10,"1":10,"2":10,"3":10,"4":10,"5":10,"6":10,"7":10,"8":2},"b":{"0":[0,10],"1":[0,10],"2":[0,10],"3":[0,10],"4":[0,10],"5":[10,0],"6":[10,0],"7":[0,2],"8":[0,0],"9":[2,2]},"_coverageSchema":"332fd63041d2c1bcb487cc26dd0d5f7d97098a6c","hash":"82401f29e42f75f0a192d612557cc1187920d4ef"}
,"/Users/richardmoss/Projects/reactjs.academy-react/src/components/buttons/LinkButton.stories.js": {"path":"/Users/richardmoss/Projects/reactjs.academy-react/src/components/buttons/LinkButton.stories.js","statementMap":{"0":{"start":{"line":1,"column":0},"end":{"line":null,"column":-1}},"1":{"start":{"line":2,"column":0},"end":{"line":null,"column":-1}},"2":{"start":{"line":3,"column":0},"end":{"line":null,"column":-1}},"3":{"start":{"line":5,"column":0},"end":{"line":null,"column":-1}},"4":{"start":{"line":6,"column":17},"end":{"line":null,"column":-1}},"5":{"start":{"line":9,"column":20},"end":{"line":null,"column":-1}}},"fnMap":{"0":{"name":"(anonymous_1)","decl":{"start":{"line":6,"column":17},"end":{"line":null,"column":-1}},"loc":{"start":{"line":6,"column":17},"end":{"line":5,"column":0}}},"1":{"name":"(anonymous_2)","decl":{"start":{"line":9,"column":20},"end":{"line":null,"column":-1}},"loc":{"start":{"line":9,"column":20},"end":{"line":5,"column":0}}}},"branchMap":{},"s":{"0":0,"1":0,"2":0,"3":0,"4":0,"5":0},"f":{"0":0,"1":0},"b":{}}
,"/Users/richardmoss/Projects/reactjs.academy-react/src/components/buttons/index.js": {"path":"/Users/richardmoss/Projects/reactjs.academy-react/src/components/buttons/index.js","statementMap":{},"fnMap":{},"branchMap":{},"s":{},"f":{},"b":{},"_coverageSchema":"332fd63041d2c1bcb487cc26dd0d5f7d97098a6c","hash":"69cc08a7f3bd74dc58341dcf360e63500cdc77e5"}
,"/Users/richardmoss/Projects/reactjs.academy-react/src/components/curriculum/CurriculumAdvancedReact.js": {"path":"/Users/richardmoss/Projects/reactjs.academy-react/src/components/curriculum/CurriculumAdvancedReact.js","statementMap":{"0":{"start":{"line":1,"column":0},"end":{"line":null,"column":-1}},"1":{"start":{"line":2,"column":0},"end":{"line":null,"column":-1}},"2":{"start":{"line":3,"column":0},"end":{"line":null,"column":-1}},"3":{"start":{"line":4,"column":0},"end":{"line":null,"column":-1}},"4":{"start":{"line":5,"column":0},"end":{"line":null,"column":-1}},"5":{"start":{"line":6,"column":0},"end":{"line":null,"column":-1}},"6":{"start":{"line":7,"column":0},"end":{"line":null,"column":-1}},"7":{"start":{"line":8,"column":0},"end":{"line":null,"column":-1}},"8":{"start":{"line":9,"column":0},"end":{"line":null,"column":-1}},"9":{"start":{"line":10,"column":0},"end":{"line":null,"column":-1}},"10":{"start":{"line":11,"column":0},"end":{"line":null,"column":-1}},"11":{"start":{"line":12,"column":0},"end":{"line":null,"column":-1}},"12":{"start":{"line":14,"column":32},"end":{"line":14,"column":0}},"13":{"start":{"line":20,"column":6},"end":{"line":20,"column":5}},"14":{"start":{"line":20,"column":6},"end":{"line":null,"column":-1}},"15":{"start":{"line":21,"column":34},"end":{"line":21,"column":2}},"16":{"start":{"line":22,"column":22},"end":{"line":22,"column":2}},"17":{"start":{"line":24,"column":4},"end":{"line":23,"column":2}},"18":{"start":{"line":52,"column":4},"end":{"line":51,"column":2}},"19":{"start":{"line":65,"column":2},"end":{"line":null,"column":-1}}},"fnMap":{"0":{"name":"CurriculumAdvancedReact","decl":{"start":{"line":14,"column":6},"end":{"line":14,"column":32}},"loc":{"start":{"line":20,"column":6},"end":{"line":14,"column":0}}}},"branchMap":{"0":{"loc":{"start":{"line":15,"column":14},"end":{"line":20,"column":6}},"type":"cond-expr","locations":[{"start":{"line":15,"column":14},"end":{"line":20,"column":6}},{"start":{"line":20,"column":6},"end":{"line":null,"column":-1}}]},"1":{"loc":{"start":{"line":18,"column":21},"end":{"line":20,"column":6}},"type":"cond-expr","locations":[{"start":{"line":18,"column":21},"end":{"line":20,"column":6}},{"start":{"line":20,"column":6},"end":{"line":null,"column":-1}}]},"2":{"loc":{"start":{"line":19,"column":18},"end":{"line":20,"column":6}},"type":"cond-expr","locations":[{"start":{"line":19,"column":18},"end":{"line":20,"column":6}},{"start":{"line":20,"column":6},"end":{"line":null,"column":-1}}]},"3":{"loc":{"start":{"line":68,"column":8},"end":{"line":67,"column":7}},"type":"cond-expr","locations":[{"start":{"line":68,"column":8},"end":{"line":67,"column":7}},{"start":{"line":79,"column":8},"end":{"line":66,"column":4}}]},"4":{"loc":{"start":{"line":82,"column":8},"end":{"line":81,"column":7}},"type":"cond-expr","locations":[{"start":{"line":82,"column":8},"end":{"line":81,"column":7}},{"start":{"line":87,"column":8},"end":{"line":null,"column":-1}}]}},"s":{"0":0,"1":0,"2":0,"3":0,"4":0,"5":0,"6":0,"7":0,"8":0,"9":0,"10":0,"11":0,"12":0,"13":0,"14":0,"15":0,"16":0,"17":0,"18":0,"19":0},"f":{"0":0},"b":{"0":[0,0],"1":[0,0],"2":[0,0],"3":[0,0],"4":[0,0]}}
,"/Users/richardmoss/Projects/reactjs.academy-react/src/components/curriculum/CurriculumBootcamp.js": {"path":"/Users/richardmoss/Projects/reactjs.academy-react/src/components/curriculum/CurriculumBootcamp.js","statementMap":{"0":{"start":{"line":1,"column":0},"end":{"line":null,"column":-1}},"1":{"start":{"line":2,"column":0},"end":{"line":null,"column":-1}},"2":{"start":{"line":3,"column":0},"end":{"line":null,"column":-1}},"3":{"start":{"line":4,"column":0},"end":{"line":null,"column":-1}},"4":{"start":{"line":5,"column":0},"end":{"line":null,"column":-1}},"5":{"start":{"line":6,"column":0},"end":{"line":null,"column":-1}},"6":{"start":{"line":7,"column":0},"end":{"line":null,"column":-1}},"7":{"start":{"line":8,"column":0},"end":{"line":null,"column":-1}},"8":{"start":{"line":9,"column":0},"end":{"line":null,"column":-1}},"9":{"start":{"line":10,"column":0},"end":{"line":null,"column":-1}},"10":{"start":{"line":11,"column":0},"end":{"line":null,"column":-1}},"11":{"start":{"line":12,"column":0},"end":{"line":null,"column":-1}},"12":{"start":{"line":13,"column":0},"end":{"line":null,"column":-1}},"13":{"start":{"line":14,"column":0},"end":{"line":null,"column":-1}},"14":{"start":{"line":15,"column":0},"end":{"line":null,"column":-1}},"15":{"start":{"line":16,"column":0},"end":{"line":null,"column":-1}},"16":{"start":{"line":17,"column":0},"end":{"line":null,"column":-1}},"17":{"start":{"line":18,"column":0},"end":{"line":null,"column":-1}},"18":{"start":{"line":19,"column":0},"end":{"line":null,"column":-1}},"19":{"start":{"line":20,"column":0},"end":{"line":null,"column":-1}},"20":{"start":{"line":22,"column":27},"end":{"line":22,"column":0}},"21":{"start":{"line":28,"column":6},"end":{"line":28,"column":5}},"22":{"start":{"line":28,"column":6},"end":{"line":null,"column":-1}},"23":{"start":{"line":29,"column":34},"end":{"line":29,"column":2}},"24":{"start":{"line":30,"column":22},"end":{"line":30,"column":2}},"25":{"start":{"line":32,"column":4},"end":{"line":31,"column":2}},"26":{"start":{"line":69,"column":4},"end":{"line":68,"column":2}},"27":{"start":{"line":107,"column":2},"end":{"line":null,"column":-1}}},"fnMap":{"0":{"name":"CurriculumBootcamp","decl":{"start":{"line":22,"column":6},"end":{"line":22,"column":27}},"loc":{"start":{"line":28,"column":6},"end":{"line":22,"column":0}}}},"branchMap":{"0":{"loc":{"start":{"line":23,"column":14},"end":{"line":28,"column":6}},"type":"cond-expr","locations":[{"start":{"line":23,"column":14},"end":{"line":28,"column":6}},{"start":{"line":28,"column":6},"end":{"line":null,"column":-1}}]},"1":{"loc":{"start":{"line":26,"column":21},"end":{"line":28,"column":6}},"type":"cond-expr","locations":[{"start":{"line":26,"column":21},"end":{"line":28,"column":6}},{"start":{"line":28,"column":6},"end":{"line":null,"column":-1}}]},"2":{"loc":{"start":{"line":27,"column":18},"end":{"line":28,"column":6}},"type":"cond-expr","locations":[{"start":{"line":27,"column":18},"end":{"line":28,"column":6}},{"start":{"line":28,"column":6},"end":{"line":null,"column":-1}}]},"3":{"loc":{"start":{"line":110,"column":8},"end":{"line":109,"column":7}},"type":"cond-expr","locations":[{"start":{"line":110,"column":8},"end":{"line":109,"column":7}},{"start":{"line":121,"column":8},"end":{"line":108,"column":4}}]},"4":{"loc":{"start":{"line":124,"column":8},"end":{"line":123,"column":7}},"type":"cond-expr","locations":[{"start":{"line":124,"column":8},"end":{"line":123,"column":7}},{"start":{"line":129,"column":8},"end":{"line":null,"column":-1}}]}},"s":{"0":0,"1":0,"2":0,"3":0,"4":0,"5":0,"6":0,"7":0,"8":0,"9":0,"10":0,"11":0,"12":0,"13":0,"14":0,"15":0,"16":0,"17":0,"18":0,"19":0,"20":0,"21":0,"22":0,"23":0,"24":0,"25":0,"26":0,"27":0},"f":{"0":0},"b":{"0":[0,0],"1":[0,0],"2":[0,0],"3":[0,0],"4":[0,0]}}
,"/Users/richardmoss/Projects/reactjs.academy-react/src/components/curriculum/CurriculumCard.js": {"path":"/Users/richardmoss/Projects/reactjs.academy-react/src/components/curriculum/CurriculumCard.js","statementMap":{"0":{"start":{"line":1,"column":0},"end":{"line":null,"column":-1}},"1":{"start":{"line":2,"column":0},"end":{"line":null,"column":-1}},"2":{"start":{"line":3,"column":0},"end":{"line":null,"column":-1}},"3":{"start":{"line":5,"column":23},"end":{"line":5,"column":0}}},"fnMap":{},"branchMap":{},"s":{"0":0,"1":0,"2":0,"3":0},"f":{},"b":{}}
,"/Users/richardmoss/Projects/reactjs.academy-react/src/components/curriculum/CurriculumPartTime.js": {"path":"/Users/richardmoss/Projects/reactjs.academy-react/src/components/curriculum/CurriculumPartTime.js","statementMap":{"0":{"start":{"line":1,"column":0},"end":{"line":null,"column":-1}},"1":{"start":{"line":2,"column":0},"end":{"line":null,"column":-1}},"2":{"start":{"line":3,"column":0},"end":{"line":null,"column":-1}},"3":{"start":{"line":4,"column":0},"end":{"line":null,"column":-1}},"4":{"start":{"line":5,"column":0},"end":{"line":null,"column":-1}},"5":{"start":{"line":6,"column":0},"end":{"line":null,"column":-1}},"6":{"start":{"line":7,"column":0},"end":{"line":null,"column":-1}},"7":{"start":{"line":8,"column":0},"end":{"line":null,"column":-1}},"8":{"start":{"line":9,"column":0},"end":{"line":null,"column":-1}},"9":{"start":{"line":10,"column":0},"end":{"line":null,"column":-1}},"10":{"start":{"line":11,"column":0},"end":{"line":null,"column":-1}},"11":{"start":{"line":12,"column":0},"end":{"line":null,"column":-1}},"12":{"start":{"line":13,"column":0},"end":{"line":null,"column":-1}},"13":{"start":{"line":14,"column":0},"end":{"line":null,"column":-1}},"14":{"start":{"line":15,"column":0},"end":{"line":null,"column":-1}},"15":{"start":{"line":16,"column":0},"end":{"line":null,"column":-1}},"16":{"start":{"line":17,"column":0},"end":{"line":null,"column":-1}},"17":{"start":{"line":19,"column":29},"end":{"line":19,"column":0}},"18":{"start":{"line":19,"column":29},"end":{"line":null,"column":-1}},"19":{"start":{"line":32,"column":27},"end":{"line":32,"column":0}},"20":{"start":{"line":39,"column":6},"end":{"line":39,"column":5}},"21":{"start":{"line":39,"column":6},"end":{"line":null,"column":-1}},"22":{"start":{"line":40,"column":34},"end":{"line":40,"column":2}},"23":{"start":{"line":41,"column":22},"end":{"line":41,"column":2}},"24":{"start":{"line":43,"column":4},"end":{"line":42,"column":2}},"25":{"start":{"line":84,"column":4},"end":{"line":83,"column":2}},"26":{"start":{"line":123,"column":2},"end":{"line":null,"column":-1}}},"fnMap":{"0":{"name":"PartTimeFinalProject","decl":{"start":{"line":19,"column":6},"end":{"line":19,"column":29}},"loc":{"start":{"line":19,"column":29},"end":{"line":19,"column":0}}},"1":{"name":"CurriculumPartTime","decl":{"start":{"line":32,"column":6},"end":{"line":32,"column":27}},"loc":{"start":{"line":39,"column":6},"end":{"line":32,"column":0}}}},"branchMap":{"0":{"loc":{"start":{"line":33,"column":14},"end":{"line":39,"column":6}},"type":"cond-expr","locations":[{"start":{"line":33,"column":14},"end":{"line":39,"column":6}},{"start":{"line":39,"column":6},"end":{"line":null,"column":-1}}]},"1":{"loc":{"start":{"line":36,"column":21},"end":{"line":39,"column":6}},"type":"cond-expr","locations":[{"start":{"line":36,"column":21},"end":{"line":39,"column":6}},{"start":{"line":39,"column":6},"end":{"line":null,"column":-1}}]},"2":{"loc":{"start":{"line":37,"column":27},"end":{"line":39,"column":6}},"type":"cond-expr","locations":[{"start":{"line":37,"column":27},"end":{"line":39,"column":6}},{"start":{"line":39,"column":6},"end":{"line":null,"column":-1}}]},"3":{"loc":{"start":{"line":38,"column":18},"end":{"line":39,"column":6}},"type":"cond-expr","locations":[{"start":{"line":38,"column":18},"end":{"line":39,"column":6}},{"start":{"line":39,"column":6},"end":{"line":null,"column":-1}}]},"4":{"loc":{"start":{"line":126,"column":8},"end":{"line":125,"column":7}},"type":"cond-expr","locations":[{"start":{"line":126,"column":8},"end":{"line":125,"column":7}},{"start":{"line":137,"column":8},"end":{"line":124,"column":4}}]},"5":{"loc":{"start":{"line":141,"column":8},"end":{"line":140,"column":7}},"type":"cond-expr","locations":[{"start":{"line":141,"column":8},"end":{"line":140,"column":7}},{"start":{"line":146,"column":8},"end":{"line":124,"column":4}}]},"6":{"loc":{"start":{"line":157,"column":8},"end":{"line":156,"column":7}},"type":"cond-expr","locations":[{"start":{"line":157,"column":8},"end":{"line":156,"column":7}},{"start":{"line":175,"column":8},"end":{"line":null,"column":-1}}]}},"s":{"0":0,"1":0,"2":0,"3":0,"4":0,"5":0,"6":0,"7":0,"8":0,"9":0,"10":0,"11":0,"12":0,"13":0,"14":0,"15":0,"16":0,"17":0,"18":0,"19":0,"20":0,"21":0,"22":0,"23":0,"24":0,"25":0,"26":0},"f":{"0":0,"1":0},"b":{"0":[0,0],"1":[0,0],"2":[0,0],"3":[0,0],"4":[0,0],"5":[0,0],"6":[0,0]}}
,"/Users/richardmoss/Projects/reactjs.academy-react/src/components/curriculum/CurriculumReactNative.js": {"path":"/Users/richardmoss/Projects/reactjs.academy-react/src/components/curriculum/CurriculumReactNative.js","statementMap":{"0":{"start":{"line":1,"column":0},"end":{"line":null,"column":-1}},"1":{"start":{"line":2,"column":0},"end":{"line":null,"column":-1}},"2":{"start":{"line":3,"column":0},"end":{"line":null,"column":-1}},"3":{"start":{"line":4,"column":0},"end":{"line":null,"column":-1}},"4":{"start":{"line":5,"column":0},"end":{"line":null,"column":-1}},"5":{"start":{"line":6,"column":0},"end":{"line":null,"column":-1}},"6":{"start":{"line":7,"column":0},"end":{"line":null,"column":-1}},"7":{"start":{"line":8,"column":0},"end":{"line":null,"column":-1}},"8":{"start":{"line":10,"column":30},"end":{"line":10,"column":0}},"9":{"start":{"line":15,"column":6},"end":{"line":15,"column":5}},"10":{"start":{"line":15,"column":6},"end":{"line":null,"column":-1}},"11":{"start":{"line":16,"column":34},"end":{"line":16,"column":2}},"12":{"start":{"line":17,"column":22},"end":{"line":17,"column":2}},"13":{"start":{"line":19,"column":4},"end":{"line":18,"column":2}},"14":{"start":{"line":31,"column":2},"end":{"line":null,"column":-1}}},"fnMap":{"0":{"name":"CurriculumReactNative","decl":{"start":{"line":10,"column":6},"end":{"line":10,"column":30}},"loc":{"start":{"line":15,"column":6},"end":{"line":10,"column":0}}}},"branchMap":{"0":{"loc":{"start":{"line":11,"column":14},"end":{"line":15,"column":6}},"type":"cond-expr","locations":[{"start":{"line":11,"column":14},"end":{"line":15,"column":6}},{"start":{"line":15,"column":6},"end":{"line":null,"column":-1}}]},"1":{"loc":{"start":{"line":14,"column":21},"end":{"line":15,"column":6}},"type":"cond-expr","locations":[{"start":{"line":14,"column":21},"end":{"line":15,"column":6}},{"start":{"line":15,"column":6},"end":{"line":null,"column":-1}}]},"2":{"loc":{"start":{"line":34,"column":8},"end":{"line":33,"column":7}},"type":"cond-expr","locations":[{"start":{"line":34,"column":8},"end":{"line":33,"column":7}},{"start":{"line":45,"column":8},"end":{"line":32,"column":4}}]},"3":{"loc":{"start":{"line":48,"column":8},"end":{"line":47,"column":7}},"type":"cond-expr","locations":[{"start":{"line":48,"column":8},"end":{"line":47,"column":7}},{"start":{"line":50,"column":8},"end":{"line":null,"column":-1}}]}},"s":{"0":0,"1":0,"2":0,"3":0,"4":0,"5":0,"6":0,"7":0,"8":0,"9":0,"10":0,"11":0,"12":0,"13":0,"14":0},"f":{"0":0},"b":{"0":[0,0],"1":[0,0],"2":[0,0],"3":[0,0]}}
,"/Users/richardmoss/Projects/reactjs.academy-react/src/components/curriculum/CurriculumSection.js": {"path":"/Users/richardmoss/Projects/reactjs.academy-react/src/components/curriculum/CurriculumSection.js","statementMap":{"0":{"start":{"line":1,"column":0},"end":{"line":null,"column":-1}},"1":{"start":{"line":2,"column":0},"end":{"line":null,"column":-1}},"2":{"start":{"line":3,"column":0},"end":{"line":null,"column":-1}},"3":{"start":{"line":4,"column":0},"end":{"line":null,"column":-1}},"4":{"start":{"line":5,"column":0},"end":{"line":null,"column":-1}},"5":{"start":{"line":6,"column":0},"end":{"line":null,"column":-1}},"6":{"start":{"line":7,"column":0},"end":{"line":null,"column":-1}},"7":{"start":{"line":8,"column":0},"end":{"line":null,"column":-1}},"8":{"start":{"line":12,"column":13},"end":{"line":12,"column":7}},"9":{"start":{"line":12,"column":39},"end":{"line":null,"column":-1}},"10":{"start":{"line":12,"column":45},"end":{"line":null,"column":-1}},"11":{"start":{"line":15,"column":16},"end":{"line":15,"column":0}},"12":{"start":{"line":21,"column":13},"end":{"line":21,"column":7}},"13":{"start":{"line":25,"column":13},"end":{"line":25,"column":7}},"14":{"start":{"line":31,"column":21},"end":{"line":null,"column":-1}},"15":{"start":{"line":40,"column":4},"end":{"line":null,"column":-1}},"16":{"start":{"line":45,"column":8},"end":{"line":53,"column":9}},"17":{"start":{"line":47,"column":10},"end":{"line":null,"column":-1}},"18":{"start":{"line":34,"column":4},"end":{"line":null,"column":-1}},"19":{"start":{"line":59,"column":23},"end":{"line":58,"column":11}},"20":{"start":{"line":67,"column":8},"end":{"line":58,"column":11}},"21":{"start":{"line":58,"column":11},"end":{"line":58,"column":10}},"22":{"start":{"line":58,"column":11},"end":{"line":null,"column":-1}},"23":{"start":{"line":68,"column":33},"end":{"line":58,"column":11}},"24":{"start":{"line":69,"column":28},"end":{"line":69,"column":4}},"25":{"start":{"line":77,"column":31},"end":{"line":77,"column":4}},"26":{"start":{"line":92,"column":6},"end":{"line":91,"column":4}},"27":{"start":{"line":94,"column":4},"end":{"line":null,"column":-1}}},"fnMap":{"0":{"name":"curriedToggleNavigateTo","decl":{"start":{"line":12,"column":13},"end":{"line":12,"column":39}},"loc":{"start":{"line":12,"column":39},"end":{"line":12,"column":7}}},"1":{"name":"(anonymous_9)","decl":{"start":{"line":12,"column":45},"end":{"line":null,"column":-1}},"loc":{"start":{"line":12,"column":45},"end":{"line":12,"column":39}}},"2":{"name":"CurriculumSection","decl":{"start":{"line":31,"column":2},"end":{"line":31,"column":13}},"loc":{"start":{"line":31,"column":21},"end":{"line":37,"column":3}}},"3":{"name":"(anonymous_12)","decl":{"start":{"line":39,"column":21},"end":{"line":39,"column":26}},"loc":{"start":{"line":39,"column":27},"end":{"line":31,"column":21}}},"4":{"name":"(anonymous_13)","decl":{"start":{"line":44,"column":6},"end":{"line":44,"column":11}},"loc":{"start":{"line":44,"column":12},"end":{"line":40,"column":4}}}},"branchMap":{"0":{"loc":{"start":{"line":13,"column":10},"end":{"line":13,"column":2}},"type":"cond-expr","locations":[{"start":{"line":13,"column":10},"end":{"line":13,"column":2}},{"start":{"line":13,"column":36},"end":{"line":12,"column":45}}]},"1":{"loc":{"start":{"line":31,"column":21},"end":{"line":32,"column":9}},"type":"binary-expr","locations":[{"start":{"line":31,"column":21},"end":{"line":32,"column":9}},{"start":{"line":31,"column":21},"end":{"line":32,"column":9}}]},"2":{"loc":{"start":{"line":45,"column":8},"end":{"line":53,"column":9}},"type":"if","locations":[{"start":{"line":45,"column":8},"end":{"line":53,"column":9}},{"start":{"line":45,"column":8},"end":{"line":53,"column":9}}]},"3":{"loc":{"start":{"line":35,"column":14},"end":{"line":35,"column":13}},"type":"binary-expr","locations":[{"start":{"line":35,"column":14},"end":{"line":35,"column":13}},{"start":{"line":35,"column":30},"end":{"line":null,"column":-1}}]},"4":{"loc":{"start":{"line":65,"column":19},"end":{"line":58,"column":11}},"type":"cond-expr","locations":[{"start":{"line":65,"column":19},"end":{"line":58,"column":11}},{"start":{"line":58,"column":11},"end":{"line":null,"column":-1}}]},"5":{"loc":{"start":{"line":70,"column":8},"end":{"line":69,"column":28}},"type":"cond-expr","locations":[{"start":{"line":70,"column":8},"end":{"line":69,"column":28}},{"start":{"line":76,"column":8},"end":{"line":69,"column":4}}]},"6":{"loc":{"start":{"line":73,"column":16},"end":{"line":72,"column":12}},"type":"cond-expr","locations":[{"start":{"line":73,"column":16},"end":{"line":72,"column":12}},{"start":{"line":74,"column":16},"end":{"line":null,"column":-1}}]},"7":{"loc":{"start":{"line":78,"column":6},"end":{"line":77,"column":31}},"type":"cond-expr","locations":[{"start":{"line":78,"column":6},"end":{"line":77,"column":31}},{"start":{"line":89,"column":6},"end":{"line":77,"column":4}}]},"8":{"loc":{"start":{"line":82,"column":14},"end":{"line":82,"column":21}},"type":"binary-expr","locations":[{"start":{"line":82,"column":14},"end":{"line":82,"column":21}},{"start":{"line":82,"column":22},"end":{"line":80,"column":8}}]},"9":{"loc":{"start":{"line":96,"column":23},"end":{"line":96,"column":30}},"type":"binary-expr","locations":[{"start":{"line":96,"column":23},"end":{"line":96,"column":30}},{"start":{"line":96,"column":31},"end":{"line":96,"column":8}}]},"10":{"loc":{"start":{"line":97,"column":17},"end":{"line":97,"column":9}},"type":"cond-expr","locations":[{"start":{"line":97,"column":17},"end":{"line":97,"column":9}},{"start":{"line":97,"column":36},"end":{"line":95,"column":6}}]},"11":{"loc":{"start":{"line":98,"column":20},"end":{"line":98,"column":9}},"type":"cond-expr","locations":[{"start":{"line":98,"column":20},"end":{"line":98,"column":9}},{"start":{"line":98,"column":40},"end":{"line":95,"column":6}}]},"12":{"loc":{"start":{"line":99,"column":22},"end":{"line":99,"column":9}},"type":"cond-expr","locations":[{"start":{"line":99,"column":22},"end":{"line":99,"column":9}},{"start":{"line":99,"column":43},"end":{"line":null,"column":-1}}]}},"s":{"0":0,"1":0,"2":0,"3":0,"4":0,"5":0,"6":0,"7":0,"8":0,"9":0,"10":0,"11":0,"12":0,"13":0,"14":0,"15":0,"16":0,"17":0,"18":0,"19":0,"20":0,"21":0,"22":0,"23":0,"24":0,"25":0,"26":0,"27":0},"f":{"0":0,"1":0,"2":0,"3":0,"4":0},"b":{"0":[0,0],"1":[0,0],"2":[0,0],"3":[0,0],"4":[0,0],"5":[0,0],"6":[0,0],"7":[0,0],"8":[0,0],"9":[0,0],"10":[0,0],"11":[0,0],"12":[0,0]}}
,"/Users/richardmoss/Projects/reactjs.academy-react/src/components/curriculum/FullCurriculum.js": {"path":"/Users/richardmoss/Projects/reactjs.academy-react/src/components/curriculum/FullCurriculum.js","statementMap":{"0":{"start":{"line":1,"column":0},"end":{"line":null,"column":-1}},"1":{"start":{"line":2,"column":0},"end":{"line":null,"column":-1}},"2":{"start":{"line":3,"column":0},"end":{"line":null,"column":-1}},"3":{"start":{"line":4,"column":0},"end":{"line":null,"column":-1}},"4":{"start":{"line":5,"column":0},"end":{"line":null,"column":-1}},"5":{"start":{"line":6,"column":0},"end":{"line":null,"column":-1}},"6":{"start":{"line":7,"column":0},"end":{"line":null,"column":-1}},"7":{"start":{"line":9,"column":15},"end":{"line":9,"column":0}},"8":{"start":{"line":13,"column":23},"end":{"line":13,"column":0}},"9":{"start":{"line":13,"column":23},"end":{"line":null,"column":-1}}},"fnMap":{"0":{"name":"FullCurriculum","decl":{"start":{"line":13,"column":6},"end":{"line":13,"column":23}},"loc":{"start":{"line":13,"column":23},"end":{"line":13,"column":0}}}},"branchMap":{},"s":{"0":0,"1":0,"2":0,"3":0,"4":0,"5":0,"6":0,"7":0,"8":0,"9":0},"f":{"0":0},"b":{}}
,"/Users/richardmoss/Projects/reactjs.academy-react/src/components/curriculum/MarketingCard.js": {"path":"/Users/richardmoss/Projects/reactjs.academy-react/src/components/curriculum/MarketingCard.js","statementMap":{"0":{"start":{"line":1,"column":0},"end":{"line":null,"column":-1}},"1":{"start":{"line":2,"column":0},"end":{"line":null,"column":-1}},"2":{"start":{"line":3,"column":0},"end":{"line":null,"column":-1}},"3":{"start":{"line":4,"column":0},"end":{"line":null,"column":-1}},"4":{"start":{"line":5,"column":0},"end":{"line":null,"column":-1}},"5":{"start":{"line":6,"column":0},"end":{"line":null,"column":-1}},"6":{"start":{"line":7,"column":0},"end":{"line":null,"column":-1}},"7":{"start":{"line":9,"column":13},"end":{"line":9,"column":0}},"8":{"start":{"line":22,"column":22},"end":{"line":22,"column":0}},"9":{"start":{"line":22,"column":22},"end":{"line":22,"column":21}},"10":{"start":{"line":22,"column":22},"end":{"line":null,"column":-1}}},"fnMap":{"0":{"name":"MarketingCard","decl":{"start":{"line":22,"column":6},"end":{"line":22,"column":22}},"loc":{"start":{"line":22,"column":22},"end":{"line":22,"column":0}}}},"branchMap":{},"s":{"0":0,"1":0,"2":0,"3":0,"4":0,"5":0,"6":0,"7":0,"8":0,"9":0,"10":0},"f":{"0":0},"b":{}}
,"/Users/richardmoss/Projects/reactjs.academy-react/src/components/curriculum/index.js": {"path":"/Users/richardmoss/Projects/reactjs.academy-react/src/components/curriculum/index.js","statementMap":{"0":{"start":{"line":1,"column":0},"end":{"line":null,"column":-1}},"1":{"start":{"line":2,"column":0},"end":{"line":null,"column":-1}},"2":{"start":{"line":3,"column":0},"end":{"line":null,"column":-1}},"3":{"start":{"line":4,"column":0},"end":{"line":null,"column":-1}},"4":{"start":{"line":5,"column":0},"end":{"line":null,"column":-1}},"5":{"start":{"line":6,"column":0},"end":{"line":null,"column":-1}}},"fnMap":{},"branchMap":{},"s":{"0":0,"1":0,"2":0,"3":0,"4":0,"5":0},"f":{},"b":{}}
,"/Users/richardmoss/Projects/reactjs.academy-react/src/components/curriculum/sessions/AdvancedReduxSession.js": {"path":"/Users/richardmoss/Projects/reactjs.academy-react/src/components/curriculum/sessions/AdvancedReduxSession.js","statementMap":{"0":{"start":{"line":1,"column":0},"end":{"line":null,"column":-1}},"1":{"start":{"line":2,"column":0},"end":{"line":null,"column":-1}},"2":{"start":{"line":3,"column":0},"end":{"line":null,"column":-1}},"3":{"start":{"line":5,"column":29},"end":{"line":5,"column":0}},"4":{"start":{"line":5,"column":29},"end":{"line":5,"column":28}},"5":{"start":{"line":5,"column":29},"end":{"line":null,"column":-1}}},"fnMap":{"0":{"name":"AdvancedReduxSession","decl":{"start":{"line":5,"column":6},"end":{"line":5,"column":29}},"loc":{"start":{"line":5,"column":29},"end":{"line":5,"column":0}}}},"branchMap":{},"s":{"0":0,"1":0,"2":0,"3":0,"4":0,"5":0},"f":{"0":0},"b":{}}
,"/Users/richardmoss/Projects/reactjs.academy-react/src/components/curriculum/sessions/CompoundCompAndContextSession.js": {"path":"/Users/richardmoss/Projects/reactjs.academy-react/src/components/curriculum/sessions/CompoundCompAndContextSession.js","statementMap":{"0":{"start":{"line":1,"column":0},"end":{"line":null,"column":-1}},"1":{"start":{"line":2,"column":0},"end":{"line":null,"column":-1}},"2":{"start":{"line":3,"column":0},"end":{"line":null,"column":-1}},"3":{"start":{"line":5,"column":38},"end":{"line":5,"column":0}},"4":{"start":{"line":5,"column":38},"end":{"line":5,"column":37}},"5":{"start":{"line":5,"column":38},"end":{"line":null,"column":-1}}},"fnMap":{"0":{"name":"CompoundCompAndContextSession","decl":{"start":{"line":5,"column":6},"end":{"line":5,"column":38}},"loc":{"start":{"line":5,"column":38},"end":{"line":5,"column":0}}}},"branchMap":{},"s":{"0":0,"1":0,"2":0,"3":0,"4":0,"5":0},"f":{"0":0},"b":{}}
,"/Users/richardmoss/Projects/reactjs.academy-react/src/components/curriculum/sessions/ES6Session.js": {"path":"/Users/richardmoss/Projects/reactjs.academy-react/src/components/curriculum/sessions/ES6Session.js","statementMap":{"0":{"start":{"line":1,"column":0},"end":{"line":null,"column":-1}},"1":{"start":{"line":2,"column":0},"end":{"line":null,"column":-1}},"2":{"start":{"line":3,"column":0},"end":{"line":null,"column":-1}},"3":{"start":{"line":5,"column":19},"end":{"line":5,"column":0}},"4":{"start":{"line":5,"column":19},"end":{"line":5,"column":18}},"5":{"start":{"line":5,"column":19},"end":{"line":null,"column":-1}}},"fnMap":{"0":{"name":"ES6Session","decl":{"start":{"line":5,"column":6},"end":{"line":5,"column":19}},"loc":{"start":{"line":5,"column":19},"end":{"line":5,"column":0}}}},"branchMap":{},"s":{"0":0,"1":0,"2":0,"3":0,"4":0,"5":0},"f":{"0":0},"b":{}}
,"/Users/richardmoss/Projects/reactjs.academy-react/src/components/curriculum/sessions/FormsAndAuthSession.js": {"path":"/Users/richardmoss/Projects/reactjs.academy-react/src/components/curriculum/sessions/FormsAndAuthSession.js","statementMap":{"0":{"start":{"line":1,"column":0},"end":{"line":null,"column":-1}},"1":{"start":{"line":2,"column":0},"end":{"line":null,"column":-1}},"2":{"start":{"line":3,"column":0},"end":{"line":null,"column":-1}},"3":{"start":{"line":5,"column":28},"end":{"line":5,"column":0}},"4":{"start":{"line":5,"column":28},"end":{"line":5,"column":27}},"5":{"start":{"line":5,"column":28},"end":{"line":null,"column":-1}}},"fnMap":{"0":{"name":"FormsAndAuthSession","decl":{"start":{"line":5,"column":6},"end":{"line":5,"column":28}},"loc":{"start":{"line":5,"column":28},"end":{"line":5,"column":0}}}},"branchMap":{},"s":{"0":0,"1":0,"2":0,"3":0,"4":0,"5":0},"f":{"0":0},"b":{}}
,"/Users/richardmoss/Projects/reactjs.academy-react/src/components/curriculum/sessions/GraphQLSession.js": {"path":"/Users/richardmoss/Projects/reactjs.academy-react/src/components/curriculum/sessions/GraphQLSession.js","statementMap":{"0":{"start":{"line":1,"column":0},"end":{"line":null,"column":-1}},"1":{"start":{"line":2,"column":0},"end":{"line":null,"column":-1}},"2":{"start":{"line":3,"column":0},"end":{"line":null,"column":-1}},"3":{"start":{"line":5,"column":23},"end":{"line":5,"column":0}},"4":{"start":{"line":5,"column":23},"end":{"line":5,"column":22}},"5":{"start":{"line":5,"column":23},"end":{"line":null,"column":-1}}},"fnMap":{"0":{"name":"GraphQLSession","decl":{"start":{"line":5,"column":6},"end":{"line":5,"column":23}},"loc":{"start":{"line":5,"column":23},"end":{"line":5,"column":0}}}},"branchMap":{},"s":{"0":0,"1":0,"2":0,"3":0,"4":0,"5":0},"f":{"0":0},"b":{}}
,"/Users/richardmoss/Projects/reactjs.academy-react/src/components/curriculum/sessions/Hackathon.js": {"path":"/Users/richardmoss/Projects/reactjs.academy-react/src/components/curriculum/sessions/Hackathon.js","statementMap":{"0":{"start":{"line":1,"column":0},"end":{"line":null,"column":-1}},"1":{"start":{"line":2,"column":0},"end":{"line":null,"column":-1}},"2":{"start":{"line":3,"column":0},"end":{"line":null,"column":-1}},"3":{"start":{"line":5,"column":18},"end":{"line":5,"column":0}},"4":{"start":{"line":5,"column":18},"end":{"line":5,"column":17}},"5":{"start":{"line":5,"column":18},"end":{"line":null,"column":-1}}},"fnMap":{"0":{"name":"Hackathon","decl":{"start":{"line":5,"column":6},"end":{"line":5,"column":18}},"loc":{"start":{"line":5,"column":18},"end":{"line":5,"column":0}}}},"branchMap":{},"s":{"0":0,"1":0,"2":0,"3":0,"4":0,"5":0},"f":{"0":0},"b":{}}
,"/Users/richardmoss/Projects/reactjs.academy-react/src/components/curriculum/sessions/HoCsAndRenderPropsSession.js": {"path":"/Users/richardmoss/Projects/reactjs.academy-react/src/components/curriculum/sessions/HoCsAndRenderPropsSession.js","statementMap":{"0":{"start":{"line":1,"column":0},"end":{"line":null,"column":-1}},"1":{"start":{"line":2,"column":0},"end":{"line":null,"column":-1}},"2":{"start":{"line":3,"column":0},"end":{"line":null,"column":-1}},"3":{"start":{"line":5,"column":34},"end":{"line":5,"column":0}},"4":{"start":{"line":5,"column":34},"end":{"line":5,"column":33}},"5":{"start":{"line":5,"column":34},"end":{"line":null,"column":-1}}},"fnMap":{"0":{"name":"HoCsAndRenderPropsSession","decl":{"start":{"line":5,"column":6},"end":{"line":5,"column":34}},"loc":{"start":{"line":5,"column":34},"end":{"line":5,"column":0}}}},"branchMap":{},"s":{"0":0,"1":0,"2":0,"3":0,"4":0,"5":0},"f":{"0":0},"b":{}}
,"/Users/richardmoss/Projects/reactjs.academy-react/src/components/curriculum/sessions/IntroReactSession.js": {"path":"/Users/richardmoss/Projects/reactjs.academy-react/src/components/curriculum/sessions/IntroReactSession.js","statementMap":{"0":{"start":{"line":1,"column":0},"end":{"line":null,"column":-1}},"1":{"start":{"line":2,"column":0},"end":{"line":null,"column":-1}},"2":{"start":{"line":3,"column":0},"end":{"line":null,"column":-1}},"3":{"start":{"line":5,"column":26},"end":{"line":5,"column":0}},"4":{"start":{"line":5,"column":26},"end":{"line":5,"column":25}},"5":{"start":{"line":5,"column":26},"end":{"line":null,"column":-1}}},"fnMap":{"0":{"name":"IntroReactSession","decl":{"start":{"line":5,"column":6},"end":{"line":5,"column":26}},"loc":{"start":{"line":5,"column":26},"end":{"line":5,"column":0}}}},"branchMap":{},"s":{"0":0,"1":0,"2":0,"3":0,"4":0,"5":0},"f":{"0":0},"b":{}}
,"/Users/richardmoss/Projects/reactjs.academy-react/src/components/curriculum/sessions/IntroReduxSession.js": {"path":"/Users/richardmoss/Projects/reactjs.academy-react/src/components/curriculum/sessions/IntroReduxSession.js","statementMap":{"0":{"start":{"line":1,"column":0},"end":{"line":null,"column":-1}},"1":{"start":{"line":2,"column":0},"end":{"line":null,"column":-1}},"2":{"start":{"line":3,"column":0},"end":{"line":null,"column":-1}},"3":{"start":{"line":5,"column":26},"end":{"line":5,"column":0}},"4":{"start":{"line":5,"column":26},"end":{"line":5,"column":25}},"5":{"start":{"line":5,"column":26},"end":{"line":null,"column":-1}}},"fnMap":{"0":{"name":"IntroReduxSession","decl":{"start":{"line":5,"column":6},"end":{"line":5,"column":26}},"loc":{"start":{"line":5,"column":26},"end":{"line":5,"column":0}}}},"branchMap":{},"s":{"0":0,"1":0,"2":0,"3":0,"4":0,"5":0},"f":{"0":0},"b":{}}
,"/Users/richardmoss/Projects/reactjs.academy-react/src/components/curriculum/sessions/ReactFundamentalsRecapSession.js": {"path":"/Users/richardmoss/Projects/reactjs.academy-react/src/components/curriculum/sessions/ReactFundamentalsRecapSession.js","statementMap":{"0":{"start":{"line":1,"column":0},"end":{"line":null,"column":-1}},"1":{"start":{"line":2,"column":0},"end":{"line":null,"column":-1}},"2":{"start":{"line":3,"column":0},"end":{"line":null,"column":-1}},"3":{"start":{"line":5,"column":38},"end":{"line":5,"column":0}},"4":{"start":{"line":5,"column":38},"end":{"line":5,"column":37}},"5":{"start":{"line":5,"column":38},"end":{"line":null,"column":-1}}},"fnMap":{"0":{"name":"ReactFundamentalsRecapSession","decl":{"start":{"line":5,"column":6},"end":{"line":5,"column":38}},"loc":{"start":{"line":5,"column":38},"end":{"line":5,"column":0}}}},"branchMap":{},"s":{"0":0,"1":0,"2":0,"3":0,"4":0,"5":0},"f":{"0":0},"b":{}}
,"/Users/richardmoss/Projects/reactjs.academy-react/src/components/curriculum/sessions/ReactNativeAnimationsSession.js": {"path":"/Users/richardmoss/Projects/reactjs.academy-react/src/components/curriculum/sessions/ReactNativeAnimationsSession.js","statementMap":{"0":{"start":{"line":1,"column":0},"end":{"line":null,"column":-1}},"1":{"start":{"line":2,"column":0},"end":{"line":null,"column":-1}},"2":{"start":{"line":3,"column":0},"end":{"line":null,"column":-1}},"3":{"start":{"line":5,"column":37},"end":{"line":5,"column":0}},"4":{"start":{"line":5,"column":37},"end":{"line":5,"column":36}},"5":{"start":{"line":5,"column":37},"end":{"line":null,"column":-1}}},"fnMap":{"0":{"name":"ReactNativeAnimationsSession","decl":{"start":{"line":5,"column":6},"end":{"line":5,"column":37}},"loc":{"start":{"line":5,"column":37},"end":{"line":5,"column":0}}}},"branchMap":{},"s":{"0":0,"1":0,"2":0,"3":0,"4":0,"5":0},"f":{"0":0},"b":{}}
,"/Users/richardmoss/Projects/reactjs.academy-react/src/components/curriculum/sessions/ReactNativeFoundationSession.js": {"path":"/Users/richardmoss/Projects/reactjs.academy-react/src/components/curriculum/sessions/ReactNativeFoundationSession.js","statementMap":{"0":{"start":{"line":1,"column":0},"end":{"line":null,"column":-1}},"1":{"start":{"line":2,"column":0},"end":{"line":null,"column":-1}},"2":{"start":{"line":3,"column":0},"end":{"line":null,"column":-1}},"3":{"start":{"line":5,"column":37},"end":{"line":5,"column":0}},"4":{"start":{"line":5,"column":37},"end":{"line":5,"column":36}},"5":{"start":{"line":5,"column":37},"end":{"line":null,"column":-1}}},"fnMap":{"0":{"name":"ReactNativeFoundationSession","decl":{"start":{"line":5,"column":6},"end":{"line":5,"column":37}},"loc":{"start":{"line":5,"column":37},"end":{"line":5,"column":0}}}},"branchMap":{},"s":{"0":0,"1":0,"2":0,"3":0,"4":0,"5":0},"f":{"0":0},"b":{}}
,"/Users/richardmoss/Projects/reactjs.academy-react/src/components/curriculum/sessions/ReactNativeGesturesSession.js": {"path":"/Users/richardmoss/Projects/reactjs.academy-react/src/components/curriculum/sessions/ReactNativeGesturesSession.js","statementMap":{"0":{"start":{"line":1,"column":0},"end":{"line":null,"column":-1}},"1":{"start":{"line":2,"column":0},"end":{"line":null,"column":-1}},"2":{"start":{"line":3,"column":0},"end":{"line":null,"column":-1}},"3":{"start":{"line":5,"column":35},"end":{"line":5,"column":0}},"4":{"start":{"line":5,"column":35},"end":{"line":5,"column":34}},"5":{"start":{"line":5,"column":35},"end":{"line":null,"column":-1}}},"fnMap":{"0":{"name":"ReactNativeGesturesSession","decl":{"start":{"line":5,"column":6},"end":{"line":5,"column":35}},"loc":{"start":{"line":5,"column":35},"end":{"line":5,"column":0}}}},"branchMap":{},"s":{"0":0,"1":0,"2":0,"3":0,"4":0,"5":0},"f":{"0":0},"b":{}}
,"/Users/richardmoss/Projects/reactjs.academy-react/src/components/curriculum/sessions/RoutingAndDataFetchingSession.js": {"path":"/Users/richardmoss/Projects/reactjs.academy-react/src/components/curriculum/sessions/RoutingAndDataFetchingSession.js","statementMap":{"0":{"start":{"line":1,"column":0},"end":{"line":null,"column":-1}},"1":{"start":{"line":2,"column":0},"end":{"line":null,"column":-1}},"2":{"start":{"line":3,"column":0},"end":{"line":null,"column":-1}},"3":{"start":{"line":5,"column":38},"end":{"line":5,"column":0}},"4":{"start":{"line":5,"column":38},"end":{"line":5,"column":37}},"5":{"start":{"line":5,"column":38},"end":{"line":null,"column":-1}}},"fnMap":{"0":{"name":"RoutingAndDataFetchingSession","decl":{"start":{"line":5,"column":6},"end":{"line":5,"column":38}},"loc":{"start":{"line":5,"column":38},"end":{"line":5,"column":0}}}},"branchMap":{},"s":{"0":0,"1":0,"2":0,"3":0,"4":0,"5":0},"f":{"0":0},"b":{}}
,"/Users/richardmoss/Projects/reactjs.academy-react/src/components/curriculum/sessions/ServerSideRenderingSession.js": {"path":"/Users/richardmoss/Projects/reactjs.academy-react/src/components/curriculum/sessions/ServerSideRenderingSession.js","statementMap":{"0":{"start":{"line":1,"column":0},"end":{"line":null,"column":-1}},"1":{"start":{"line":2,"column":0},"end":{"line":null,"column":-1}},"2":{"start":{"line":3,"column":0},"end":{"line":null,"column":-1}},"3":{"start":{"line":5,"column":35},"end":{"line":5,"column":0}},"4":{"start":{"line":5,"column":35},"end":{"line":5,"column":34}},"5":{"start":{"line":5,"column":35},"end":{"line":null,"column":-1}}},"fnMap":{"0":{"name":"ServerSideRenderingSession","decl":{"start":{"line":5,"column":6},"end":{"line":5,"column":35}},"loc":{"start":{"line":5,"column":35},"end":{"line":5,"column":0}}}},"branchMap":{},"s":{"0":0,"1":0,"2":0,"3":0,"4":0,"5":0},"f":{"0":0},"b":{}}
,"/Users/richardmoss/Projects/reactjs.academy-react/src/components/curriculum/sessions/Session.js": {"path":"/Users/richardmoss/Projects/reactjs.academy-react/src/components/curriculum/sessions/Session.js","statementMap":{"0":{"start":{"line":1,"column":0},"end":{"line":null,"column":-1}},"1":{"start":{"line":2,"column":0},"end":{"line":null,"column":-1}},"2":{"start":{"line":4,"column":16},"end":{"line":4,"column":0}},"3":{"start":{"line":4,"column":16},"end":{"line":4,"column":15}},"4":{"start":{"line":4,"column":16},"end":{"line":null,"column":-1}}},"fnMap":{"0":{"name":"Session","decl":{"start":{"line":4,"column":6},"end":{"line":4,"column":16}},"loc":{"start":{"line":4,"column":16},"end":{"line":4,"column":0}}}},"branchMap":{"0":{"loc":{"start":{"line":6,"column":4},"end":{"line":5,"column":2}},"type":"cond-expr","locations":[{"start":{"line":6,"column":4},"end":{"line":5,"column":2}},{"start":{"line":8,"column":4},"end":{"line":4,"column":16}}]}},"s":{"0":0,"1":0,"2":0,"3":0,"4":0},"f":{"0":0},"b":{"0":[0,0]}}
,"/Users/richardmoss/Projects/reactjs.academy-react/src/components/curriculum/sessions/StylingInReactSession.js": {"path":"/Users/richardmoss/Projects/reactjs.academy-react/src/components/curriculum/sessions/StylingInReactSession.js","statementMap":{"0":{"start":{"line":1,"column":0},"end":{"line":null,"column":-1}},"1":{"start":{"line":2,"column":0},"end":{"line":null,"column":-1}},"2":{"start":{"line":3,"column":0},"end":{"line":null,"column":-1}},"3":{"start":{"line":5,"column":30},"end":{"line":5,"column":0}},"4":{"start":{"line":5,"column":30},"end":{"line":5,"column":29}},"5":{"start":{"line":5,"column":30},"end":{"line":null,"column":-1}}},"fnMap":{"0":{"name":"StylingInReactSession","decl":{"start":{"line":5,"column":6},"end":{"line":5,"column":30}},"loc":{"start":{"line":5,"column":30},"end":{"line":5,"column":0}}}},"branchMap":{},"s":{"0":0,"1":0,"2":0,"3":0,"4":0,"5":0},"f":{"0":0},"b":{}}
,"/Users/richardmoss/Projects/reactjs.academy-react/src/components/curriculum/sessions/TestingInReactSession.js": {"path":"/Users/richardmoss/Projects/reactjs.academy-react/src/components/curriculum/sessions/TestingInReactSession.js","statementMap":{"0":{"start":{"line":1,"column":0},"end":{"line":null,"column":-1}},"1":{"start":{"line":2,"column":0},"end":{"line":null,"column":-1}},"2":{"start":{"line":3,"column":0},"end":{"line":null,"column":-1}},"3":{"start":{"line":5,"column":30},"end":{"line":5,"column":0}},"4":{"start":{"line":5,"column":30},"end":{"line":5,"column":29}},"5":{"start":{"line":5,"column":30},"end":{"line":null,"column":-1}}},"fnMap":{"0":{"name":"TestingInReactSession","decl":{"start":{"line":5,"column":6},"end":{"line":5,"column":30}},"loc":{"start":{"line":5,"column":30},"end":{"line":5,"column":0}}}},"branchMap":{},"s":{"0":0,"1":0,"2":0,"3":0,"4":0,"5":0},"f":{"0":0},"b":{}}
,"/Users/richardmoss/Projects/reactjs.academy-react/src/components/curriculum/sessions/TestingIntroSession.js": {"path":"/Users/richardmoss/Projects/reactjs.academy-react/src/components/curriculum/sessions/TestingIntroSession.js","statementMap":{"0":{"start":{"line":1,"column":0},"end":{"line":null,"column":-1}},"1":{"start":{"line":2,"column":0},"end":{"line":null,"column":-1}},"2":{"start":{"line":3,"column":0},"end":{"line":null,"column":-1}},"3":{"start":{"line":5,"column":28},"end":{"line":5,"column":0}},"4":{"start":{"line":5,"column":28},"end":{"line":5,"column":27}},"5":{"start":{"line":5,"column":28},"end":{"line":null,"column":-1}}},"fnMap":{"0":{"name":"TestingIntroSession","decl":{"start":{"line":5,"column":6},"end":{"line":5,"column":28}},"loc":{"start":{"line":5,"column":28},"end":{"line":5,"column":0}}}},"branchMap":{},"s":{"0":0,"1":0,"2":0,"3":0,"4":0,"5":0},"f":{"0":0},"b":{}}
,"/Users/richardmoss/Projects/reactjs.academy-react/src/components/elements/Alert.js": {"path":"/Users/richardmoss/Projects/reactjs.academy-react/src/components/elements/Alert.js","statementMap":{"0":{"start":{"line":5,"column":14},"end":{"line":10,"column":1}},"1":{"start":{"line":8,"column":4},"end":{"line":8,"column":59}}},"fnMap":{"0":{"name":"(anonymous_0)","decl":{"start":{"line":7,"column":4},"end":{"line":7,"column":5}},"loc":{"start":{"line":8,"column":4},"end":{"line":8,"column":59}},"line":8}},"branchMap":{"0":{"loc":{"start":{"line":8,"column":4},"end":{"line":8,"column":59}},"type":"cond-expr","locations":[{"start":{"line":8,"column":19},"end":{"line":8,"column":52}},{"start":{"line":8,"column":55},"end":{"line":8,"column":59}}],"line":8}},"s":{"0":1,"1":0},"f":{"0":0},"b":{"0":[0,0]},"_coverageSchema":"332fd63041d2c1bcb487cc26dd0d5f7d97098a6c","hash":"0a7d1a0da34f7d20788748de58b1ab85a519ca21"}
,"/Users/richardmoss/Projects/reactjs.academy-react/src/components/elements/Card.js": {"path":"/Users/richardmoss/Projects/reactjs.academy-react/src/components/elements/Card.js","statementMap":{"0":{"start":{"line":9,"column":18},"end":{"line":24,"column":1}},"1":{"start":{"line":9,"column":27},"end":{"line":24,"column":1}},"2":{"start":{"line":26,"column":13},"end":{"line":85,"column":1}},"3":{"start":{"line":28,"column":4},"end":{"line":32,"column":12}},"4":{"start":{"line":35,"column":4},"end":{"line":41,"column":3}},"5":{"start":{"line":43,"column":4},"end":{"line":60,"column":5}},"6":{"start":{"line":45,"column":8},"end":{"line":49,"column":3}},"7":{"start":{"line":51,"column":8},"end":{"line":54,"column":3}},"8":{"start":{"line":56,"column":8},"end":{"line":59,"column":3}},"9":{"start":{"line":64,"column":4},"end":{"line":69,"column":5}},"10":{"start":{"line":66,"column":8},"end":{"line":66,"column":60}},"11":{"start":{"line":68,"column":8},"end":{"line":68,"column":25}},"12":{"start":{"line":76,"column":6},"end":{"line":83,"column":7}},"13":{"start":{"line":87,"column":0},"end":{"line":87,"column":25}},"14":{"start":{"line":88,"column":0},"end":{"line":90,"column":1}}},"fnMap":{"0":{"name":"(anonymous_0)","decl":{"start":{"line":9,"column":18},"end":{"line":9,"column":19}},"loc":{"start":{"line":9,"column":27},"end":{"line":24,"column":1}},"line":9},"1":{"name":"(anonymous_1)","decl":{"start":{"line":27,"column":4},"end":{"line":27,"column":5}},"loc":{"start":{"line":28,"column":4},"end":{"line":32,"column":12}},"line":28},"2":{"name":"(anonymous_2)","decl":{"start":{"line":34,"column":4},"end":{"line":34,"column":5}},"loc":{"start":{"line":35,"column":4},"end":{"line":41,"column":3}},"line":35},"3":{"name":"(anonymous_3)","decl":{"start":{"line":42,"column":4},"end":{"line":42,"column":5}},"loc":{"start":{"line":42,"column":13},"end":{"line":61,"column":3}},"line":42},"4":{"name":"(anonymous_4)","decl":{"start":{"line":63,"column":4},"end":{"line":63,"column":5}},"loc":{"start":{"line":63,"column":13},"end":{"line":70,"column":3}},"line":63},"5":{"name":"(anonymous_5)","decl":{"start":{"line":75,"column":6},"end":{"line":75,"column":7}},"loc":{"start":{"line":76,"column":6},"end":{"line":83,"column":7}},"line":76}},"branchMap":{"0":{"loc":{"start":{"line":28,"column":4},"end":{"line":32,"column":12}},"type":"cond-expr","locations":[{"start":{"line":29,"column":8},"end":{"line":31,"column":5}},{"start":{"line":32,"column":8},"end":{"line":32,"column":12}}],"line":28},"1":{"loc":{"start":{"line":35,"column":4},"end":{"line":41,"column":3}},"type":"cond-expr","locations":[{"start":{"line":36,"column":8},"end":{"line":38,"column":5}},{"start":{"line":39,"column":8},"end":{"line":41,"column":3}}],"line":35},"2":{"loc":{"start":{"line":43,"column":4},"end":{"line":60,"column":5}},"type":"switch","locations":[{"start":{"line":44,"column":6},"end":{"line":49,"column":3}},{"start":{"line":50,"column":6},"end":{"line":54,"column":3}},{"start":{"line":55,"column":6},"end":{"line":59,"column":3}}],"line":43},"3":{"loc":{"start":{"line":64,"column":4},"end":{"line":69,"column":5}},"type":"switch","locations":[{"start":{"line":65,"column":6},"end":{"line":66,"column":60}},{"start":{"line":67,"column":6},"end":{"line":68,"column":25}}],"line":64},"4":{"loc":{"start":{"line":76,"column":6},"end":{"line":83,"column":7}},"type":"cond-expr","locations":[{"start":{"line":77,"column":10},"end":{"line":79,"column":7}},{"start":{"line":80,"column":10},"end":{"line":83,"column":7}}],"line":76}},"s":{"0":1,"1":2,"2":1,"3":2,"4":2,"5":2,"6":0,"7":0,"8":2,"9":2,"10":0,"11":0,"12":2,"13":1,"14":1},"f":{"0":2,"1":2,"2":2,"3":2,"4":2,"5":2},"b":{"0":[0,2],"1":[2,0],"2":[0,0,2],"3":[0,0],"4":[0,2]},"_coverageSchema":"332fd63041d2c1bcb487cc26dd0d5f7d97098a6c","hash":"ba07638108269d5db77ed4c05e0c74327de35c5e"}
,"/Users/richardmoss/Projects/reactjs.academy-react/src/components/elements/Image.js": {"path":"/Users/richardmoss/Projects/reactjs.academy-react/src/components/elements/Image.js","statementMap":{"0":{"start":{"line":5,"column":14},"end":{"line":7,"column":1}},"1":{"start":{"line":9,"column":0},"end":{"line":11,"column":1}}},"fnMap":{},"branchMap":{},"s":{"0":1,"1":1},"f":{},"b":{},"_coverageSchema":"332fd63041d2c1bcb487cc26dd0d5f7d97098a6c","hash":"e67a7666e755d455346da9bd2e35107b3c3666d2"}
,"/Users/richardmoss/Projects/reactjs.academy-react/src/components/elements/Ribbon.js": {"path":"/Users/richardmoss/Projects/reactjs.academy-react/src/components/elements/Ribbon.js","statementMap":{"0":{"start":{"line":12,"column":19},"end":{"line":12,"column":45}},"1":{"start":{"line":13,"column":21},"end":{"line":13,"column":51}}},"fnMap":{"0":{"name":"(anonymous_0)","decl":{"start":{"line":12,"column":9},"end":{"line":12,"column":10}},"loc":{"start":{"line":12,"column":19},"end":{"line":12,"column":45}},"line":12},"1":{"name":"(anonymous_1)","decl":{"start":{"line":13,"column":11},"end":{"line":13,"column":12}},"loc":{"start":{"line":13,"column":21},"end":{"line":13,"column":51}},"line":13}},"branchMap":{"0":{"loc":{"start":{"line":12,"column":19},"end":{"line":12,"column":45}},"type":"cond-expr","locations":[{"start":{"line":12,"column":31},"end":{"line":12,"column":40}},{"start":{"line":12,"column":43},"end":{"line":12,"column":45}}],"line":12},"1":{"loc":{"start":{"line":13,"column":21},"end":{"line":13,"column":51}},"type":"cond-expr","locations":[{"start":{"line":13,"column":35},"end":{"line":13,"column":46}},{"start":{"line":13,"column":49},"end":{"line":13,"column":51}}],"line":13}},"s":{"0":0,"1":0},"f":{"0":0,"1":0},"b":{"0":[0,0],"1":[0,0]},"_coverageSchema":"332fd63041d2c1bcb487cc26dd0d5f7d97098a6c","hash":"41f382dd9a8e08f6b7b911b7bf4a9013b237dc5e"}
,"/Users/richardmoss/Projects/reactjs.academy-react/src/components/elements/Video.js": {"path":"/Users/richardmoss/Projects/reactjs.academy-react/src/components/elements/Video.js","statementMap":{"0":{"start":{"line":5,"column":22},"end":{"line":14,"column":1}},"1":{"start":{"line":16,"column":14},"end":{"line":27,"column":1}},"2":{"start":{"line":17,"column":2},"end":{"line":26,"column":18}},"3":{"start":{"line":29,"column":0},"end":{"line":31,"column":1}}},"fnMap":{"0":{"name":"(anonymous_0)","decl":{"start":{"line":16,"column":14},"end":{"line":16,"column":15}},"loc":{"start":{"line":17,"column":2},"end":{"line":26,"column":18}},"line":17}},"branchMap":{"0":{"loc":{"start":{"line":16,"column":28},"end":{"line":16,"column":46}},"type":"default-arg","locations":[{"start":{"line":16,"column":42},"end":{"line":16,"column":46}}],"line":16},"1":{"loc":{"start":{"line":25,"column":5},"end":{"line":25,"column":50}},"type":"cond-expr","locations":[{"start":{"line":25,"column":19},"end":{"line":25,"column":43}},{"start":{"line":25,"column":46},"end":{"line":25,"column":50}}],"line":25}},"s":{"0":1,"1":1,"2":0,"3":1},"f":{"0":0},"b":{"0":[0],"1":[0,0]},"_coverageSchema":"332fd63041d2c1bcb487cc26dd0d5f7d97098a6c","hash":"6495d3d3754bdce1ee66c4a8d9e965c892e795c0"}
,"/Users/richardmoss/Projects/reactjs.academy-react/src/components/elements/index.js": {"path":"/Users/richardmoss/Projects/reactjs.academy-react/src/components/elements/index.js","statementMap":{},"fnMap":{},"branchMap":{},"s":{},"f":{},"b":{},"_coverageSchema":"332fd63041d2c1bcb487cc26dd0d5f7d97098a6c","hash":"d2722868b3ac8b59efcd97e318e9f3e698c9a1c2"}
,"/Users/richardmoss/Projects/reactjs.academy-react/src/components/form/Contact.js": {"path":"/Users/richardmoss/Projects/reactjs.academy-react/src/components/form/Contact.js","statementMap":{"0":{"start":{"line":1,"column":0},"end":{"line":null,"column":-1}},"1":{"start":{"line":2,"column":0},"end":{"line":null,"column":-1}},"2":{"start":{"line":4,"column":0},"end":{"line":null,"column":-1}},"3":{"start":{"line":5,"column":0},"end":{"line":null,"column":-1}},"4":{"start":{"line":6,"column":0},"end":{"line":null,"column":-1}},"5":{"start":{"line":12,"column":0},"end":{"line":null,"column":-1}},"6":{"start":{"line":13,"column":0},"end":{"line":null,"column":-1}},"7":{"start":{"line":14,"column":0},"end":{"line":null,"column":-1}},"8":{"start":{"line":15,"column":0},"end":{"line":null,"column":-1}},"9":{"start":{"line":16,"column":0},"end":{"line":null,"column":-1}},"10":{"start":{"line":18,"column":11},"end":{"line":18,"column":0}},"11":{"start":{"line":22,"column":10},"end":{"line":22,"column":0}},"12":{"start":{"line":25,"column":14},"end":{"line":25,"column":0}},"13":{"start":{"line":28,"column":13},"end":{"line":28,"column":0}},"14":{"start":{"line":31,"column":14},"end":{"line":31,"column":0}},"15":{"start":{"line":35,"column":20},"end":{"line":35,"column":0}},"16":{"start":{"line":39,"column":17},"end":{"line":39,"column":0}},"17":{"start":{"line":44,"column":20},"end":{"line":44,"column":0}},"18":{"start":{"line":48,"column":13},"end":{"line":48,"column":0}},"19":{"start":{"line":74,"column":4},"end":{"line":null,"column":-1}},"20":{"start":{"line":75,"column":4},"end":{"line":null,"column":-1}},"21":{"start":{"line":76,"column":4},"end":{"line":null,"column":-1}},"22":{"start":{"line":88,"column":4},"end":{"line":null,"column":-1}},"23":{"start":{"line":92,"column":21},"end":{"line":92,"column":4}},"24":{"start":{"line":93,"column":4},"end":{"line":null,"column":-1}},"25":{"start":{"line":97,"column":34},"end":{"line":96,"column":11}},"26":{"start":{"line":96,"column":11},"end":{"line":96,"column":10}},"27":{"start":{"line":98,"column":20},"end":{"line":98,"column":4}},"28":{"start":{"line":99,"column":4},"end":{"line":null,"column":-1}}},"fnMap":{},"branchMap":{"0":{"loc":{"start":{"line":76,"column":4},"end":{"line":77,"column":5}},"type":"binary-expr","locations":[{"start":{"line":76,"column":4},"end":{"line":77,"column":5}},{"start":{"line":77,"column":6},"end":{"line":76,"column":4}},{"start":{"line":78,"column":6},"end":{"line":76,"column":4}}]},"1":{"loc":{"start":{"line":98,"column":20},"end":{"line":98,"column":33}},"type":"binary-expr","locations":[{"start":{"line":98,"column":20},"end":{"line":98,"column":33}},{"start":{"line":98,"column":34},"end":{"line":98,"column":4}}]},"2":{"loc":{"start":{"line":112,"column":47},"end":{"line":112,"column":21}},"type":"cond-expr","locations":[{"start":{"line":112,"column":47},"end":{"line":112,"column":21}},{"start":{"line":112,"column":69},"end":{"line":null,"column":-1}}]},"3":{"loc":{"start":{"line":123,"column":16},"end":{"line":122,"column":15}},"type":"cond-expr","locations":[{"start":{"line":123,"column":16},"end":{"line":122,"column":15}},{"start":{"line":126,"column":18},"end":{"line":109,"column":12}}]},"4":{"loc":{"start":{"line":123,"column":29},"end":{"line":123,"column":16}},"type":"cond-expr","locations":[{"start":{"line":123,"column":29},"end":{"line":123,"column":16}},{"start":{"line":124,"column":18},"end":{"line":122,"column":15}}]},"5":{"loc":{"start":{"line":133,"column":10},"end":{"line":132,"column":9}},"type":"cond-expr","locations":[{"start":{"line":133,"column":10},"end":{"line":132,"column":9}},{"start":{"line":138,"column":12},"end":{"line":100,"column":6}}]}},"s":{"0":0,"1":0,"2":0,"3":0,"4":0,"5":0,"6":0,"7":0,"8":0,"9":0,"10":0,"11":0,"12":0,"13":0,"14":0,"15":0,"16":0,"17":0,"18":0,"19":0,"20":0,"21":0,"22":0,"23":0,"24":0,"25":0,"26":0,"27":0,"28":0},"f":{},"b":{"0":[0,0,0],"1":[0,0],"2":[0,0],"3":[0,0],"4":[0,0],"5":[0,0]}}
,"/Users/richardmoss/Projects/reactjs.academy-react/src/components/form/FieldInput.js": {"path":"/Users/richardmoss/Projects/reactjs.academy-react/src/components/form/FieldInput.js","statementMap":{"0":{"start":{"line":5,"column":19},"end":{"line":5,"column":66}},"1":{"start":{"line":5,"column":28},"end":{"line":5,"column":66}}},"fnMap":{"0":{"name":"(anonymous_0)","decl":{"start":{"line":5,"column":19},"end":{"line":5,"column":20}},"loc":{"start":{"line":5,"column":28},"end":{"line":5,"column":66}},"line":5}},"branchMap":{},"s":{"0":1,"1":84},"f":{"0":84},"b":{},"_coverageSchema":"332fd63041d2c1bcb487cc26dd0d5f7d97098a6c","hash":"a2390e8c8585a72052706ff6c6b4c55159bb60a5"}
,"/Users/richardmoss/Projects/reactjs.academy-react/src/components/form/Input.js": {"path":"/Users/richardmoss/Projects/reactjs.academy-react/src/components/form/Input.js","statementMap":{"0":{"start":{"line":12,"column":14},"end":{"line":14,"column":1}},"1":{"start":{"line":15,"column":18},"end":{"line":27,"column":1}},"2":{"start":{"line":29,"column":28},"end":{"line":37,"column":1}},"3":{"start":{"line":39,"column":25},"end":{"line":42,"column":1}},"4":{"start":{"line":44,"column":14},"end":{"line":73,"column":1}},"5":{"start":{"line":45,"column":70},"end":{"line":45,"column":74}},"6":{"start":{"line":46,"column":15},"end":{"line":46,"column":39}},"7":{"start":{"line":47,"column":19},"end":{"line":50,"column":3}},"8":{"start":{"line":48,"column":4},"end":{"line":48,"column":39}},"9":{"start":{"line":49,"column":4},"end":{"line":49,"column":39}},"10":{"start":{"line":52,"column":2},"end":{"line":72,"column":3}}},"fnMap":{"0":{"name":"(anonymous_0)","decl":{"start":{"line":44,"column":14},"end":{"line":44,"column":15}},"loc":{"start":{"line":44,"column":77},"end":{"line":73,"column":1}},"line":44},"1":{"name":"(anonymous_1)","decl":{"start":{"line":47,"column":19},"end":{"line":47,"column":20}},"loc":{"start":{"line":47,"column":24},"end":{"line":50,"column":3}},"line":47}},"branchMap":{"0":{"loc":{"start":{"line":44,"column":24},"end":{"line":44,"column":37}},"type":"default-arg","locations":[{"start":{"line":44,"column":31},"end":{"line":44,"column":37}}],"line":44},"1":{"loc":{"start":{"line":44,"column":39},"end":{"line":44,"column":49}},"type":"default-arg","locations":[{"start":{"line":44,"column":47},"end":{"line":44,"column":49}}],"line":44},"2":{"loc":{"start":{"line":44,"column":51},"end":{"line":44,"column":60}},"type":"default-arg","locations":[{"start":{"line":44,"column":58},"end":{"line":44,"column":60}}],"line":44},"3":{"loc":{"start":{"line":46,"column":15},"end":{"line":46,"column":39}},"type":"binary-expr","locations":[{"start":{"line":46,"column":15},"end":{"line":46,"column":25}},{"start":{"line":46,"column":29},"end":{"line":46,"column":39}}],"line":46},"4":{"loc":{"start":{"line":48,"column":4},"end":{"line":48,"column":39}},"type":"binary-expr","locations":[{"start":{"line":48,"column":4},"end":{"line":48,"column":18}},{"start":{"line":48,"column":22},"end":{"line":48,"column":39}}],"line":48},"5":{"loc":{"start":{"line":49,"column":4},"end":{"line":49,"column":39}},"type":"binary-expr","locations":[{"start":{"line":49,"column":4},"end":{"line":49,"column":18}},{"start":{"line":49,"column":22},"end":{"line":49,"column":39}}],"line":49},"6":{"loc":{"start":{"line":54,"column":7},"end":{"line":67,"column":9}},"type":"cond-expr","locations":[{"start":{"line":55,"column":8},"end":{"line":64,"column":25}},{"start":{"line":66,"column":10},"end":{"line":66,"column":77}}],"line":54},"7":{"loc":{"start":{"line":54,"column":7},"end":{"line":54,"column":26}},"type":"binary-expr","locations":[{"start":{"line":54,"column":7},"end":{"line":54,"column":12}},{"start":{"line":54,"column":16},"end":{"line":54,"column":26}}],"line":54},"8":{"loc":{"start":{"line":68,"column":7},"end":{"line":70,"column":14}},"type":"cond-expr","locations":[{"start":{"line":69,"column":8},"end":{"line":69,"column":44}},{"start":{"line":70,"column":10},"end":{"line":70,"column":14}}],"line":68},"9":{"loc":{"start":{"line":68,"column":7},"end":{"line":68,"column":67}},"type":"binary-expr","locations":[{"start":{"line":68,"column":8},"end":{"line":68,"column":15}},{"start":{"line":68,"column":19},"end":{"line":68,"column":28}},{"start":{"line":68,"column":34},"end":{"line":68,"column":46}},{"start":{"line":68,"column":50},"end":{"line":68,"column":66}}],"line":68}},"s":{"0":1,"1":1,"2":1,"3":1,"4":1,"5":94,"6":94,"7":94,"8":2,"9":2,"10":94},"f":{"0":94,"1":2},"b":{"0":[94],"1":[10],"2":[0],"3":[94,84],"4":[2,0],"5":[2,2],"6":[84,10],"7":[94,94],"8":[1,93],"9":[94,81,93,0]},"_coverageSchema":"332fd63041d2c1bcb487cc26dd0d5f7d97098a6c","hash":"fa2eca0da9691ec376c82cf1f407a292759d246a"}
,"/Users/richardmoss/Projects/reactjs.academy-react/src/components/form/index.js": {"path":"/Users/richardmoss/Projects/reactjs.academy-react/src/components/form/index.js","statementMap":{},"fnMap":{},"branchMap":{},"s":{},"f":{},"b":{},"_coverageSchema":"332fd63041d2c1bcb487cc26dd0d5f7d97098a6c","hash":"a7f5f5b1a5c4d08d0df6976522faaa87da65031f"}
,"/Users/richardmoss/Projects/reactjs.academy-react/src/components/form/validations.js": {"path":"/Users/richardmoss/Projects/reactjs.academy-react/src/components/form/validations.js","statementMap":{"0":{"start":{"line":8,"column":33},"end":{"line":9,"column":79}},"1":{"start":{"line":8,"column":52},"end":{"line":9,"column":79}},"2":{"start":{"line":9,"column":2},"end":{"line":9,"column":79}},"3":{"start":{"line":9,"column":42},"end":{"line":9,"column":67}},"4":{"start":{"line":11,"column":24},"end":{"line":11,"column":65}},"5":{"start":{"line":11,"column":34},"end":{"line":11,"column":64}},"6":{"start":{"line":13,"column":27},"end":{"line":16,"column":1}},"7":{"start":{"line":14,"column":18},"end":{"line":14,"column":173}},"8":{"start":{"line":15,"column":2},"end":{"line":15,"column":72}},"9":{"start":{"line":18,"column":32},"end":{"line":21,"column":34}},"10":{"start":{"line":19,"column":2},"end":{"line":21,"column":34}},"11":{"start":{"line":23,"column":25},"end":{"line":28,"column":1}},"12":{"start":{"line":24,"column":22},"end":{"line":24,"column":36}},"13":{"start":{"line":25,"column":2},"end":{"line":27,"column":33}},"14":{"start":{"line":30,"column":30},"end":{"line":36,"column":1}},"15":{"start":{"line":31,"column":16},"end":{"line":31,"column":52}},"16":{"start":{"line":32,"column":15},"end":{"line":32,"column":50}},"17":{"start":{"line":33,"column":2},"end":{"line":35,"column":32}},"18":{"start":{"line":38,"column":27},"end":{"line":44,"column":1}},"19":{"start":{"line":39,"column":16},"end":{"line":39,"column":504}},"20":{"start":{"line":40,"column":28},"end":{"line":40,"column":60}},"21":{"start":{"line":41,"column":2},"end":{"line":43,"column":36}}},"fnMap":{"0":{"name":"(anonymous_0)","decl":{"start":{"line":8,"column":33},"end":{"line":8,"column":34}},"loc":{"start":{"line":8,"column":52},"end":{"line":9,"column":79}},"line":8},"1":{"name":"(anonymous_1)","decl":{"start":{"line":8,"column":52},"end":{"line":8,"column":53}},"loc":{"start":{"line":9,"column":2},"end":{"line":9,"column":79}},"line":9},"2":{"name":"(anonymous_2)","decl":{"start":{"line":9,"column":20},"end":{"line":9,"column":21}},"loc":{"start":{"line":9,"column":42},"end":{"line":9,"column":67}},"line":9},"3":{"name":"(anonymous_3)","decl":{"start":{"line":11,"column":24},"end":{"line":11,"column":25}},"loc":{"start":{"line":11,"column":34},"end":{"line":11,"column":64}},"line":11},"4":{"name":"(anonymous_4)","decl":{"start":{"line":13,"column":27},"end":{"line":13,"column":28}},"loc":{"start":{"line":13,"column":36},"end":{"line":16,"column":1}},"line":13},"5":{"name":"(anonymous_5)","decl":{"start":{"line":18,"column":32},"end":{"line":18,"column":33}},"loc":{"start":{"line":19,"column":2},"end":{"line":21,"column":34}},"line":19},"6":{"name":"(anonymous_6)","decl":{"start":{"line":23,"column":25},"end":{"line":23,"column":26}},"loc":{"start":{"line":23,"column":32},"end":{"line":28,"column":1}},"line":23},"7":{"name":"(anonymous_7)","decl":{"start":{"line":30,"column":30},"end":{"line":30,"column":31}},"loc":{"start":{"line":30,"column":48},"end":{"line":36,"column":1}},"line":30},"8":{"name":"(anonymous_8)","decl":{"start":{"line":38,"column":27},"end":{"line":38,"column":28}},"loc":{"start":{"line":38,"column":47},"end":{"line":44,"column":1}},"line":38}},"branchMap":{"0":{"loc":{"start":{"line":9,"column":42},"end":{"line":9,"column":67}},"type":"binary-expr","locations":[{"start":{"line":9,"column":42},"end":{"line":9,"column":47}},{"start":{"line":9,"column":51},"end":{"line":9,"column":67}}],"line":9},"1":{"loc":{"start":{"line":11,"column":34},"end":{"line":11,"column":64}},"type":"cond-expr","locations":[{"start":{"line":11,"column":42},"end":{"line":11,"column":51}},{"start":{"line":11,"column":54},"end":{"line":11,"column":64}}],"line":11},"2":{"loc":{"start":{"line":15,"column":9},"end":{"line":15,"column":72}},"type":"cond-expr","locations":[{"start":{"line":15,"column":31},"end":{"line":15,"column":40}},{"start":{"line":15,"column":43},"end":{"line":15,"column":72}}],"line":15},"3":{"loc":{"start":{"line":19,"column":2},"end":{"line":21,"column":34}},"type":"cond-expr","locations":[{"start":{"line":20,"column":6},"end":{"line":20,"column":15}},{"start":{"line":21,"column":6},"end":{"line":21,"column":34}}],"line":19},"4":{"loc":{"start":{"line":25,"column":9},"end":{"line":27,"column":33}},"type":"cond-expr","locations":[{"start":{"line":26,"column":6},"end":{"line":26,"column":15}},{"start":{"line":27,"column":6},"end":{"line":27,"column":33}}],"line":25},"5":{"loc":{"start":{"line":33,"column":9},"end":{"line":35,"column":32}},"type":"cond-expr","locations":[{"start":{"line":34,"column":6},"end":{"line":34,"column":15}},{"start":{"line":35,"column":6},"end":{"line":35,"column":32}}],"line":33},"6":{"loc":{"start":{"line":38,"column":28},"end":{"line":38,"column":42}},"type":"default-arg","locations":[{"start":{"line":38,"column":40},"end":{"line":38,"column":42}}],"line":38},"7":{"loc":{"start":{"line":41,"column":9},"end":{"line":43,"column":36}},"type":"cond-expr","locations":[{"start":{"line":42,"column":6},"end":{"line":42,"column":15}},{"start":{"line":43,"column":6},"end":{"line":43,"column":36}}],"line":41}},"s":{"0":1,"1":56,"2":8,"3":16,"4":1,"5":12,"6":1,"7":0,"8":0,"9":1,"10":0,"11":1,"12":0,"13":0,"14":1,"15":0,"16":0,"17":0,"18":1,"19":0,"20":0,"21":0},"f":{"0":56,"1":8,"2":16,"3":12,"4":0,"5":0,"6":0,"7":0,"8":0},"b":{"0":[16,8],"1":[0,12],"2":[0,0],"3":[0,0],"4":[0,0],"5":[0,0],"6":[0],"7":[0,0]},"_coverageSchema":"332fd63041d2c1bcb487cc26dd0d5f7d97098a6c","hash":"9b8bd2255a8aee99d41a42f0d0b58e4cbfbe7acd"}
,"/Users/richardmoss/Projects/reactjs.academy-react/src/components/icons/BussinessIcon.js": {"path":"/Users/richardmoss/Projects/reactjs.academy-react/src/components/icons/BussinessIcon.js","statementMap":{"0":{"start":{"line":1,"column":0},"end":{"line":null,"column":-1}},"1":{"start":{"line":2,"column":0},"end":{"line":null,"column":-1}},"2":{"start":{"line":3,"column":0},"end":{"line":null,"column":-1}},"3":{"start":{"line":5,"column":23},"end":{"line":5,"column":0}},"4":{"start":{"line":5,"column":23},"end":{"line":null,"column":-1}}},"fnMap":{"0":{"name":"BussinesseIcon","decl":{"start":{"line":5,"column":6},"end":{"line":5,"column":23}},"loc":{"start":{"line":5,"column":23},"end":{"line":5,"column":0}}}},"branchMap":{},"s":{"0":0,"1":0,"2":0,"3":0,"4":0},"f":{"0":0},"b":{}}
,"/Users/richardmoss/Projects/reactjs.academy-react/src/components/icons/BussinessIcon.stories.js": {"path":"/Users/richardmoss/Projects/reactjs.academy-react/src/components/icons/BussinessIcon.stories.js","statementMap":{"0":{"start":{"line":1,"column":0},"end":{"line":null,"column":-1}},"1":{"start":{"line":2,"column":0},"end":{"line":null,"column":-1}},"2":{"start":{"line":3,"column":0},"end":{"line":null,"column":-1}},"3":{"start":{"line":5,"column":0},"end":{"line":null,"column":-1}},"4":{"start":{"line":5,"column":49},"end":{"line":null,"column":-1}}},"fnMap":{"0":{"name":"(anonymous_1)","decl":{"start":{"line":5,"column":49},"end":{"line":null,"column":-1}},"loc":{"start":{"line":5,"column":49},"end":{"line":5,"column":0}}}},"branchMap":{},"s":{"0":0,"1":0,"2":0,"3":0,"4":0},"f":{"0":0},"b":{}}
,"/Users/richardmoss/Projects/reactjs.academy-react/src/components/icons/CalendarIcon.js": {"path":"/Users/richardmoss/Projects/reactjs.academy-react/src/components/icons/CalendarIcon.js","statementMap":{"0":{"start":{"line":1,"column":0},"end":{"line":null,"column":-1}},"1":{"start":{"line":2,"column":0},"end":{"line":null,"column":-1}},"2":{"start":{"line":3,"column":0},"end":{"line":null,"column":-1}},"3":{"start":{"line":5,"column":21},"end":{"line":5,"column":0}},"4":{"start":{"line":5,"column":21},"end":{"line":null,"column":-1}}},"fnMap":{"0":{"name":"CalendarIcon","decl":{"start":{"line":5,"column":6},"end":{"line":5,"column":21}},"loc":{"start":{"line":5,"column":21},"end":{"line":5,"column":0}}}},"branchMap":{},"s":{"0":0,"1":0,"2":0,"3":0,"4":0},"f":{"0":0},"b":{}}
,"/Users/richardmoss/Projects/reactjs.academy-react/src/components/icons/CalendarIcon.stories.js": {"path":"/Users/richardmoss/Projects/reactjs.academy-react/src/components/icons/CalendarIcon.stories.js","statementMap":{"0":{"start":{"line":1,"column":0},"end":{"line":null,"column":-1}},"1":{"start":{"line":2,"column":0},"end":{"line":null,"column":-1}},"2":{"start":{"line":3,"column":0},"end":{"line":null,"column":-1}},"3":{"start":{"line":5,"column":0},"end":{"line":null,"column":-1}},"4":{"start":{"line":5,"column":48},"end":{"line":null,"column":-1}}},"fnMap":{"0":{"name":"(anonymous_1)","decl":{"start":{"line":5,"column":48},"end":{"line":null,"column":-1}},"loc":{"start":{"line":5,"column":48},"end":{"line":5,"column":0}}}},"branchMap":{},"s":{"0":0,"1":0,"2":0,"3":0,"4":0},"f":{"0":0},"b":{}}
,"/Users/richardmoss/Projects/reactjs.academy-react/src/components/icons/CodeIcon.js": {"path":"/Users/richardmoss/Projects/reactjs.academy-react/src/components/icons/CodeIcon.js","statementMap":{"0":{"start":{"line":1,"column":0},"end":{"line":null,"column":-1}},"1":{"start":{"line":2,"column":0},"end":{"line":null,"column":-1}},"2":{"start":{"line":3,"column":0},"end":{"line":null,"column":-1}},"3":{"start":{"line":5,"column":17},"end":{"line":5,"column":0}},"4":{"start":{"line":5,"column":17},"end":{"line":null,"column":-1}}},"fnMap":{"0":{"name":"CodeIcon","decl":{"start":{"line":5,"column":6},"end":{"line":5,"column":17}},"loc":{"start":{"line":5,"column":17},"end":{"line":5,"column":0}}}},"branchMap":{},"s":{"0":0,"1":0,"2":0,"3":0,"4":0},"f":{"0":0},"b":{}}
[...]
,"/Users/richardmoss/Projects/reactjs.academy-react/src/pages/react-redux-graphql-part-time-course.js": {"path":"/Users/richardmoss/Projects/reactjs.academy-react/src/pages/react-redux-graphql-part-time-course.js","statementMap":{"0":{"start":{"line":1,"column":0},"end":{"line":null,"column":-1}},"1":{"start":{"line":2,"column":0},"end":{"line":null,"column":-1}},"2":{"start":{"line":3,"column":0},"end":{"line":null,"column":-1}},"3":{"start":{"line":4,"column":0},"end":{"line":null,"column":-1}},"4":{"start":{"line":5,"column":0},"end":{"line":null,"column":-1}},"5":{"start":{"line":6,"column":0},"end":{"line":null,"column":-1}},"6":{"start":{"line":7,"column":0},"end":{"line":null,"column":-1}},"7":{"start":{"line":8,"column":0},"end":{"line":null,"column":-1}},"8":{"start":{"line":13,"column":0},"end":{"line":null,"column":-1}},"9":{"start":{"line":14,"column":0},"end":{"line":null,"column":-1}},"10":{"start":{"line":15,"column":0},"end":{"line":null,"column":-1}},"11":{"start":{"line":16,"column":0},"end":{"line":null,"column":-1}},"12":{"start":{"line":17,"column":0},"end":{"line":null,"column":-1}},"13":{"start":{"line":27,"column":0},"end":{"line":null,"column":-1}},"14":{"start":{"line":28,"column":0},"end":{"line":null,"column":-1}},"15":{"start":{"line":30,"column":18},"end":{"line":30,"column":0}},"16":{"start":{"line":31,"column":21},"end":{"line":31,"column":0}},"17":{"start":{"line":33,"column":17},"end":{"line":33,"column":0}},"18":{"start":{"line":33,"column":17},"end":{"line":null,"column":-1}}},"fnMap":{"0":{"name":"PartTime","decl":{"start":{"line":33,"column":6},"end":{"line":33,"column":17}},"loc":{"start":{"line":33,"column":17},"end":{"line":33,"column":0}}}},"branchMap":{},"s":{"0":0,"1":0,"2":0,"3":0,"4":0,"5":0,"6":0,"7":0,"8":0,"9":0,"10":0,"11":0,"12":0,"13":0,"14":0,"15":0,"16":0,"17":0,"18":0},"f":{"0":0},"b":{}}
,"/Users/richardmoss/Projects/reactjs.academy-react/src/pages/react-redux-graphql-training.js": {"path":"/Users/richardmoss/Projects/reactjs.academy-react/src/pages/react-redux-graphql-training.js","statementMap":{"0":{"start":{"line":1,"column":0},"end":{"line":null,"column":-1}},"1":{"start":{"line":2,"column":0},"end":{"line":null,"column":-1}},"2":{"start":{"line":3,"column":0},"end":{"line":null,"column":-1}},"3":{"start":{"line":4,"column":0},"end":{"line":null,"column":-1}},"4":{"start":{"line":5,"column":0},"end":{"line":null,"column":-1}},"5":{"start":{"line":6,"column":0},"end":{"line":null,"column":-1}},"6":{"start":{"line":7,"column":0},"end":{"line":null,"column":-1}},"7":{"start":{"line":8,"column":0},"end":{"line":null,"column":-1}},"8":{"start":{"line":9,"column":0},"end":{"line":null,"column":-1}},"9":{"start":{"line":10,"column":0},"end":{"line":null,"column":-1}},"10":{"start":{"line":12,"column":23},"end":{"line":12,"column":0}},"11":{"start":{"line":12,"column":23},"end":{"line":null,"column":-1}}},"fnMap":{"0":{"name":"BootcampAustin","decl":{"start":{"line":12,"column":6},"end":{"line":12,"column":23}},"loc":{"start":{"line":12,"column":23},"end":{"line":12,"column":0}}}},"branchMap":{},"s":{"0":0,"1":0,"2":0,"3":0,"4":0,"5":0,"6":0,"7":0,"8":0,"9":0,"10":0,"11":0},"f":{"0":0},"b":{}}
,"/Users/richardmoss/Projects/reactjs.academy-react/src/pages/react-redux-training-amsterdam.js": {"path":"/Users/richardmoss/Projects/reactjs.academy-react/src/pages/react-redux-training-amsterdam.js","statementMap":{"0":{"start":{"line":1,"column":0},"end":{"line":null,"column":-1}},"1":{"start":{"line":2,"column":0},"end":{"line":null,"column":-1}},"2":{"start":{"line":3,"column":0},"end":{"line":null,"column":-1}},"3":{"start":{"line":4,"column":0},"end":{"line":null,"column":-1}},"4":{"start":{"line":5,"column":0},"end":{"line":null,"column":-1}},"5":{"start":{"line":6,"column":0},"end":{"line":null,"column":-1}},"6":{"start":{"line":7,"column":0},"end":{"line":null,"column":-1}},"7":{"start":{"line":8,"column":0},"end":{"line":null,"column":-1}},"8":{"start":{"line":9,"column":0},"end":{"line":null,"column":-1}},"9":{"start":{"line":10,"column":0},"end":{"line":null,"column":-1}},"10":{"start":{"line":12,"column":26},"end":{"line":12,"column":0}},"11":{"start":{"line":12,"column":26},"end":{"line":null,"column":-1}}},"fnMap":{"0":{"name":"BootcampAmsterdam","decl":{"start":{"line":12,"column":6},"end":{"line":12,"column":26}},"loc":{"start":{"line":12,"column":26},"end":{"line":12,"column":0}}}},"branchMap":{},"s":{"0":0,"1":0,"2":0,"3":0,"4":0,"5":0,"6":0,"7":0,"8":0,"9":0,"10":0,"11":0},"f":{"0":0},"b":{}}
,"/Users/richardmoss/Projects/reactjs.academy-react/src/pages/react-redux-training-barcelona.js": {"path":"/Users/richardmoss/Projects/reactjs.academy-react/src/pages/react-redux-training-barcelona.js","statementMap":{"0":{"start":{"line":1,"column":0},"end":{"line":null,"column":-1}},"1":{"start":{"line":2,"column":0},"end":{"line":null,"column":-1}},"2":{"start":{"line":3,"column":0},"end":{"line":null,"column":-1}},"3":{"start":{"line":4,"column":0},"end":{"line":null,"column":-1}},"4":{"start":{"line":5,"column":0},"end":{"line":null,"column":-1}},"5":{"start":{"line":6,"column":0},"end":{"line":null,"column":-1}},"6":{"start":{"line":7,"column":0},"end":{"line":null,"column":-1}},"7":{"start":{"line":8,"column":0},"end":{"line":null,"column":-1}},"8":{"start":{"line":9,"column":0},"end":{"line":null,"column":-1}},"9":{"start":{"line":10,"column":0},"end":{"line":null,"column":-1}},"10":{"start":{"line":12,"column":26},"end":{"line":12,"column":0}},"11":{"start":{"line":12,"column":26},"end":{"line":null,"column":-1}}},"fnMap":{"0":{"name":"BootcampBarcelona","decl":{"start":{"line":12,"column":6},"end":{"line":12,"column":26}},"loc":{"start":{"line":12,"column":26},"end":{"line":12,"column":0}}}},"branchMap":{},"s":{"0":0,"1":0,"2":0,"3":0,"4":0,"5":0,"6":0,"7":0,"8":0,"9":0,"10":0,"11":0},"f":{"0":0},"b":{}}
,"/Users/richardmoss/Projects/reactjs.academy-react/src/pages/react-redux-training-berlin.js": {"path":"/Users/richardmoss/Projects/reactjs.academy-react/src/pages/react-redux-training-berlin.js","statementMap":{"0":{"start":{"line":1,"column":0},"end":{"line":null,"column":-1}},"1":{"start":{"line":2,"column":0},"end":{"line":null,"column":-1}},"2":{"start":{"line":3,"column":0},"end":{"line":null,"column":-1}},"3":{"start":{"line":4,"column":0},"end":{"line":null,"column":-1}},"4":{"start":{"line":5,"column":0},"end":{"line":null,"column":-1}},"5":{"start":{"line":6,"column":0},"end":{"line":null,"column":-1}},"6":{"start":{"line":7,"column":0},"end":{"line":null,"column":-1}},"7":{"start":{"line":8,"column":0},"end":{"line":null,"column":-1}},"8":{"start":{"line":9,"column":0},"end":{"line":null,"column":-1}},"9":{"start":{"line":10,"column":0},"end":{"line":null,"column":-1}},"10":{"start":{"line":12,"column":23},"end":{"line":12,"column":0}},"11":{"start":{"line":12,"column":23},"end":{"line":null,"column":-1}}},"fnMap":{"0":{"name":"BootcampBerlin","decl":{"start":{"line":12,"column":6},"end":{"line":12,"column":23}},"loc":{"start":{"line":12,"column":23},"end":{"line":12,"column":0}}}},"branchMap":{},"s":{"0":0,"1":0,"2":0,"3":0,"4":0,"5":0,"6":0,"7":0,"8":0,"9":0,"10":0,"11":0},"f":{"0":0},"b":{}}
,"/Users/richardmoss/Projects/reactjs.academy-react/src/pages/react-redux-training-brussels.js": {"path":"/Users/richardmoss/Projects/reactjs.academy-react/src/pages/react-redux-training-brussels.js","statementMap":{"0":{"start":{"line":1,"column":0},"end":{"line":null,"column":-1}},"1":{"start":{"line":2,"column":0},"end":{"line":null,"column":-1}},"2":{"start":{"line":3,"column":0},"end":{"line":null,"column":-1}},"3":{"start":{"line":4,"column":0},"end":{"line":null,"column":-1}},"4":{"start":{"line":5,"column":0},"end":{"line":null,"column":-1}},"5":{"start":{"line":6,"column":0},"end":{"line":null,"column":-1}},"6":{"start":{"line":7,"column":0},"end":{"line":null,"column":-1}},"7":{"start":{"line":8,"column":0},"end":{"line":null,"column":-1}},"8":{"start":{"line":9,"column":0},"end":{"line":null,"column":-1}},"9":{"start":{"line":10,"column":0},"end":{"line":null,"column":-1}},"10":{"start":{"line":12,"column":25},"end":{"line":12,"column":0}},"11":{"start":{"line":12,"column":25},"end":{"line":null,"column":-1}}},"fnMap":{"0":{"name":"BootcampBrussels","decl":{"start":{"line":12,"column":6},"end":{"line":12,"column":25}},"loc":{"start":{"line":12,"column":25},"end":{"line":12,"column":0}}}},"branchMap":{},"s":{"0":0,"1":0,"2":0,"3":0,"4":0,"5":0,"6":0,"7":0,"8":0,"9":0,"10":0,"11":0},"f":{"0":0},"b":{}}
,"/Users/richardmoss/Projects/reactjs.academy-react/src/pages/react-redux-training-london.js": {"path":"/Users/richardmoss/Projects/reactjs.academy-react/src/pages/react-redux-training-london.js","statementMap":{"0":{"start":{"line":1,"column":0},"end":{"line":null,"column":-1}},"1":{"start":{"line":2,"column":0},"end":{"line":null,"column":-1}},"2":{"start":{"line":3,"column":0},"end":{"line":null,"column":-1}},"3":{"start":{"line":4,"column":0},"end":{"line":null,"column":-1}},"4":{"start":{"line":5,"column":0},"end":{"line":null,"column":-1}},"5":{"start":{"line":6,"column":0},"end":{"line":null,"column":-1}},"6":{"start":{"line":7,"column":0},"end":{"line":null,"column":-1}},"7":{"start":{"line":8,"column":0},"end":{"line":null,"column":-1}},"8":{"start":{"line":18,"column":0},"end":{"line":null,"column":-1}},"9":{"start":{"line":19,"column":0},"end":{"line":null,"column":-1}},"10":{"start":{"line":20,"column":0},"end":{"line":null,"column":-1}},"11":{"start":{"line":27,"column":0},"end":{"line":null,"column":-1}},"12":{"start":{"line":29,"column":0},"end":{"line":null,"column":-1}},"13":{"start":{"line":30,"column":0},"end":{"line":null,"column":-1}},"14":{"start":{"line":31,"column":0},"end":{"line":null,"column":-1}},"15":{"start":{"line":32,"column":0},"end":{"line":null,"column":-1}},"16":{"start":{"line":34,"column":17},"end":{"line":34,"column":0}},"17":{"start":{"line":36,"column":23},"end":{"line":36,"column":0}},"18":{"start":{"line":36,"column":23},"end":{"line":null,"column":-1}}},"fnMap":{"0":{"name":"BootcampLondon","decl":{"start":{"line":36,"column":6},"end":{"line":36,"column":23}},"loc":{"start":{"line":36,"column":23},"end":{"line":36,"column":0}}}},"branchMap":{},"s":{"0":0,"1":0,"2":0,"3":0,"4":0,"5":0,"6":0,"7":0,"8":0,"9":0,"10":0,"11":0,"12":0,"13":0,"14":0,"15":0,"16":0,"17":0,"18":0},"f":{"0":0},"b":{}}
,"/Users/richardmoss/Projects/reactjs.academy-react/src/pages/react-redux-training-paris.js": {"path":"/Users/richardmoss/Projects/reactjs.academy-react/src/pages/react-redux-training-paris.js","statementMap":{"0":{"start":{"line":1,"column":0},"end":{"line":null,"column":-1}},"1":{"start":{"line":2,"column":0},"end":{"line":null,"column":-1}},"2":{"start":{"line":3,"column":0},"end":{"line":null,"column":-1}},"3":{"start":{"line":4,"column":0},"end":{"line":null,"column":-1}},"4":{"start":{"line":5,"column":0},"end":{"line":null,"column":-1}},"5":{"start":{"line":6,"column":0},"end":{"line":null,"column":-1}},"6":{"start":{"line":7,"column":0},"end":{"line":null,"column":-1}},"7":{"start":{"line":8,"column":0},"end":{"line":null,"column":-1}},"8":{"start":{"line":9,"column":0},"end":{"line":null,"column":-1}},"9":{"start":{"line":10,"column":0},"end":{"line":null,"column":-1}},"10":{"start":{"line":12,"column":22},"end":{"line":12,"column":0}},"11":{"start":{"line":12,"column":22},"end":{"line":null,"column":-1}}},"fnMap":{"0":{"name":"BootcampParis","decl":{"start":{"line":12,"column":6},"end":{"line":12,"column":22}},"loc":{"start":{"line":12,"column":22},"end":{"line":12,"column":0}}}},"branchMap":{},"s":{"0":0,"1":0,"2":0,"3":0,"4":0,"5":0,"6":0,"7":0,"8":0,"9":0,"10":0,"11":0},"f":{"0":0},"b":{}}
,"/Users/richardmoss/Projects/reactjs.academy-react/src/pages/react-redux-training-sydney.js": {"path":"/Users/richardmoss/Projects/reactjs.academy-react/src/pages/react-redux-training-sydney.js","statementMap":{"0":{"start":{"line":1,"column":0},"end":{"line":null,"column":-1}},"1":{"start":{"line":2,"column":0},"end":{"line":null,"column":-1}},"2":{"start":{"line":3,"column":0},"end":{"line":null,"column":-1}},"3":{"start":{"line":4,"column":0},"end":{"line":null,"column":-1}},"4":{"start":{"line":5,"column":0},"end":{"line":null,"column":-1}},"5":{"start":{"line":6,"column":0},"end":{"line":null,"column":-1}},"6":{"start":{"line":7,"column":0},"end":{"line":null,"column":-1}},"7":{"start":{"line":8,"column":0},"end":{"line":null,"column":-1}},"8":{"start":{"line":9,"column":0},"end":{"line":null,"column":-1}},"9":{"start":{"line":10,"column":0},"end":{"line":null,"column":-1}},"10":{"start":{"line":12,"column":23},"end":{"line":12,"column":0}},"11":{"start":{"line":12,"column":23},"end":{"line":null,"column":-1}}},"fnMap":{"0":{"name":"BootcampSydney","decl":{"start":{"line":12,"column":6},"end":{"line":12,"column":23}},"loc":{"start":{"line":12,"column":23},"end":{"line":12,"column":0}}}},"branchMap":{},"s":{"0":0,"1":0,"2":0,"3":0,"4":0,"5":0,"6":0,"7":0,"8":0,"9":0,"10":0,"11":0},"f":{"0":0},"b":{}}
,"/Users/richardmoss/Projects/reactjs.academy-react/src/pages/terms-of-service.js": {"path":"/Users/richardmoss/Projects/reactjs.academy-react/src/pages/terms-of-service.js","statementMap":{"0":{"start":{"line":1,"column":0},"end":{"line":null,"column":-1}},"1":{"start":{"line":2,"column":0},"end":{"line":null,"column":-1}},"2":{"start":{"line":3,"column":0},"end":{"line":null,"column":-1}},"3":{"start":{"line":4,"column":0},"end":{"line":null,"column":-1}},"4":{"start":{"line":5,"column":0},"end":{"line":null,"column":-1}},"5":{"start":{"line":6,"column":0},"end":{"line":null,"column":-1}},"6":{"start":{"line":7,"column":0},"end":{"line":null,"column":-1}},"7":{"start":{"line":8,"column":0},"end":{"line":null,"column":-1}},"8":{"start":{"line":10,"column":23},"end":{"line":10,"column":0}},"9":{"start":{"line":10,"column":23},"end":{"line":null,"column":-1}}},"fnMap":{"0":{"name":"TermsOfService","decl":{"start":{"line":10,"column":6},"end":{"line":10,"column":23}},"loc":{"start":{"line":10,"column":23},"end":{"line":10,"column":0}}}},"branchMap":{},"s":{"0":0,"1":0,"2":0,"3":0,"4":0,"5":0,"6":0,"7":0,"8":0,"9":0},"f":{"0":0},"b":{}}
,"/Users/richardmoss/Projects/reactjs.academy-react/src/pages/react-redux-graphql-bootcamp-lisbon/2.js": {"path":"/Users/richardmoss/Projects/reactjs.academy-react/src/pages/react-redux-graphql-bootcamp-lisbon/2.js","statementMap":{"0":{"start":{"line":1,"column":0},"end":{"line":null,"column":-1}},"1":{"start":{"line":2,"column":0},"end":{"line":null,"column":-1}},"2":{"start":{"line":3,"column":0},"end":{"line":null,"column":-1}},"3":{"start":{"line":4,"column":0},"end":{"line":null,"column":-1}},"4":{"start":{"line":5,"column":0},"end":{"line":null,"column":-1}},"5":{"start":{"line":6,"column":0},"end":{"line":null,"column":-1}},"6":{"start":{"line":7,"column":0},"end":{"line":null,"column":-1}},"7":{"start":{"line":8,"column":0},"end":{"line":null,"column":-1}},"8":{"start":{"line":9,"column":0},"end":{"line":null,"column":-1}},"9":{"start":{"line":10,"column":0},"end":{"line":null,"column":-1}},"10":{"start":{"line":11,"column":0},"end":{"line":null,"column":-1}},"11":{"start":{"line":12,"column":0},"end":{"line":null,"column":-1}},"12":{"start":{"line":13,"column":0},"end":{"line":null,"column":-1}},"13":{"start":{"line":14,"column":0},"end":{"line":null,"column":-1}},"14":{"start":{"line":23,"column":0},"end":{"line":null,"column":-1}},"15":{"start":{"line":31,"column":0},"end":{"line":null,"column":-1}},"16":{"start":{"line":32,"column":0},"end":{"line":null,"column":-1}},"17":{"start":{"line":33,"column":0},"end":{"line":null,"column":-1}},"18":{"start":{"line":34,"column":0},"end":{"line":null,"column":-1}},"19":{"start":{"line":36,"column":17},"end":{"line":36,"column":0}},"20":{"start":{"line":37,"column":19},"end":{"line":37,"column":0}},"21":{"start":{"line":39,"column":23},"end":{"line":39,"column":0}},"22":{"start":{"line":39,"column":23},"end":{"line":null,"column":-1}}},"fnMap":{"0":{"name":"BootcampLisbon","decl":{"start":{"line":39,"column":6},"end":{"line":39,"column":23}},"loc":{"start":{"line":39,"column":23},"end":{"line":39,"column":0}}}},"branchMap":{},"s":{"0":0,"1":0,"2":0,"3":0,"4":0,"5":0,"6":0,"7":0,"8":0,"9":0,"10":0,"11":0,"12":0,"13":0,"14":0,"15":0,"16":0,"17":0,"18":0,"19":0,"20":0,"21":0,"22":0},"f":{"0":0},"b":{}}
,"/Users/richardmoss/Projects/reactjs.academy-react/src/pages/react-redux-graphql-bootcamp-lisbon/index.js": {"path":"/Users/richardmoss/Projects/reactjs.academy-react/src/pages/react-redux-graphql-bootcamp-lisbon/index.js","statementMap":{"0":{"start":{"line":1,"column":0},"end":{"line":null,"column":-1}},"1":{"start":{"line":2,"column":0},"end":{"line":null,"column":-1}},"2":{"start":{"line":3,"column":0},"end":{"line":null,"column":-1}},"3":{"start":{"line":4,"column":0},"end":{"line":null,"column":-1}},"4":{"start":{"line":5,"column":0},"end":{"line":null,"column":-1}},"5":{"start":{"line":6,"column":0},"end":{"line":null,"column":-1}},"6":{"start":{"line":7,"column":0},"end":{"line":null,"column":-1}},"7":{"start":{"line":8,"column":0},"end":{"line":null,"column":-1}},"8":{"start":{"line":9,"column":0},"end":{"line":null,"column":-1}},"9":{"start":{"line":10,"column":0},"end":{"line":null,"column":-1}},"10":{"start":{"line":11,"column":0},"end":{"line":null,"column":-1}},"11":{"start":{"line":12,"column":0},"end":{"line":null,"column":-1}},"12":{"start":{"line":20,"column":0},"end":{"line":null,"column":-1}},"13":{"start":{"line":28,"column":0},"end":{"line":null,"column":-1}},"14":{"start":{"line":29,"column":0},"end":{"line":null,"column":-1}},"15":{"start":{"line":30,"column":0},"end":{"line":null,"column":-1}},"16":{"start":{"line":31,"column":0},"end":{"line":null,"column":-1}},"17":{"start":{"line":33,"column":17},"end":{"line":33,"column":0}},"18":{"start":{"line":35,"column":23},"end":{"line":35,"column":0}},"19":{"start":{"line":35,"column":23},"end":{"line":null,"column":-1}}},"fnMap":{"0":{"name":"BootcampLisbon","decl":{"start":{"line":35,"column":6},"end":{"line":35,"column":23}},"loc":{"start":{"line":35,"column":23},"end":{"line":35,"column":0}}}},"branchMap":{},"s":{"0":0,"1":0,"2":0,"3":0,"4":0,"5":0,"6":0,"7":0,"8":0,"9":0,"10":0,"11":0,"12":0,"13":0,"14":0,"15":0,"16":0,"17":0,"18":0,"19":0},"f":{"0":0},"b":{}}
}
