TN:
SF:/Users/richardmoss/Projects/reactjs.academy-react/src/components/buttons/Button.js
FN:16,(anonymous_0)
FN:17,(anonymous_1)
FN:20,(anonymous_2)
FN:21,(anonymous_3)
FN:22,(anonymous_4)
FNF:5
FNH:5
FNDA:50,(anonymous_0)
FNDA:50,(anonymous_1)
FNDA:50,(anonymous_2)
FNDA:50,(anonymous_3)
FNDA:50,(anonymous_4)
DA:5,1
DA:16,50
DA:17,50
DA:20,50
DA:21,50
DA:23,50
DA:39,1
LF:7
LH:7
BRDA:16,0,0,16
BRDA:16,0,1,34
BRDA:17,1,0,16
BRDA:17,1,1,34
BRDA:20,2,0,24
BRDA:20,2,1,26
BRDA:21,3,0,2
BRDA:21,3,1,48
BRDA:23,4,0,3
BRDA:23,4,1,47
BRF:10
BRH:10
end_of_record
TN:
SF:/Users/richardmoss/Projects/reactjs.academy-react/src/components/buttons/Button.stories.js
FN:6,(anonymous_1)
FN:7,(anonymous_2)
FNF:2
FNH:0
FNDA:0,(anonymous_1)
FNDA:0,(anonymous_2)
DA:1,0
DA:2,0
DA:3,0
DA:5,0
DA:6,0
DA:7,0
LF:6
LH:0
BRF:0
BRH:0
end_of_record
TN:
SF:/Users/richardmoss/Projects/reactjs.academy-react/src/components/buttons/LinkButton.js
FN:8,(anonymous_0)
FN:27,(anonymous_1)
FN:36,(anonymous_2)
FN:37,(anonymous_3)
FN:41,(anonymous_4)
FN:42,(anonymous_5)
FN:43,(anonymous_6)
FN:49,(anonymous_7)
FN:52,(anonymous_8)
FNF:9
FNH:9
FNDA:10,(anonymous_0)
FNDA:10,(anonymous_1)
FNDA:10,(anonymous_2)
FNDA:10,(anonymous_3)
FNDA:10,(anonymous_4)
FNDA:10,(anonymous_5)
FNDA:10,(anonymous_6)
FNDA:10,(anonymous_7)
FNDA:2,(anonymous_8)
DA:8,10
DA:24,1
DA:28,10
DA:29,0
DA:30,10
DA:31,0
DA:33,10
DA:36,10
DA:38,10
DA:41,10
DA:42,10
DA:43,10
DA:47,1
DA:50,10
DA:53,2
DA:54,0
DA:61,2
LF:17
LH:14
BRDA:28,0,0,0
BRDA:28,0,1,10
BRDA:30,1,0,0
BRDA:30,1,1,10
BRDA:36,2,0,0
BRDA:36,2,1,10
BRDA:38,3,0,0
BRDA:38,3,1,10
BRDA:41,4,0,0
BRDA:41,4,1,10
BRDA:42,5,0,10
BRDA:42,5,1,0
BRDA:43,6,0,10
BRDA:43,6,1,0
BRDA:53,7,0,0
BRDA:53,7,1,2
BRDA:57,8,0,0
BRDA:57,8,1,0
BRDA:61,9,0,2
BRDA:61,9,1,2
BRF:20
BRH:10
end_of_record
TN:
SF:/Users/richardmoss/Projects/reactjs.academy-react/src/components/buttons/LinkButton.stories.js
FN:6,(anonymous_1)
FN:9,(anonymous_2)
FNF:2
FNH:0
FNDA:0,(anonymous_1)
FNDA:0,(anonymous_2)
DA:1,0
DA:2,0
DA:3,0
DA:5,0
DA:6,0
DA:9,0
LF:6
LH:0
BRF:0
BRH:0
end_of_record
TN:
SF:/Users/richardmoss/Projects/reactjs.academy-react/src/components/buttons/index.js
FNF:0
FNH:0
LF:0
LH:0
BRF:0
BRH:0
end_of_record
TN:
SF:/Users/richardmoss/Projects/reactjs.academy-react/src/components/curriculum/CurriculumAdvancedReact.js
FN:14,CurriculumAdvancedReact
FNF:1
FNH:0
FNDA:0,CurriculumAdvancedReact
DA:1,0
DA:2,0
DA:3,0
DA:4,0
DA:5,0
DA:6,0
DA:7,0
DA:8,0
DA:9,0
DA:10,0
DA:11,0
DA:12,0
DA:14,0
DA:20,0
DA:21,0
DA:22,0
DA:24,0
DA:52,0
DA:65,0
LF:19
LH:0
BRDA:15,0,0,0
BRDA:15,0,1,0
BRDA:18,1,0,0
BRDA:18,1,1,0
BRDA:19,2,0,0
BRDA:19,2,1,0
BRDA:68,3,0,0
BRDA:68,3,1,0
BRDA:82,4,0,0
BRDA:82,4,1,0
BRF:10
BRH:0
end_of_record
TN:
SF:/Users/richardmoss/Projects/reactjs.academy-react/src/components/curriculum/CurriculumBootcamp.js
FN:22,CurriculumBootcamp
FNF:1
FNH:0
FNDA:0,CurriculumBootcamp
DA:1,0
DA:2,0
DA:3,0
DA:4,0
DA:5,0
DA:6,0
DA:7,0
DA:8,0
DA:9,0
DA:10,0
DA:11,0
DA:12,0
DA:13,0
DA:14,0
DA:15,0
DA:16,0
DA:17,0
DA:18,0
DA:19,0
DA:20,0
DA:22,0
DA:28,0
DA:29,0
DA:30,0
DA:32,0
DA:69,0
DA:107,0
LF:27
LH:0
BRDA:23,0,0,0
BRDA:23,0,1,0
BRDA:26,1,0,0
BRDA:26,1,1,0
BRDA:27,2,0,0
BRDA:27,2,1,0
BRDA:110,3,0,0
BRDA:110,3,1,0
BRDA:124,4,0,0
BRDA:124,4,1,0
BRF:10
BRH:0
end_of_record
TN:
SF:/Users/richardmoss/Projects/reactjs.academy-react/src/components/curriculum/CurriculumCard.js
FNF:0
FNH:0
DA:1,0
DA:2,0
DA:3,0
DA:5,0
LF:4
LH:0
BRF:0
BRH:0
end_of_record
TN:
SF:/Users/richardmoss/Projects/reactjs.academy-react/src/components/curriculum/CurriculumPartTime.js
FN:19,PartTimeFinalProject
FN:32,CurriculumPartTime
FNF:2
FNH:0
FNDA:0,PartTimeFinalProject
FNDA:0,CurriculumPartTime
DA:1,0
DA:2,0
DA:3,0
DA:4,0
DA:5,0
DA:6,0
DA:7,0
DA:8,0
DA:9,0
DA:10,0
DA:11,0
DA:12,0
DA:13,0
DA:14,0
DA:15,0
DA:16,0
DA:17,0
DA:19,0
DA:32,0
DA:39,0
DA:40,0
DA:41,0
DA:43,0
DA:84,0
DA:123,0
LF:25
LH:0
BRDA:33,0,0,0
BRDA:33,0,1,0
BRDA:36,1,0,0
BRDA:36,1,1,0
BRDA:37,2,0,0
BRDA:37,2,1,0
BRDA:38,3,0,0
BRDA:38,3,1,0
BRDA:126,4,0,0
BRDA:126,4,1,0
BRDA:141,5,0,0
BRDA:141,5,1,0
BRDA:157,6,0,0
BRDA:157,6,1,0
BRF:14
BRH:0
end_of_record
TN:
SF:/Users/richardmoss/Projects/reactjs.academy-react/src/components/curriculum/CurriculumReactNative.js
FN:10,CurriculumReactNative
FNF:1
FNH:0
FNDA:0,CurriculumReactNative
DA:1,0
DA:2,0
DA:3,0
DA:4,0
DA:5,0
DA:6,0
DA:7,0
DA:8,0
DA:10,0
DA:15,0
DA:16,0
DA:17,0
DA:19,0
DA:31,0
LF:14
LH:0
BRDA:11,0,0,0
BRDA:11,0,1,0
BRDA:14,1,0,0
BRDA:14,1,1,0
BRDA:34,2,0,0
BRDA:34,2,1,0
BRDA:48,3,0,0
BRDA:48,3,1,0
BRF:8
BRH:0
end_of_record
TN:
SF:/Users/richardmoss/Projects/reactjs.academy-react/src/components/curriculum/CurriculumSection.js
FN:12,curriedToggleNavigateTo
FN:12,(anonymous_9)
FN:31,CurriculumSection
FN:39,(anonymous_12)
FN:44,(anonymous_13)
FNF:5
FNH:0
FNDA:0,curriedToggleNavigateTo
FNDA:0,(anonymous_9)
FNDA:0,CurriculumSection
FNDA:0,(anonymous_12)
FNDA:0,(anonymous_13)
DA:1,0
DA:2,0
DA:3,0
DA:4,0
DA:5,0
DA:6,0
DA:7,0
DA:8,0
DA:12,0
DA:15,0
DA:21,0
DA:25,0
DA:31,0
DA:34,0
DA:40,0
DA:45,0
DA:47,0
DA:58,0
DA:59,0
DA:67,0
DA:68,0
DA:69,0
DA:77,0
DA:92,0
DA:94,0
LF:25
LH:0
BRDA:13,0,0,0
BRDA:13,0,1,0
BRDA:31,1,0,0
BRDA:31,1,1,0
BRDA:45,2,0,0
BRDA:45,2,1,0
BRDA:35,3,0,0
BRDA:35,3,1,0
BRDA:65,4,0,0
BRDA:65,4,1,0
BRDA:70,5,0,0
BRDA:70,5,1,0
BRDA:73,6,0,0
BRDA:73,6,1,0
BRDA:78,7,0,0
BRDA:78,7,1,0
BRDA:82,8,0,0
BRDA:82,8,1,0
BRDA:96,9,0,0
BRDA:96,9,1,0
BRDA:97,10,0,0
BRDA:97,10,1,0
BRDA:98,11,0,0
BRDA:98,11,1,0
BRDA:99,12,0,0
BRDA:99,12,1,0
BRF:26
BRH:0
end_of_record
TN:
SF:/Users/richardmoss/Projects/reactjs.academy-react/src/components/curriculum/FullCurriculum.js
FN:13,FullCurriculum
FNF:1
FNH:0
FNDA:0,FullCurriculum
DA:1,0
DA:2,0
DA:3,0
DA:4,0
DA:5,0
DA:6,0
DA:7,0
DA:9,0
DA:13,0
LF:9
LH:0
BRF:0
BRH:0
end_of_record
TN:
SF:/Users/richardmoss/Projects/reactjs.academy-react/src/components/curriculum/MarketingCard.js
FN:22,MarketingCard
FNF:1
FNH:0
FNDA:0,MarketingCard
DA:1,0
DA:2,0
DA:3,0
DA:4,0
DA:5,0
DA:6,0
DA:7,0
DA:9,0
DA:22,0
LF:9
LH:0
BRF:0
BRH:0
end_of_record
TN:
SF:/Users/richardmoss/Projects/reactjs.academy-react/src/components/curriculum/index.js
FNF:0
FNH:0
DA:1,0
DA:2,0
DA:3,0
DA:4,0
DA:5,0
DA:6,0
LF:6
LH:0
BRF:0
BRH:0
end_of_record
TN:
SF:/Users/richardmoss/Projects/reactjs.academy-react/src/components/curriculum/sessions/AdvancedReduxSession.js
FN:5,AdvancedReduxSession
FNF:1
FNH:0
FNDA:0,AdvancedReduxSession
DA:1,0
DA:2,0
DA:3,0
DA:5,0
LF:4
LH:0
BRF:0
BRH:0
end_of_record
TN:
SF:/Users/richardmoss/Projects/reactjs.academy-react/src/components/curriculum/sessions/CompoundCompAndContextSession.js
FN:5,CompoundCompAndContextSession
FNF:1
FNH:0
FNDA:0,CompoundCompAndContextSession
DA:1,0
DA:2,0
DA:3,0
DA:5,0
LF:4
LH:0
BRF:0
BRH:0
end_of_record
TN:
SF:/Users/richardmoss/Projects/reactjs.academy-react/src/components/curriculum/sessions/ES6Session.js
FN:5,ES6Session
FNF:1
FNH:0
FNDA:0,ES6Session
DA:1,0
DA:2,0
DA:3,0
DA:5,0
LF:4
LH:0
BRF:0
BRH:0
end_of_record
TN:
SF:/Users/richardmoss/Projects/reactjs.academy-react/src/components/curriculum/sessions/FormsAndAuthSession.js
FN:5,FormsAndAuthSession
FNF:1
FNH:0
FNDA:0,FormsAndAuthSession
DA:1,0
DA:2,0
DA:3,0
DA:5,0
LF:4
LH:0
BRF:0
BRH:0
end_of_record
TN:
SF:/Users/richardmoss/Projects/reactjs.academy-react/src/components/curriculum/sessions/GraphQLSession.js
FN:5,GraphQLSession
FNF:1
FNH:0
FNDA:0,GraphQLSession
DA:1,0
DA:2,0
DA:3,0
DA:5,0
LF:4
LH:0
BRF:0
BRH:0
end_of_record
TN:
SF:/Users/richardmoss/Projects/reactjs.academy-react/src/components/curriculum/sessions/Hackathon.js
FN:5,Hackathon
FNF:1
FNH:0
FNDA:0,Hackathon
DA:1,0
DA:2,0
DA:3,0
DA:5,0
LF:4
LH:0
BRF:0
BRH:0
end_of_record
TN:
SF:/Users/richardmoss/Projects/reactjs.academy-react/src/components/curriculum/sessions/HoCsAndRenderPropsSession.js
FN:5,HoCsAndRenderPropsSession
FNF:1
FNH:0
FNDA:0,HoCsAndRenderPropsSession
DA:1,0
DA:2,0
DA:3,0
DA:5,0
LF:4
LH:0
BRF:0
BRH:0
end_of_record
TN:
SF:/Users/richardmoss/Projects/reactjs.academy-react/src/components/curriculum/sessions/IntroReactSession.js
FN:5,IntroReactSession
FNF:1
FNH:0
FNDA:0,IntroReactSession
DA:1,0
DA:2,0
DA:3,0
DA:5,0
LF:4
LH:0
BRF:0
BRH:0
end_of_record
TN:
SF:/Users/richardmoss/Projects/reactjs.academy-react/src/components/curriculum/sessions/IntroReduxSession.js
FN:5,IntroReduxSession
FNF:1
FNH:0
FNDA:0,IntroReduxSession
DA:1,0
DA:2,0
DA:3,0
DA:5,0
LF:4
LH:0
BRF:0
BRH:0
end_of_record
TN:
SF:/Users/richardmoss/Projects/reactjs.academy-react/src/components/curriculum/sessions/ReactFundamentalsRecapSession.js
FN:5,ReactFundamentalsRecapSession
FNF:1
FNH:0
FNDA:0,ReactFundamentalsRecapSession
DA:1,0
DA:2,0
DA:3,0
DA:5,0
LF:4
LH:0
BRF:0
BRH:0
end_of_record
TN:
SF:/Users/richardmoss/Projects/reactjs.academy-react/src/components/curriculum/sessions/ReactNativeAnimationsSession.js
FN:5,ReactNativeAnimationsSession
FNF:1
FNH:0
FNDA:0,ReactNativeAnimationsSession
DA:1,0
DA:2,0
DA:3,0
DA:5,0
LF:4
LH:0
BRF:0
BRH:0
end_of_record
TN:
SF:/Users/richardmoss/Projects/reactjs.academy-react/src/components/curriculum/sessions/ReactNativeFoundationSession.js
FN:5,ReactNativeFoundationSession
FNF:1
FNH:0
FNDA:0,ReactNativeFoundationSession
DA:1,0
DA:2,0
DA:3,0
DA:5,0
LF:4
LH:0
BRF:0
BRH:0
end_of_record
TN:
SF:/Users/richardmoss/Projects/reactjs.academy-react/src/components/curriculum/sessions/ReactNativeGesturesSession.js
FN:5,ReactNativeGesturesSession
FNF:1
FNH:0
FNDA:0,ReactNativeGesturesSession
DA:1,0
DA:2,0
DA:3,0
DA:5,0
LF:4
LH:0
BRF:0
BRH:0
end_of_record
TN:
SF:/Users/richardmoss/Projects/reactjs.academy-react/src/components/curriculum/sessions/RoutingAndDataFetchingSession.js
FN:5,RoutingAndDataFetchingSession
FNF:1
FNH:0
FNDA:0,RoutingAndDataFetchingSession
DA:1,0
DA:2,0
DA:3,0
DA:5,0
LF:4
LH:0
BRF:0
BRH:0
end_of_record
TN:
SF:/Users/richardmoss/Projects/reactjs.academy-react/src/components/curriculum/sessions/ServerSideRenderingSession.js
FN:5,ServerSideRenderingSession
FNF:1
FNH:0
FNDA:0,ServerSideRenderingSession
DA:1,0
DA:2,0
DA:3,0
DA:5,0
LF:4
LH:0
BRF:0
BRH:0
end_of_record
TN:
SF:/Users/richardmoss/Projects/reactjs.academy-react/src/components/curriculum/sessions/Session.js
FN:4,Session
FNF:1
FNH:0
FNDA:0,Session
DA:1,0
DA:2,0
DA:4,0
LF:3
LH:0
BRDA:6,0,0,0
BRDA:6,0,1,0
BRF:2
BRH:0
end_of_record
TN:
SF:/Users/richardmoss/Projects/reactjs.academy-react/src/components/curriculum/sessions/StylingInReactSession.js
FN:5,StylingInReactSession
FNF:1
FNH:0
FNDA:0,StylingInReactSession
DA:1,0
DA:2,0
DA:3,0
DA:5,0
LF:4
LH:0
BRF:0
BRH:0
end_of_record
TN:
SF:/Users/richardmoss/Projects/reactjs.academy-react/src/components/curriculum/sessions/TestingInReactSession.js
FN:5,TestingInReactSession
FNF:1
FNH:0
FNDA:0,TestingInReactSession
DA:1,0
DA:2,0
DA:3,0
DA:5,0
LF:4
LH:0
BRF:0
BRH:0
end_of_record
TN:
SF:/Users/richardmoss/Projects/reactjs.academy-react/src/components/curriculum/sessions/TestingIntroSession.js
FN:5,TestingIntroSession
FNF:1
FNH:0
FNDA:0,TestingIntroSession
DA:1,0
DA:2,0
DA:3,0
DA:5,0
LF:4
LH:0
BRF:0
BRH:0
end_of_record
TN:
SF:/Users/richardmoss/Projects/reactjs.academy-react/src/components/elements/Alert.js
FN:7,(anonymous_0)
FNF:1
FNH:0
FNDA:0,(anonymous_0)
DA:5,1
DA:8,0
LF:2
LH:1
BRDA:8,0,0,0
BRDA:8,0,1,0
BRF:2
BRH:0
end_of_record
TN:
SF:/Users/richardmoss/Projects/reactjs.academy-react/src/components/elements/Card.js
FN:9,(anonymous_0)
FN:27,(anonymous_1)
FN:34,(anonymous_2)
FN:42,(anonymous_3)
FN:63,(anonymous_4)
FN:75,(anonymous_5)
FNF:6
FNH:6
FNDA:2,(anonymous_0)
FNDA:2,(anonymous_1)
FNDA:2,(anonymous_2)
FNDA:2,(anonymous_3)
FNDA:2,(anonymous_4)
FNDA:2,(anonymous_5)
DA:9,2
DA:26,1
DA:28,2
DA:35,2
DA:43,2
DA:45,0
DA:51,0
DA:56,2
DA:64,2
DA:66,0
DA:68,0
DA:76,2
DA:87,1
DA:88,1
LF:14
LH:10
BRDA:28,0,0,0
BRDA:28,0,1,2
BRDA:35,1,0,2
BRDA:35,1,1,0
BRDA:43,2,0,0
BRDA:43,2,1,0
BRDA:43,2,2,2
BRDA:64,3,0,0
BRDA:64,3,1,0
BRDA:76,4,0,0
BRDA:76,4,1,2
BRF:11
BRH:4
end_of_record
TN:
SF:/Users/richardmoss/Projects/reactjs.academy-react/src/components/elements/Image.js
FNF:0
FNH:0
DA:5,1
DA:9,1
LF:2
LH:2
BRF:0
BRH:0
end_of_record
TN:
SF:/Users/richardmoss/Projects/reactjs.academy-react/src/components/elements/Ribbon.js
FN:12,(anonymous_0)
FN:13,(anonymous_1)
FNF:2
FNH:0
FNDA:0,(anonymous_0)
FNDA:0,(anonymous_1)
DA:12,0
DA:13,0
LF:2
LH:0
BRDA:12,0,0,0
BRDA:12,0,1,0
BRDA:13,1,0,0
BRDA:13,1,1,0
BRF:4
BRH:0
end_of_record
TN:
SF:/Users/richardmoss/Projects/reactjs.academy-react/src/components/elements/Video.js
FN:16,(anonymous_0)
FNF:1
FNH:0
FNDA:0,(anonymous_0)
DA:5,1
DA:16,1
DA:17,0
DA:29,1
LF:4
LH:3
BRDA:16,0,0,0
BRDA:25,1,0,0
BRDA:25,1,1,0
BRF:3
BRH:0
end_of_record
TN:
SF:/Users/richardmoss/Projects/reactjs.academy-react/src/components/elements/index.js
FNF:0
FNH:0
LF:0
LH:0
BRF:0
BRH:0
end_of_record
TN:
SF:/Users/richardmoss/Projects/reactjs.academy-react/src/components/form/Contact.js
FNF:0
FNH:0
DA:1,0
DA:2,0
DA:4,0
DA:5,0
DA:6,0
DA:12,0
DA:13,0
DA:14,0
DA:15,0
DA:16,0
DA:18,0
DA:22,0
DA:25,0
DA:28,0
DA:31,0
DA:35,0
DA:39,0
DA:44,0
DA:48,0
DA:74,0
DA:75,0
DA:76,0
DA:88,0
DA:92,0
DA:93,0
DA:96,0
DA:97,0
DA:98,0
DA:99,0
LF:29
LH:0
BRDA:76,0,0,0
BRDA:76,0,1,0
BRDA:76,0,2,0
BRDA:98,1,0,0
BRDA:98,1,1,0
BRDA:112,2,0,0
BRDA:112,2,1,0
BRDA:123,3,0,0
BRDA:123,3,1,0
BRDA:123,4,0,0
BRDA:123,4,1,0
BRDA:133,5,0,0
BRDA:133,5,1,0
BRF:13
BRH:0
end_of_record
TN:
SF:/Users/richardmoss/Projects/reactjs.academy-react/src/components/form/FieldInput.js
FN:5,(anonymous_0)
FNF:1
FNH:1
FNDA:84,(anonymous_0)
DA:5,84
LF:1
LH:1
BRF:0
BRH:0
end_of_record
TN:
SF:/Users/richardmoss/Projects/reactjs.academy-react/src/components/form/Input.js
FN:44,(anonymous_0)
FN:47,(anonymous_1)
FNF:2
FNH:2
FNDA:94,(anonymous_0)
FNDA:2,(anonymous_1)
DA:12,1
DA:15,1
DA:29,1
DA:39,1
DA:44,1
DA:45,94
DA:46,94
DA:47,94
DA:48,2
DA:49,2
DA:52,94
LF:11
LH:11
BRDA:44,0,0,94
BRDA:44,1,0,10
BRDA:44,2,0,0
BRDA:46,3,0,94
BRDA:46,3,1,84
BRDA:48,4,0,2
BRDA:48,4,1,0
BRDA:49,5,0,2
BRDA:49,5,1,2
BRDA:54,6,0,84
BRDA:54,6,1,10
BRDA:54,7,0,94
BRDA:54,7,1,94
BRDA:68,8,0,1
BRDA:68,8,1,93
BRDA:68,9,0,94
BRDA:68,9,1,81
BRDA:68,9,2,93
BRDA:68,9,3,0
BRF:19
BRH:16
end_of_record
TN:
SF:/Users/richardmoss/Projects/reactjs.academy-react/src/components/form/index.js
FNF:0
FNH:0
LF:0
LH:0
BRF:0
BRH:0
end_of_record
TN:
SF:/Users/richardmoss/Projects/reactjs.academy-react/src/components/form/validations.js
FN:8,(anonymous_0)
FN:8,(anonymous_1)
FN:9,(anonymous_2)
FN:11,(anonymous_3)
FN:13,(anonymous_4)
FN:18,(anonymous_5)
FN:23,(anonymous_6)
FN:30,(anonymous_7)
FN:38,(anonymous_8)
FNF:9
FNH:4
FNDA:56,(anonymous_0)
FNDA:8,(anonymous_1)
FNDA:16,(anonymous_2)
FNDA:12,(anonymous_3)
FNDA:0,(anonymous_4)
FNDA:0,(anonymous_5)
FNDA:0,(anonymous_6)
FNDA:0,(anonymous_7)
FNDA:0,(anonymous_8)
DA:8,56
DA:9,16
DA:11,12
DA:13,1
DA:14,0
DA:15,0
DA:18,1
DA:19,0
DA:23,1
DA:24,0
DA:25,0
DA:30,1
DA:31,0
DA:32,0
DA:33,0
DA:38,1
DA:39,0
DA:40,0
DA:41,0
LF:19
LH:8
BRDA:9,0,0,16
BRDA:9,0,1,8
BRDA:11,1,0,0
BRDA:11,1,1,12
BRDA:15,2,0,0
BRDA:15,2,1,0
BRDA:19,3,0,0
BRDA:19,3,1,0
BRDA:25,4,0,0
BRDA:25,4,1,0
BRDA:33,5,0,0
BRDA:33,5,1,0
BRDA:38,6,0,0
BRDA:41,7,0,0
BRDA:41,7,1,0
BRF:15
BRH:3
end_of_record
TN:
SF:/Users/richardmoss/Projects/reactjs.academy-react/src/components/icons/BussinessIcon.js
FN:5,BussinesseIcon
FNF:1
FNH:0
FNDA:0,BussinesseIcon
DA:1,0
DA:2,0
DA:3,0
DA:5,0
LF:4
LH:0
BRF:0
BRH:0
end_of_record
TN:
SF:/Users/richardmoss/Projects/reactjs.academy-react/src/components/icons/BussinessIcon.stories.js
FN:5,(anonymous_1)
FNF:1
FNH:0
FNDA:0,(anonymous_1)
DA:1,0
DA:2,0
DA:3,0
DA:5,0
LF:4
LH:0
BRF:0
BRH:0
end_of_record
TN:
SF:/Users/richardmoss/Projects/reactjs.academy-react/src/components/icons/CalendarIcon.js
FN:5,CalendarIcon
FNF:1
FNH:0
FNDA:0,CalendarIcon
DA:1,0
DA:2,0
DA:3,0
DA:5,0
LF:4
LH:0
BRF:0
BRH:0
end_of_record
TN:
SF:/Users/richardmoss/Projects/reactjs.academy-react/src/components/icons/CalendarIcon.stories.js
FN:5,(anonymous_1)
FNF:1
FNH:0
FNDA:0,(anonymous_1)
DA:1,0
DA:2,0
DA:3,0
DA:5,0
LF:4
LH:0
BRF:0
BRH:0
end_of_record
TN:
SF:/Users/richardmoss/Projects/reactjs.academy-react/src/components/icons/CodeIcon.js
FN:5,CodeIcon
FNF:1
FNH:0
FNDA:0,CodeIcon
DA:1,0
DA:2,0
DA:3,0
DA:5,0
LF:4
LH:0
BRF:0
BRH:0
end_of_record
TN:
SF:/Users/richardmoss/Projects/reactjs.academy-react/src/components/icons/CodeIcon.stories.js
FN:5,(anonymous_1)
FNF:1
FNH:0
FNDA:0,(anonymous_1)
DA:1,0
DA:2,0
DA:3,0
DA:5,0
LF:4
LH:0
BRF:0
BRH:0
end_of_record
TN:
SF:/Users/richardmoss/Projects/reactjs.academy-react/src/components/icons/CollabsIcon.js
FN:5,CollabsIcon
FNF:1
FNH:0
FNDA:0,CollabsIcon
DA:1,0
DA:2,0
DA:3,0
DA:5,0
LF:4
LH:0
BRF:0
BRH:0
end_of_record
TN:
SF:/Users/richardmoss/Projects/reactjs.academy-react/src/components/icons/CollabsIcon.stories.js
FN:5,(anonymous_1)
FNF:1
FNH:0
FNDA:0,(anonymous_1)
DA:1,0
DA:2,0
DA:3,0
DA:5,0
LF:4
LH:0
BRF:0
BRH:0
end_of_record
TN:
SF:/Users/richardmoss/Projects/reactjs.academy-react/src/components/icons/DiscussIcon.js
FN:3,DiscussIcon
FNF:1
FNH:0
FNDA:0,DiscussIcon
DA:1,0
DA:3,0
LF:2
LH:0
BRF:0
BRH:0
end_of_record
TN:
SF:/Users/richardmoss/Projects/reactjs.academy-react/src/components/icons/DisscussIcon.stories.js
FN:5,(anonymous_1)
FNF:1
FNH:0
FNDA:0,(anonymous_1)
DA:1,0
DA:2,0
DA:3,0
DA:5,0
LF:4
LH:0
BRF:0
BRH:0
end_of_record
TN:
SF:/Users/richardmoss/Projects/reactjs.academy-react/src/components/icons/EnterMindIcon.js
FN:5,EnterMindIcon
FNF:1
FNH:0
FNDA:0,EnterMindIcon
DA:1,0
DA:2,0
DA:3,0
DA:5,0
LF:4
LH:0
BRF:0
BRH:0
end_of_record
TN:
SF:/Users/richardmoss/Projects/reactjs.academy-react/src/components/icons/EnterMindIcon.stories.js
FN:5,(anonymous_1)
FNF:1
FNH:0
FNDA:0,(anonymous_1)
DA:1,0
DA:2,0
DA:3,0
DA:5,0
LF:4
LH:0
BRF:0
BRH:0
end_of_record
TN:
SF:/Users/richardmoss/Projects/reactjs.academy-react/src/components/icons/FacebookIcon.js
FN:3,FacebookIcon
FNF:1
FNH:0
FNDA:0,FacebookIcon
DA:1,0
DA:3,0
DA:4,0
DA:5,0
LF:4
LH:0
BRDA:4,0,0,0
BRDA:4,0,1,0
BRF:2
BRH:0
end_of_record
TN:
SF:/Users/richardmoss/Projects/reactjs.academy-react/src/components/icons/FacebookIcon.stories.js
FN:5,(anonymous_1)
FNF:1
FNH:0
FNDA:0,(anonymous_1)
DA:1,0
DA:2,0
DA:3,0
DA:5,0
LF:4
LH:0
BRF:0
BRH:0
end_of_record
TN:
SF:/Users/richardmoss/Projects/reactjs.academy-react/src/components/icons/GithubIcon.js
FN:3,GithubIcon
FNF:1
FNH:0
FNDA:0,GithubIcon
DA:1,0
DA:3,0
DA:4,0
DA:5,0
LF:4
LH:0
BRDA:4,0,0,0
BRDA:4,0,1,0
BRF:2
BRH:0
end_of_record
TN:
SF:/Users/richardmoss/Projects/reactjs.academy-react/src/components/icons/GithubIcon.stories.js
FN:5,(anonymous_1)
FNF:1
FNH:0
FNDA:0,(anonymous_1)
DA:1,0
DA:2,0
DA:3,0
DA:5,0
LF:4
LH:0
BRF:0
BRH:0
end_of_record
TN:
SF:/Users/richardmoss/Projects/reactjs.academy-react/src/components/icons/HeartIcon.js
FN:3,HeartIcon
FNF:1
FNH:0
FNDA:0,HeartIcon
DA:1,0
DA:3,0
LF:2
LH:0
BRF:0
BRH:0
end_of_record
TN:
SF:/Users/richardmoss/Projects/reactjs.academy-react/src/components/icons/HeartIcon.stories.js
FN:5,(anonymous_1)
FNF:1
FNH:0
FNDA:0,(anonymous_1)
DA:1,0
DA:2,0
DA:3,0
DA:5,0
LF:4
LH:0
BRF:0
BRH:0
end_of_record
TN:
SF:/Users/richardmoss/Projects/reactjs.academy-react/src/components/icons/InstagramIcon.js
FN:3,InstagramIcon
FNF:1
FNH:0
FNDA:0,InstagramIcon
DA:1,0
DA:3,0
DA:4,0
DA:5,0
LF:4
LH:0
BRDA:4,0,0,0
BRDA:4,0,1,0
BRF:2
BRH:0
end_of_record
TN:
SF:/Users/richardmoss/Projects/reactjs.academy-react/src/components/icons/InstagramIcon.stories.js
FN:5,(anonymous_1)
FNF:1
FNH:0
FNDA:0,(anonymous_1)
DA:1,0
DA:2,0
DA:3,0
DA:5,0
LF:4
LH:0
BRF:0
BRH:0
end_of_record
TN:
SF:/Users/richardmoss/Projects/reactjs.academy-react/src/components/icons/LinkedinIcon.js
FN:3,LinkedinIcon
FNF:1
FNH:0
FNDA:0,LinkedinIcon
DA:1,0
DA:3,0
DA:4,0
DA:5,0
LF:4
LH:0
BRDA:4,0,0,0
BRDA:4,0,1,0
BRF:2
BRH:0
end_of_record
TN:
SF:/Users/richardmoss/Projects/reactjs.academy-react/src/components/icons/LinkedinIcon.stories.js
FN:5,(anonymous_1)
FNF:1
FNH:0
FNDA:0,(anonymous_1)
DA:1,0
DA:2,0
DA:3,0
DA:5,0
LF:4
LH:0
BRF:0
BRH:0
end_of_record
TN:
SF:/Users/richardmoss/Projects/reactjs.academy-react/src/components/icons/NotBegginerIcon.js
FN:5,NotBeginnerIcon
FNF:1
FNH:0
FNDA:0,NotBeginnerIcon
DA:1,0
DA:2,0
DA:3,0
DA:5,0
LF:4
LH:0
BRF:0
BRH:0
end_of_record
TN:
SF:/Users/richardmoss/Projects/reactjs.academy-react/src/components/icons/NotBegginerIcon.stories.js
FN:5,(anonymous_1)
FNF:1
FNH:0
FNDA:0,(anonymous_1)
DA:1,0
DA:2,0
DA:3,0
DA:5,0
LF:4
LH:0
BRF:0
BRH:0
end_of_record
TN:
SF:/Users/richardmoss/Projects/reactjs.academy-react/src/components/icons/NotBegginersIcon.js
FN:5,NotBeginnersIcon
FNF:1
FNH:0
FNDA:0,NotBeginnersIcon
DA:1,0
DA:2,0
DA:3,0
DA:5,0
LF:4
LH:0
BRF:0
BRH:0
end_of_record
TN:
SF:/Users/richardmoss/Projects/reactjs.academy-react/src/components/icons/NotBegginersIcon.stories.js
FN:5,(anonymous_1)
FNF:1
FNH:0
FNDA:0,(anonymous_1)
DA:1,0
DA:2,0
DA:3,0
DA:5,0
LF:4
LH:0
BRF:0
BRH:0
end_of_record
TN:
SF:/Users/richardmoss/Projects/reactjs.academy-react/src/components/icons/PeopleNetWorkIcon.js
FN:3,PeopleNetWorkIcon
FNF:1
FNH:0
FNDA:0,PeopleNetWorkIcon
DA:1,0
DA:3,0
LF:2
LH:0
BRF:0
BRH:0
end_of_record
TN:
SF:/Users/richardmoss/Projects/reactjs.academy-react/src/components/icons/PeopleNetWorkIcon.stories.js
FN:5,(anonymous_1)
FNF:1
FNH:0
FNDA:0,(anonymous_1)
DA:1,0
DA:2,0
DA:3,0
DA:5,0
LF:4
LH:0
BRF:0
BRH:0
end_of_record
TN:
SF:/Users/richardmoss/Projects/reactjs.academy-react/src/components/icons/ProductionReadyIcon.js
FN:5,ProductionReadyIcon
FNF:1
FNH:0
FNDA:0,ProductionReadyIcon
DA:1,0
DA:2,0
DA:3,0
DA:5,0
LF:4
LH:0
BRF:0
BRH:0
end_of_record
TN:
SF:/Users/richardmoss/Projects/reactjs.academy-react/src/components/icons/ProductionReadyIcon.stories.js
FN:5,(anonymous_1)
FNF:1
FNH:0
FNDA:0,(anonymous_1)
DA:1,0
DA:2,0
DA:3,0
DA:5,0
LF:4
LH:0
BRF:0
BRH:0
end_of_record
TN:
SF:/Users/richardmoss/Projects/reactjs.academy-react/src/components/icons/ReactIcon.js
FN:3,ReactIcon
FNF:1
FNH:0
FNDA:0,ReactIcon
DA:1,0
DA:3,0
LF:2
LH:0
BRF:0
BRH:0
end_of_record
TN:
SF:/Users/richardmoss/Projects/reactjs.academy-react/src/components/icons/ReactIcon.stories.js
FN:5,(anonymous_1)
FNF:1
FNH:0
FNDA:0,(anonymous_1)
DA:1,0
DA:2,0
DA:3,0
DA:5,0
LF:4
LH:0
BRF:0
BRH:0
end_of_record
TN:
SF:/Users/richardmoss/Projects/reactjs.academy-react/src/components/icons/RunFastIcon.js
FN:5,RunFastIcon
FNF:1
FNH:0
FNDA:0,RunFastIcon
DA:1,0
DA:2,0
DA:3,0
DA:5,0
LF:4
LH:0
BRF:0
BRH:0
end_of_record
TN:
SF:/Users/richardmoss/Projects/reactjs.academy-react/src/components/icons/RunFastIcon.stories.js
FN:5,(anonymous_1)
FNF:1
FNH:0
FNDA:0,(anonymous_1)
DA:1,0
DA:2,0
DA:3,0
DA:5,0
LF:4
LH:0
BRF:0
BRH:0
end_of_record
TN:
SF:/Users/richardmoss/Projects/reactjs.academy-react/src/components/icons/SpannerIcon.js
FN:5,SpannerIcon
FNF:1
FNH:0
FNDA:0,SpannerIcon
DA:1,0
DA:2,0
DA:3,0
DA:5,0
LF:4
LH:0
BRF:0
BRH:0
end_of_record
TN:
SF:/Users/richardmoss/Projects/reactjs.academy-react/src/components/icons/SpannerIcon.stories.js
FN:5,(anonymous_1)
FNF:1
FNH:0
FNDA:0,(anonymous_1)
DA:1,0
DA:2,0
DA:3,0
DA:5,0
LF:4
LH:0
BRF:0
BRH:0
end_of_record
TN:
SF:/Users/richardmoss/Projects/reactjs.academy-react/src/components/icons/StarIcon.js
FN:5,StarIcon
FNF:1
FNH:0
FNDA:0,StarIcon
DA:1,0
DA:2,0
DA:3,0
DA:5,0
LF:4
LH:0
BRF:0
BRH:0
end_of_record
TN:
SF:/Users/richardmoss/Projects/reactjs.academy-react/src/components/icons/StarIcon.stories.js
FN:5,(anonymous_1)
FNF:1
FNH:0
FNDA:0,(anonymous_1)
DA:1,0
DA:2,0
DA:3,0
DA:5,0
LF:4
LH:0
BRF:0
BRH:0
end_of_record
TN:
SF:/Users/richardmoss/Projects/reactjs.academy-react/src/components/icons/TargetIcon.js
FN:5,TargetIcon
FNF:1
FNH:0
FNDA:0,TargetIcon
DA:1,0
DA:2,0
DA:3,0
DA:5,0
LF:4
LH:0
BRF:0
BRH:0
end_of_record
TN:
SF:/Users/richardmoss/Projects/reactjs.academy-react/src/components/icons/TargetIcon.stories.js
FN:5,(anonymous_1)
FNF:1
FNH:0
FNDA:0,(anonymous_1)
DA:1,0
DA:2,0
DA:3,0
DA:5,0
LF:4
LH:0
BRF:0
BRH:0
end_of_record
TN:
SF:/Users/richardmoss/Projects/reactjs.academy-react/src/components/icons/TickBadgeIcon.js
FN:5,TickBadgeIcon
FNF:1
FNH:0
FNDA:0,TickBadgeIcon
DA:1,0
DA:2,0
DA:3,0
DA:5,0
LF:4
LH:0
BRF:0
BRH:0
end_of_record
TN:
SF:/Users/richardmoss/Projects/reactjs.academy-react/src/components/icons/TickBadgeIcon.stories.js
FN:5,(anonymous_1)
FNF:1
FNH:0
FNDA:0,(anonymous_1)
DA:1,0
DA:2,0
DA:3,0
DA:5,0
LF:4
LH:0
BRF:0
BRH:0
end_of_record
TN:
SF:/Users/richardmoss/Projects/reactjs.academy-react/src/components/icons/TimeIcon.js
FN:5,TimeIcon
FNF:1
FNH:0
FNDA:0,TimeIcon
DA:1,0
DA:2,0
DA:3,0
DA:5,0
LF:4
LH:0
BRF:0
BRH:0
end_of_record
TN:
SF:/Users/richardmoss/Projects/reactjs.academy-react/src/components/icons/TimeIcon.stories.js
FN:5,(anonymous_1)
FNF:1
FNH:0
FNDA:0,(anonymous_1)
DA:1,0
DA:2,0
DA:3,0
DA:5,0
LF:4
LH:0
BRF:0
BRH:0
end_of_record
TN:
SF:/Users/richardmoss/Projects/reactjs.academy-react/src/components/icons/TrainerIcon.js
FN:5,TrainerIcon
FNF:1
FNH:0
FNDA:0,TrainerIcon
DA:1,0
DA:2,0
DA:3,0
DA:5,0
LF:4
LH:0
BRF:0
BRH:0
end_of_record
TN:
SF:/Users/richardmoss/Projects/reactjs.academy-react/src/components/icons/TrainerIon.stories.js
FN:5,(anonymous_1)
FNF:1
FNH:0
FNDA:0,(anonymous_1)
DA:1,0
DA:2,0
DA:3,0
DA:5,0
LF:4
LH:0
BRF:0
BRH:0
end_of_record
TN:
SF:/Users/richardmoss/Projects/reactjs.academy-react/src/components/icons/TwitterIcon.js
FN:3,TwitterIcon
FNF:1
FNH:0
FNDA:0,TwitterIcon
DA:1,0
DA:3,0
DA:4,0
DA:5,0
LF:4
LH:0
BRDA:4,0,0,0
BRDA:4,0,1,0
BRF:2
BRH:0
end_of_record
TN:
SF:/Users/richardmoss/Projects/reactjs.academy-react/src/components/icons/TwitterIcon.stories.js
FN:5,(anonymous_1)
FNF:1
FNH:0
FNDA:0,(anonymous_1)
DA:1,0
DA:2,0
DA:3,0
DA:5,0
LF:4
LH:0
BRF:0
BRH:0
end_of_record
TN:
SF:/Users/richardmoss/Projects/reactjs.academy-react/src/components/icons/WorldIcon.js
FN:3,WorldIcon
FNF:1
FNH:0
FNDA:0,WorldIcon
DA:1,0
DA:3,0
LF:2
LH:0
BRF:0
BRH:0
end_of_record
TN:
SF:/Users/richardmoss/Projects/reactjs.academy-react/src/components/icons/WorldIcon.stories.js
FN:5,(anonymous_1)
FNF:1
FNH:0
FNDA:0,(anonymous_1)
DA:1,0
DA:2,0
DA:3,0
DA:5,0
LF:4
LH:0
BRF:0
BRH:0
end_of_record
TN:
SF:/Users/richardmoss/Projects/reactjs.academy-react/src/components/icons/index.js
FN:33,(anonymous_3)
FN:53,BulletIcon
FNF:2
FNH:0
FNDA:0,(anonymous_3)
FNDA:0,BulletIcon
DA:1,0
DA:2,0
DA:3,0
DA:4,0
DA:5,0
DA:6,0
DA:7,0
DA:8,0
DA:9,0
DA:10,0
DA:11,0
DA:12,0
DA:13,0
DA:14,0
DA:15,0
DA:16,0
DA:17,0
DA:18,0
DA:19,0
DA:20,0
DA:21,0
DA:22,0
DA:23,0
DA:24,0
DA:26,0
DA:27,0
DA:29,0
DA:33,0
DA:53,0
DA:57,0
LF:30
LH:0
BRDA:34,0,0,0
BRDA:34,0,1,0
BRF:2
BRH:0
end_of_record
TN:
SF:/Users/richardmoss/Projects/reactjs.academy-react/src/components/layout/CallToActionNextTrainings.js
FN:9,(anonymous_2)
FN:24,CallToActionNextTrainings
FN:26,(anonymous_4)
FNF:3
FNH:0
FNDA:0,(anonymous_2)
FNDA:0,CallToActionNextTrainings
FNDA:0,(anonymous_4)
DA:1,0
DA:2,0
DA:3,0
DA:4,0
DA:5,0
DA:6,0
DA:8,0
DA:9,0
DA:24,0
DA:27,0
DA:28,0
LF:11
LH:0
BRDA:9,0,0,0
BRDA:9,0,1,0
BRDA:24,1,0,0
BRDA:24,1,1,0
BRDA:29,2,0,0
BRDA:29,2,1,0
BRF:6
BRH:0
end_of_record
TN:
SF:/Users/richardmoss/Projects/reactjs.academy-react/src/components/layout/Footer.js
FN:45,Footer
FNF:1
FNH:0
FNDA:0,Footer
DA:1,0
DA:2,0
DA:4,0
DA:5,0
DA:6,0
DA:7,0
DA:8,0
DA:9,0
DA:10,0
DA:11,0
DA:12,0
DA:14,0
DA:30,0
DA:36,0
DA:42,0
DA:45,0
LF:16
LH:0
BRF:0
BRH:0
end_of_record
TN:
SF:/Users/richardmoss/Projects/reactjs.academy-react/src/components/layout/Grid.js
FN:4,(anonymous_0)
FNF:1
FNH:1
FNDA:138,(anonymous_0)
DA:4,1
DA:5,138
DA:12,138
DA:13,0
DA:14,0
DA:17,138
DA:18,14
DA:19,14
DA:22,138
LF:9
LH:7
BRDA:4,0,0,138
BRDA:6,1,0,138
BRDA:6,1,1,0
BRDA:7,2,0,138
BRDA:7,2,1,138
BRDA:7,2,2,0
BRDA:8,3,0,138
BRDA:8,3,1,138
BRDA:8,3,2,138
BRDA:8,3,3,0
BRDA:9,4,0,138
BRDA:9,4,1,138
BRDA:9,4,2,138
BRDA:9,4,3,138
BRDA:9,4,4,0
BRDA:12,5,0,0
BRDA:12,5,1,138
BRDA:17,6,0,14
BRDA:17,6,1,124
BRF:19
BRH:14
end_of_record
TN:
SF:/Users/richardmoss/Projects/reactjs.academy-react/src/components/layout/Header.js
FN:57,(anonymous_2)
FN:77,(anonymous_3)
FN:161,Header
FN:167,(anonymous_5)
FN:186,(anonymous_6)
FNF:5
FNH:0
FNDA:0,(anonymous_2)
FNDA:0,(anonymous_3)
FNDA:0,Header
FNDA:0,(anonymous_5)
FNDA:0,(anonymous_6)
DA:1,0
DA:2,0
DA:3,0
DA:4,0
DA:5,0
DA:6,0
DA:7,0
DA:8,0
DA:16,0
DA:17,0
DA:18,0
DA:27,0
DA:45,0
DA:56,0
DA:57,0
DA:58,0
DA:60,0
DA:62,0
DA:64,0
DA:66,0
DA:68,0
DA:70,0
DA:72,0
DA:76,0
DA:77,0
DA:101,0
DA:109,0
DA:114,0
DA:124,0
DA:134,0
DA:161,0
DA:167,0
DA:186,0
DA:202,0
LF:34
LH:0
BRDA:59,0,0,0
BRDA:59,0,1,0
BRDA:59,0,2,0
BRDA:59,0,3,0
BRDA:59,0,4,0
BRDA:59,0,5,0
BRDA:59,0,6,0
BRDA:78,1,0,0
BRDA:78,1,1,0
BRDA:161,2,0,0
BRDA:161,2,1,0
BRDA:161,3,0,0
BRDA:161,3,1,0
BRDA:172,4,0,0
BRDA:172,4,1,0
BRDA:181,5,0,0
BRDA:181,5,1,0
BRF:17
BRH:0
end_of_record
TN:
SF:/Users/richardmoss/Projects/reactjs.academy-react/src/components/layout/Section.js
FN:7,(anonymous_2)
FN:14,(anonymous_3)
FN:36,(anonymous_4)
FNF:3
FNH:0
FNDA:0,(anonymous_2)
FNDA:0,(anonymous_3)
FNDA:0,(anonymous_4)
DA:1,0
DA:2,0
DA:3,0
DA:4,0
DA:6,0
DA:7,0
DA:15,0
DA:16,0
DA:21,0
DA:22,0
DA:31,0
DA:33,0
DA:36,0
DA:40,0
LF:14
LH:0
BRDA:7,0,0,0
BRDA:7,0,1,0
BRDA:15,1,0,0
BRDA:15,1,1,0
BRDA:21,2,0,0
BRDA:21,2,1,0
BRDA:36,3,0,0
BRDA:36,3,1,0
BRF:8
BRH:0
end_of_record
TN:
SF:/Users/richardmoss/Projects/reactjs.academy-react/src/components/layout/Ul.js
FN:6,(anonymous_0)
FN:14,(anonymous_1)
FNF:2
FNH:0
FNDA:0,(anonymous_0)
FNDA:0,(anonymous_1)
DA:5,1
DA:7,0
DA:15,0
DA:36,1
LF:4
LH:2
BRDA:7,0,0,0
BRDA:7,0,1,0
BRDA:15,1,0,0
BRDA:15,1,1,0
BRF:4
BRH:0
end_of_record
TN:
SF:/Users/richardmoss/Projects/reactjs.academy-react/src/components/logos/ASOS.js
FN:7,(anonymous_0)
FNF:1
FNH:0
FNDA:0,(anonymous_0)
DA:7,1
DA:8,0
DA:22,1
LF:3
LH:2
BRDA:7,0,0,0
BRF:1
BRH:0
end_of_record
TN:
SF:/Users/richardmoss/Projects/reactjs.academy-react/src/components/logos/ASOS.stories.js
FN:5,(anonymous_1)
FNF:1
FNH:0
FNDA:0,(anonymous_1)
DA:1,0
DA:2,0
DA:3,0
DA:5,0
LF:4
LH:0
BRF:0
BRH:0
end_of_record
TN:
SF:/Users/richardmoss/Projects/reactjs.academy-react/src/components/logos/Blockchain.js
FN:4,(anonymous_0)
FNF:1
FNH:0
FNDA:0,(anonymous_0)
DA:4,1
DA:5,0
DA:89,1
LF:3
LH:2
BRDA:4,0,0,0
BRF:1
BRH:0
end_of_record
TN:
SF:/Users/richardmoss/Projects/reactjs.academy-react/src/components/logos/Blockchain.stories.js
FN:5,(anonymous_1)
FNF:1
FNH:0
FNDA:0,(anonymous_1)
DA:1,0
DA:2,0
DA:3,0
DA:5,0
LF:4
LH:0
BRF:0
BRH:0
end_of_record
TN:
SF:/Users/richardmoss/Projects/reactjs.academy-react/src/components/logos/Capgemini.js
FN:4,(anonymous_0)
FNF:1
FNH:0
FNDA:0,(anonymous_0)
DA:4,1
DA:10,0
DA:29,1
LF:3
LH:2
BRDA:5,0,0,0
BRDA:6,1,0,0
BRF:2
BRH:0
end_of_record
TN:
SF:/Users/richardmoss/Projects/reactjs.academy-react/src/components/logos/Capgemini.stories.js
FN:5,(anonymous_1)
FNF:1
FNH:0
FNDA:0,(anonymous_1)
DA:1,0
DA:2,0
DA:3,0
DA:5,0
LF:4
LH:0
BRF:0
BRH:0
end_of_record
TN:
SF:/Users/richardmoss/Projects/reactjs.academy-react/src/components/logos/FinancialTimes.js
FN:4,(anonymous_0)
FNF:1
FNH:0
FNDA:0,(anonymous_0)
DA:4,1
DA:5,0
DA:18,1
LF:3
LH:2
BRDA:4,0,0,0
BRF:1
BRH:0
end_of_record
TN:
SF:/Users/richardmoss/Projects/reactjs.academy-react/src/components/logos/FinancialTimes.stories.js
FN:5,(anonymous_1)
FNF:1
FNH:0
FNDA:0,(anonymous_1)
DA:1,0
DA:2,0
DA:3,0
DA:5,0
LF:4
LH:0
BRF:0
BRH:0
end_of_record
TN:
SF:/Users/richardmoss/Projects/reactjs.academy-react/src/components/logos/JohnLewis.js
FN:4,(anonymous_0)
FNF:1
FNH:0
FNDA:0,(anonymous_0)
DA:4,1
DA:5,0
DA:116,1
LF:3
LH:2
BRDA:4,0,0,0
BRF:1
BRH:0
end_of_record
TN:
SF:/Users/richardmoss/Projects/reactjs.academy-react/src/components/logos/JohnLewis.stories.js
FN:5,(anonymous_1)
FNF:1
FNH:0
FNDA:0,(anonymous_1)
DA:1,0
DA:2,0
DA:3,0
DA:5,0
LF:4
LH:0
BRF:0
BRH:0
end_of_record
TN:
SF:/Users/richardmoss/Projects/reactjs.academy-react/src/components/logos/LeanJS.js
FN:3,(anonymous_0)
FNF:1
FNH:0
FNDA:0,(anonymous_0)
DA:3,1
DA:4,0
LF:2
LH:1
BRDA:6,0,0,0
BRDA:6,0,1,0
BRF:2
BRH:0
end_of_record
TN:
SF:/Users/richardmoss/Projects/reactjs.academy-react/src/components/logos/MadeCom.js
FN:5,(anonymous_0)
FNF:1
FNH:0
FNDA:0,(anonymous_0)
DA:5,1
DA:6,0
LF:2
LH:1
BRF:0
BRH:0
end_of_record
TN:
SF:/Users/richardmoss/Projects/reactjs.academy-react/src/components/logos/MadeCom.stories.js
FN:5,(anonymous_1)
FNF:1
FNH:0
FNDA:0,(anonymous_1)
DA:1,0
DA:2,0
DA:3,0
DA:5,0
LF:4
LH:0
BRF:0
BRH:0
end_of_record
TN:
SF:/Users/richardmoss/Projects/reactjs.academy-react/src/components/logos/RJSALogo.js
FN:5,(anonymous_0)
FN:37,(anonymous_1)
FNF:2
FNH:0
FNDA:0,(anonymous_0)
FNDA:0,(anonymous_1)
DA:5,1
DA:6,0
DA:27,1
DA:37,1
DA:38,0
LF:5
LH:3
BRF:0
BRH:0
end_of_record
TN:
SF:/Users/richardmoss/Projects/reactjs.academy-react/src/components/logos/RJSALogo.stories.js
FN:7,(anonymous_1)
FNF:1
FNH:0
FNDA:0,(anonymous_1)
DA:1,0
DA:2,0
DA:3,0
DA:5,0
DA:7,0
LF:5
LH:0
BRF:0
BRH:0
end_of_record
TN:
SF:/Users/richardmoss/Projects/reactjs.academy-react/src/components/logos/ReactLogo.js
FN:3,(anonymous_0)
FNF:1
FNH:0
FNDA:0,(anonymous_0)
DA:3,1
DA:4,0
LF:2
LH:1
BRF:0
BRH:0
end_of_record
TN:
SF:/Users/richardmoss/Projects/reactjs.academy-react/src/components/logos/ReactLogo.stories.js
FN:5,(anonymous_1)
FNF:1
FNH:0
FNDA:0,(anonymous_1)
DA:1,0
DA:2,0
DA:3,0
DA:5,0
LF:4
LH:0
BRF:0
BRH:0
end_of_record
TN:
SF:/Users/richardmoss/Projects/reactjs.academy-react/src/components/logos/SainBurys.js
FN:4,(anonymous_0)
FNF:1
FNH:0
FNDA:0,(anonymous_0)
DA:4,1
DA:5,0
DA:18,1
LF:3
LH:2
BRDA:4,0,0,0
BRF:1
BRH:0
end_of_record
TN:
SF:/Users/richardmoss/Projects/reactjs.academy-react/src/components/logos/SainBurys.stories.js
FN:5,(anonymous_1)
FNF:1
FNH:0
FNDA:0,(anonymous_1)
DA:1,0
DA:2,0
DA:3,0
DA:5,0
LF:4
LH:0
BRF:0
BRH:0
end_of_record
TN:
SF:/Users/richardmoss/Projects/reactjs.academy-react/src/components/logos/Telegraph.js
FN:4,(anonymous_0)
FNF:1
FNH:0
FNDA:0,(anonymous_0)
DA:4,1
DA:5,0
DA:18,1
LF:3
LH:2
BRDA:4,0,0,0
BRF:1
BRH:0
end_of_record
TN:
SF:/Users/richardmoss/Projects/reactjs.academy-react/src/components/logos/Telegraph.stories.js
FN:5,(anonymous_1)
FNF:1
FNH:0
FNDA:0,(anonymous_1)
DA:1,0
DA:2,0
DA:3,0
DA:5,0
LF:4
LH:0
BRF:0
BRH:0
end_of_record
TN:
SF:/Users/richardmoss/Projects/reactjs.academy-react/src/components/logos/Tesco.js
FN:4,(anonymous_0)
FNF:1
FNH:0
FNDA:0,(anonymous_0)
DA:4,1
DA:11,0
DA:40,1
LF:3
LH:2
BRDA:5,0,0,0
BRDA:6,1,0,0
BRDA:7,2,0,0
BRF:3
BRH:0
end_of_record
TN:
SF:/Users/richardmoss/Projects/reactjs.academy-react/src/components/logos/Tesco.stories.js
FN:5,(anonymous_1)
FNF:1
FNH:0
FNDA:0,(anonymous_1)
DA:1,0
DA:2,0
DA:3,0
DA:5,0
LF:4
LH:0
BRF:0
BRH:0
end_of_record
TN:
SF:/Users/richardmoss/Projects/reactjs.academy-react/src/components/logos/Trainline.js
FN:4,(anonymous_0)
FNF:1
FNH:0
FNDA:0,(anonymous_0)
DA:4,1
DA:5,0
DA:18,1
LF:3
LH:2
BRDA:4,0,0,0
BRF:1
BRH:0
end_of_record
TN:
SF:/Users/richardmoss/Projects/reactjs.academy-react/src/components/logos/Trainline.stories.js
FN:5,(anonymous_1)
FNF:1
FNH:0
FNDA:0,(anonymous_1)
DA:1,0
DA:2,0
DA:3,0
DA:5,0
LF:4
LH:0
BRF:0
BRH:0
end_of_record
TN:
SF:/Users/richardmoss/Projects/reactjs.academy-react/src/components/logos/index.js
FNF:0
FNH:0
LF:0
LH:0
BRF:0
BRH:0
end_of_record
TN:
SF:/Users/richardmoss/Projects/reactjs.academy-react/src/components/navigation/Breadcrumb.js
FN:42,(anonymous_0)
FN:49,(anonymous_1)
FNF:2
FNH:0
FNDA:0,(anonymous_0)
FNDA:0,(anonymous_1)
DA:10,1
DA:42,1
DA:43,0
DA:50,0
LF:4
LH:2
BRDA:43,0,0,0
BRDA:43,0,1,0
BRDA:43,1,0,0
BRDA:43,1,1,0
BRDA:50,2,0,0
BRDA:50,2,1,0
BRF:6
BRH:0
end_of_record
TN:
SF:/Users/richardmoss/Projects/reactjs.academy-react/src/components/navigation/Link.js
FN:22,(anonymous_0)
FN:48,(anonymous_1)
FNF:2
FNH:2
FNDA:4,(anonymous_0)
FNDA:68,(anonymous_1)
DA:8,1
DA:19,1
DA:22,4
DA:40,1
DA:44,1
DA:48,1
DA:49,68
DA:50,0
DA:51,0
DA:56,68
DA:57,2
DA:62,66
DA:63,38
DA:67,28
DA:68,28
DA:69,28
LF:16
LH:14
BRDA:48,0,0,38
BRDA:48,1,0,0
BRDA:49,2,0,0
BRDA:49,2,1,68
BRDA:49,3,0,68
BRDA:49,3,1,30
BRDA:50,4,0,0
BRDA:56,5,0,2
BRDA:56,5,1,66
BRDA:56,6,0,68
BRDA:56,6,1,30
BRDA:62,7,0,38
BRDA:62,7,1,28
BRF:13
BRH:10
end_of_record
TN:
SF:/Users/richardmoss/Projects/reactjs.academy-react/src/components/navigation/Tabs.js
FN:47,(anonymous_0)
FN:49,(anonymous_1)
FN:53,(anonymous_2)
FN:66,(anonymous_3)
FN:90,(anonymous_4)
FN:99,(anonymous_5)
FN:106,(anonymous_6)
FN:107,(anonymous_7)
FN:115,(anonymous_8)
FN:121,(anonymous_9)
FN:129,(anonymous_10)
FN:133,(anonymous_11)
FN:138,(anonymous_12)
FNF:13
FNH:0
FNDA:0,(anonymous_0)
FNDA:0,(anonymous_1)
FNDA:0,(anonymous_2)
FNDA:0,(anonymous_3)
FNDA:0,(anonymous_4)
FNDA:0,(anonymous_5)
FNDA:0,(anonymous_6)
FNDA:0,(anonymous_7)
FNDA:0,(anonymous_8)
FNDA:0,(anonymous_9)
FNDA:0,(anonymous_10)
FNDA:0,(anonymous_11)
FNDA:0,(anonymous_12)
DA:7,1
DA:47,1
DA:48,0
DA:50,0
DA:54,0
DA:55,0
DA:63,1
DA:65,1
DA:67,0
DA:90,1
DA:91,0
DA:97,1
DA:99,1
DA:100,0
DA:104,1
DA:106,1
DA:107,0
DA:108,0
DA:113,1
DA:115,1
DA:116,0
DA:118,1
DA:122,0
DA:124,0
DA:130,0
DA:134,0
DA:135,0
DA:136,0
DA:138,0
DA:139,0
LF:30
LH:12
BRDA:52,0,0,0
BRDA:52,0,1,0
BRDA:54,1,0,0
BRDA:54,1,1,0
BRDA:67,2,0,0
BRDA:67,2,1,0
BRDA:116,3,0,0
BRDA:116,3,1,0
BRDA:140,4,0,0
BRDA:140,4,1,0
BRF:10
BRH:0
end_of_record
TN:
SF:/Users/richardmoss/Projects/reactjs.academy-react/src/components/navigation/index.js
FNF:0
FNH:0
LF:0
LH:0
BRF:0
BRH:0
end_of_record
TN:
SF:/Users/richardmoss/Projects/reactjs.academy-react/src/components/navigation/menu/DesktopMenu.js
FN:19,(anonymous_0)
FN:31,(anonymous_1)
FN:34,(anonymous_2)
FNF:3
FNH:0
FNDA:0,(anonymous_0)
FNDA:0,(anonymous_1)
FNDA:0,(anonymous_2)
DA:9,1
DA:19,1
DA:20,0
DA:25,1
DA:29,1
DA:31,1
DA:32,0
DA:35,0
LF:8
LH:5
BRF:0
BRH:0
end_of_record
TN:
SF:/Users/richardmoss/Projects/reactjs.academy-react/src/components/navigation/menu/PhoneMenu.js
FN:9,(anonymous_0)
FN:25,(anonymous_1)
FN:29,(anonymous_2)
FN:36,(anonymous_3)
FNF:4
FNH:0
FNDA:0,(anonymous_0)
FNDA:0,(anonymous_1)
FNDA:0,(anonymous_2)
FNDA:0,(anonymous_3)
DA:9,1
DA:11,1
DA:18,1
DA:26,0
DA:30,0
DA:31,0
DA:33,0
DA:37,0
LF:8
LH:3
BRF:0
BRH:0
end_of_record
TN:
SF:/Users/richardmoss/Projects/reactjs.academy-react/src/components/navigation/menu/index.js
FN:35,(anonymous_0)
FNF:1
FNH:0
FNDA:0,(anonymous_0)
DA:13,1
DA:27,1
DA:35,1
DA:36,0
DA:38,0
LF:5
LH:3
BRDA:43,0,0,0
BRDA:43,0,1,0
BRDA:43,1,0,0
BRDA:43,1,1,0
BRF:4
BRH:0
end_of_record
TN:
SF:/Users/richardmoss/Projects/reactjs.academy-react/src/components/payment/InstallmentsCard.js
FN:13,(anonymous_0)
FNF:1
FNH:0
FNDA:0,(anonymous_0)
DA:9,1
DA:13,1
DA:14,0
LF:3
LH:2
BRDA:13,0,0,0
BRDA:14,1,0,0
BRDA:14,1,1,0
BRF:3
BRH:0
end_of_record
TN:
SF:/Users/richardmoss/Projects/reactjs.academy-react/src/components/payment/PaymentSection.js
FN:17,(anonymous_0)
FN:18,(anonymous_1)
FN:23,(anonymous_2)
FN:24,(anonymous_3)
FN:29,(anonymous_4)
FN:33,(anonymous_5)
FNF:6
FNH:1
FNDA:0,(anonymous_0)
FNDA:0,(anonymous_1)
FNDA:0,(anonymous_2)
FNDA:0,(anonymous_3)
FNDA:0,(anonymous_4)
FNDA:2,(anonymous_5)
DA:18,0
DA:24,0
DA:30,0
DA:43,2
DA:44,2
DA:45,2
DA:46,2
DA:48,2
DA:104,1
LF:9
LH:6
BRDA:19,0,0,0
BRDA:19,0,1,0
BRDA:25,1,0,0
BRDA:25,1,1,0
BRDA:39,2,0,0
BRDA:43,3,0,2
BRDA:43,3,1,0
BRDA:46,4,0,2
BRDA:46,4,1,0
BRDA:48,5,0,2
BRDA:48,5,1,0
BRDA:62,6,0,2
BRDA:62,6,1,0
BRDA:64,7,0,0
BRDA:64,7,1,2
BRDA:76,8,0,0
BRDA:76,8,1,2
BRDA:76,9,0,2
BRDA:76,9,1,0
BRF:19
BRH:7
end_of_record
TN:
SF:/Users/richardmoss/Projects/reactjs.academy-react/src/components/payment/Price.js
FN:14,(anonymous_0)
FNF:1
FNH:1
FNDA:28,(anonymous_0)
DA:5,1
DA:15,28
LF:2
LH:2
BRDA:15,0,0,12
BRDA:15,0,1,16
BRF:2
BRH:2
end_of_record
TN:
SF:/Users/richardmoss/Projects/reactjs.academy-react/src/components/payment/index.js
FNF:0
FNH:0
LF:0
LH:0
BRF:0
BRH:0
end_of_record
TN:
SF:/Users/richardmoss/Projects/reactjs.academy-react/src/components/payment/checkout/CheckoutContainer.js
FN:39,(anonymous_0)
FN:43,(anonymous_1)
FN:47,(anonymous_2)
FN:56,(anonymous_3)
FN:63,(anonymous_4)
FN:68,(anonymous_5)
FN:73,(anonymous_6)
FN:95,(anonymous_7)
FN:105,(anonymous_8)
FN:110,(anonymous_9)
FN:140,(anonymous_10)
FN:154,(anonymous_11)
FN:159,(anonymous_12)
FN:164,(anonymous_13)
FN:200,(anonymous_14)
FN:214,(anonymous_15)
FN:227,(anonymous_16)
FN:233,(anonymous_17)
FNF:18
FNH:6
FNDA:2,(anonymous_0)
FNDA:4,(anonymous_1)
FNDA:2,(anonymous_2)
FNDA:0,(anonymous_3)
FNDA:0,(anonymous_4)
FNDA:0,(anonymous_5)
FNDA:0,(anonymous_6)
FNDA:0,(anonymous_7)
FNDA:0,(anonymous_8)
FNDA:2,(anonymous_9)
FNDA:2,(anonymous_10)
FNDA:0,(anonymous_11)
FNDA:0,(anonymous_12)
FNDA:0,(anonymous_13)
FNDA:0,(anonymous_14)
FNDA:0,(anonymous_15)
FNDA:0,(anonymous_16)
FNDA:10,(anonymous_17)
DA:40,2
DA:44,4
DA:48,2
DA:57,0
DA:58,0
DA:59,0
DA:64,0
DA:65,0
DA:69,0
DA:70,0
DA:74,0
DA:75,0
DA:78,0
DA:79,0
DA:81,0
DA:82,0
DA:85,0
DA:86,0
DA:96,0
DA:97,0
DA:101,0
DA:102,0
DA:106,0
DA:118,2
DA:119,2
DA:120,2
DA:122,2
DA:123,0
DA:126,2
DA:127,2
DA:131,2
DA:141,2
DA:142,2
DA:143,2
DA:144,1
DA:145,1
DA:151,1
DA:155,0
DA:160,0
DA:161,0
DA:165,0
DA:166,0
DA:168,0
DA:178,0
DA:186,0
DA:187,0
DA:188,0
DA:189,0
DA:190,0
DA:191,0
DA:193,0
DA:198,0
DA:199,0
DA:201,0
DA:215,0
DA:216,0
DA:222,0
DA:224,0
DA:228,0
DA:240,10
DA:251,10
DA:252,10
DA:259,10
DA:284,1
DA:288,1
DA:303,1
LF:66
LH:23
BRDA:47,0,0,0
BRDA:57,1,0,0
BRDA:57,1,1,0
BRDA:57,2,0,0
BRDA:57,2,1,0
BRDA:74,3,0,0
BRDA:74,3,1,0
BRDA:74,4,0,0
BRDA:74,4,1,0
BRDA:81,5,0,0
BRDA:81,5,1,0
BRDA:81,6,0,0
BRDA:81,6,1,0
BRDA:81,6,2,0
BRDA:95,7,0,0
BRDA:101,8,0,0
BRDA:101,8,1,0
BRDA:101,9,0,0
BRDA:101,9,1,0
BRDA:120,10,0,2
BRDA:120,10,1,2
BRDA:122,11,0,0
BRDA:122,11,1,2
BRDA:122,12,0,2
BRDA:122,12,1,2
BRDA:140,13,0,0
BRDA:141,14,0,2
BRDA:141,14,1,1
BRDA:143,15,0,1
BRDA:143,15,1,1
BRDA:143,16,0,2
BRDA:143,16,1,1
BRDA:165,17,0,0
BRDA:165,17,1,0
BRDA:185,18,0,0
BRDA:215,19,0,0
BRDA:215,19,1,0
BRF:37
BRH:11
end_of_record
TN:
SF:/Users/richardmoss/Projects/reactjs.academy-react/src/components/payment/checkout/CheckoutForm.js
FN:31,(anonymous_0)
FN:32,(anonymous_1)
FN:33,(anonymous_2)
FN:34,(anonymous_3)
FN:111,(anonymous_4)
FN:115,(anonymous_5)
FN:121,(anonymous_6)
FN:188,(anonymous_7)
FN:236,(anonymous_8)
FN:316,(anonymous_9)
FNF:10
FNH:8
FNDA:4,(anonymous_0)
FNDA:10,(anonymous_1)
FNDA:14,(anonymous_2)
FNDA:10,(anonymous_3)
FNDA:2,(anonymous_4)
FNDA:0,(anonymous_5)
FNDA:12,(anonymous_6)
FNDA:14,(anonymous_7)
FNDA:0,(anonymous_8)
FNDA:2,(anonymous_9)
DA:31,4
DA:32,10
DA:33,14
DA:34,10
DA:36,1
DA:42,1
DA:50,1
DA:68,1
DA:78,1
DA:82,1
DA:86,1
DA:92,1
DA:112,2
DA:116,0
DA:141,12
DA:142,12
DA:143,12
DA:144,12
DA:150,12
DA:195,14
DA:236,0
DA:316,2
LF:22
LH:20
BRDA:143,0,0,12
BRDA:143,0,1,12
BRDA:144,1,0,0
BRDA:144,1,1,12
BRDA:146,2,0,1
BRDA:146,2,1,11
BRDA:178,3,0,0
BRDA:178,3,1,12
BRDA:210,4,0,0
BRDA:210,4,1,14
BRDA:233,5,0,0
BRDA:233,5,1,0
BRDA:238,6,0,0
BRDA:238,6,1,0
BRDA:240,7,0,0
BRDA:240,7,1,0
BRDA:292,8,0,10
BRDA:292,8,1,4
BRDA:309,9,0,1
BRDA:309,9,1,9
BRDA:315,10,0,10
BRDA:315,10,1,9
BRDA:318,11,0,2
BRDA:318,11,1,8
BRDA:320,12,0,1
BRDA:320,12,1,7
BRDA:334,13,0,0
BRDA:334,13,1,14
BRDA:355,14,0,1
BRDA:355,14,1,13
BRDA:383,15,0,14
BRDA:383,15,1,13
BRDA:400,16,0,0
BRDA:400,16,1,14
BRDA:400,17,0,14
BRDA:400,17,1,0
BRDA:404,18,0,0
BRDA:404,18,1,14
BRDA:418,19,0,14
BRDA:418,19,1,14
BRF:40
BRH:27
end_of_record
TN:
SF:/Users/richardmoss/Projects/reactjs.academy-react/src/components/payment/checkout/index.js
FN:25,(anonymous_0)
FN:28,(anonymous_1)
FN:36,(anonymous_2)
FN:43,(anonymous_3)
FNF:4
FNH:4
FNDA:2,(anonymous_0)
FNDA:2,(anonymous_1)
FNDA:2,(anonymous_2)
FNDA:4,(anonymous_3)
DA:13,1
DA:19,1
DA:25,2
DA:29,2
DA:31,2
DA:37,2
DA:40,2
DA:56,4
DA:57,4
DA:60,4
DA:103,1
DA:108,1
LF:12
LH:12
BRDA:32,0,0,2
BRDA:32,0,1,2
BRDA:62,1,0,2
BRDA:62,1,1,2
BRDA:65,2,0,0
BRDA:65,2,1,2
BRF:6
BRH:5
end_of_record
TN:
SF:/Users/richardmoss/Projects/reactjs.academy-react/src/components/text/Blockquote.js
FN:16,(anonymous_0)
FNF:1
FNH:0
FNDA:0,(anonymous_0)
DA:5,1
DA:17,0
DA:18,0
LF:3
LH:1
BRDA:17,0,0,0
BRDA:17,0,1,0
BRF:2
BRH:0
end_of_record
TN:
SF:/Users/richardmoss/Projects/reactjs.academy-react/src/components/text/H.js
FNF:0
FNH:0
DA:5,1
DA:16,1
DA:20,1
DA:24,1
DA:42,1
DA:46,1
DA:59,1
DA:63,1
DA:69,1
DA:73,1
DA:79,1
LF:11
LH:11
BRF:0
BRH:0
end_of_record
TN:
SF:/Users/richardmoss/Projects/reactjs.academy-react/src/components/text/Label.js
FNF:0
FNH:0
LF:0
LH:0
BRF:0
BRH:0
end_of_record
TN:
SF:/Users/richardmoss/Projects/reactjs.academy-react/src/components/text/P.js
FN:8,(anonymous_0)
FNF:1
FNH:1
FNDA:29,(anonymous_0)
DA:8,29
LF:1
LH:1
BRDA:8,0,0,29
BRDA:8,0,1,29
BRF:2
BRH:2
end_of_record
TN:
SF:/Users/richardmoss/Projects/reactjs.academy-react/src/components/text/Span.js
FN:6,(anonymous_0)
FNF:1
FNH:1
FNDA:95,(anonymous_0)
DA:5,1
DA:6,95
LF:2
LH:2
BRDA:6,0,0,0
BRDA:6,0,1,95
BRF:2
BRH:1
end_of_record
TN:
SF:/Users/richardmoss/Projects/reactjs.academy-react/src/components/text/index.js
FNF:0
FNH:0
LF:0
LH:0
BRF:0
BRH:0
end_of_record
TN:
SF:/Users/richardmoss/Projects/reactjs.academy-react/src/components/training/AttendeeQuote.js
FN:56,AttendeeQuote
FNF:1
FNH:0
FNDA:0,AttendeeQuote
DA:1,0
DA:2,0
DA:3,0
DA:4,0
DA:5,0
DA:6,0
DA:8,0
DA:20,0
DA:27,0
DA:41,0
DA:44,0
DA:56,0
LF:12
LH:0
BRDA:67,0,0,0
BRDA:67,0,1,0
BRDA:71,1,0,0
BRDA:71,1,1,0
BRDA:71,2,0,0
BRDA:71,2,1,0
BRDA:71,3,0,0
BRDA:71,3,1,0
BRF:8
BRH:0
end_of_record
TN:
SF:/Users/richardmoss/Projects/reactjs.academy-react/src/components/training/TrainingDetails.js
FN:14,CoachItem
FN:20,TrainingDetails
FN:40,(anonymous_3)
FNF:3
FNH:0
FNDA:0,CoachItem
FNDA:0,TrainingDetails
FNDA:0,(anonymous_3)
DA:1,0
DA:2,0
DA:3,0
DA:4,0
DA:5,0
DA:7,0
DA:8,0
DA:9,0
DA:10,0
DA:11,0
DA:12,0
DA:14,0
DA:20,0
DA:40,0
LF:14
LH:0
BRDA:24,0,0,0
BRDA:24,0,1,0
BRDA:25,1,0,0
BRDA:25,1,1,0
BRDA:33,2,0,0
BRDA:33,2,1,0
BRDA:37,3,0,0
BRDA:37,3,1,0
BRF:8
BRH:0
end_of_record
TN:
SF:/Users/richardmoss/Projects/reactjs.academy-react/src/components/training/TrainingItem.js
FN:13,TrainingItem
FNF:1
FNH:0
FNDA:0,TrainingItem
DA:1,0
DA:2,0
DA:3,0
DA:4,0
DA:5,0
DA:6,0
DA:7,0
DA:9,0
DA:13,0
LF:9
LH:0
BRF:0
BRH:0
end_of_record
TN:
SF:/Users/richardmoss/Projects/reactjs.academy-react/src/components/training/TrainingList.js
FNF:0
FNH:0
DA:1,0
LF:1
LH:0
BRF:0
BRH:0
end_of_record
TN:
SF:/Users/richardmoss/Projects/reactjs.academy-react/src/components/training/TrustedBySection.js
FN:41,TrustedByLogoList
FN:73,TrustedBySection
FNF:2
FNH:0
FNDA:0,TrustedByLogoList
FNDA:0,TrustedBySection
DA:1,0
DA:2,0
DA:3,0
DA:4,0
DA:5,0
DA:6,0
DA:7,0
DA:8,0
DA:19,0
DA:20,0
DA:23,0
DA:29,0
DA:41,0
DA:73,0
LF:14
LH:0
BRF:0
BRH:0
end_of_record
TN:
SF:/Users/richardmoss/Projects/reactjs.academy-react/src/components/training/UpcomingTrainingSection.js
FN:12,UpcomingTrainingSection
FN:23,(anonymous_2)
FNF:2
FNH:0
FNDA:0,UpcomingTrainingSection
FNDA:0,(anonymous_2)
DA:1,0
DA:2,0
DA:3,0
DA:4,0
DA:5,0
DA:6,0
DA:8,0
DA:10,0
DA:12,0
DA:23,0
LF:10
LH:0
BRDA:31,0,0,0
BRDA:31,0,1,0
BRF:2
BRH:0
end_of_record
TN:
SF:/Users/richardmoss/Projects/reactjs.academy-react/src/components/training/index.js
FNF:0
FNH:0
DA:1,0
DA:2,0
DA:3,0
DA:4,0
DA:5,0
DA:7,0
LF:6
LH:0
BRF:0
BRH:0
end_of_record
TN:
SF:/Users/richardmoss/Projects/reactjs.academy-react/src/components/utils/card.js
FN:3,(anonymous_0)
FN:6,(anonymous_1)
FN:12,clearNumber
FN:16,formatCreditCardNumber
FN:49,formatCVC
FN:61,formatExpirationDate
FNF:6
FNH:4
FNDA:0,(anonymous_0)
FNDA:0,(anonymous_1)
FNDA:28,clearNumber
FNDA:14,formatCreditCardNumber
FNDA:14,formatCVC
FNDA:14,formatExpirationDate
DA:3,1
DA:4,0
DA:6,1
DA:7,0
DA:13,28
DA:17,14
DA:18,14
DA:21,0
DA:22,0
DA:25,0
DA:27,0
DA:31,0
DA:33,0
DA:37,0
DA:39,0
DA:43,0
DA:46,0
DA:50,14
DA:51,14
DA:53,14
DA:54,0
DA:55,0
DA:58,14
DA:62,14
DA:64,14
DA:65,0
DA:68,14
LF:27
LH:12
BRDA:4,0,0,0
BRDA:4,0,1,0
BRDA:7,1,0,0
BRDA:7,1,1,0
BRDA:12,2,0,28
BRDA:17,3,0,14
BRDA:17,3,1,0
BRDA:25,4,0,0
BRDA:25,4,1,0
BRDA:25,4,2,0
BRDA:49,5,0,0
BRDA:53,6,0,0
BRDA:53,6,1,14
BRDA:55,7,0,0
BRDA:55,7,1,0
BRDA:64,8,0,0
BRDA:64,8,1,14
BRF:17
BRH:4
end_of_record
TN:
SF:/Users/richardmoss/Projects/reactjs.academy-react/src/components/utils/createLogger.js
FN:10,(anonymous_0)
FN:14,(anonymous_1)
FN:17,(anonymous_2)
FN:20,(anonymous_3)
FN:23,(anonymous_4)
FN:26,(anonymous_5)
FN:33,(anonymous_6)
FNF:7
FNH:0
FNDA:0,(anonymous_0)
FNDA:0,(anonymous_1)
FNDA:0,(anonymous_2)
FNDA:0,(anonymous_3)
FNDA:0,(anonymous_4)
FNDA:0,(anonymous_5)
FNDA:0,(anonymous_6)
DA:4,1
DA:5,1
DA:6,1
DA:7,1
DA:8,1
DA:10,1
DA:11,0
DA:13,0
DA:15,0
DA:18,0
DA:21,0
DA:24,0
DA:27,0
DA:33,0
LF:14
LH:6
BRDA:32,0,0,0
BRDA:32,0,1,1
BRF:2
BRH:1
end_of_record
TN:
SF:/Users/richardmoss/Projects/reactjs.academy-react/src/components/utils/currency.js
FN:1,(anonymous_0)
FNF:1
FNH:1
FNDA:57,(anonymous_0)
DA:1,1
DA:2,57
DA:3,57
DA:5,57
DA:7,0
DA:9,0
DA:11,0
DA:13,57
LF:8
LH:5
BRDA:2,0,0,28
BRDA:2,0,1,29
BRDA:5,1,0,0
BRDA:5,1,1,0
BRDA:5,1,2,0
BRDA:5,1,3,57
BRF:6
BRH:3
end_of_record
TN:
SF:/Users/richardmoss/Projects/reactjs.academy-react/src/components/utils/index.js
FN:11,(anonymous_0)
FN:12,(anonymous_1)
FN:19,(anonymous_2)
FN:27,(anonymous_3)
FN:35,(anonymous_4)
FN:43,(anonymous_5)
FN:55,(anonymous_6)
FN:63,(anonymous_7)
FN:71,(anonymous_8)
FN:79,(anonymous_9)
FNF:10
FNH:0
FNDA:0,(anonymous_0)
FNDA:0,(anonymous_1)
FNDA:0,(anonymous_2)
FNDA:0,(anonymous_3)
FNDA:0,(anonymous_4)
FNDA:0,(anonymous_5)
FNDA:0,(anonymous_6)
FNDA:0,(anonymous_7)
FNDA:0,(anonymous_8)
FNDA:0,(anonymous_9)
DA:4,1
DA:5,1
DA:6,1
DA:7,1
DA:8,1
DA:9,1
DA:11,1
DA:12,0
DA:13,0
DA:18,1
DA:20,0
DA:28,0
DA:36,0
DA:44,0
DA:53,1
DA:56,0
DA:64,0
DA:72,0
DA:80,0
LF:19
LH:9
BRDA:20,0,0,0
BRDA:20,0,1,0
BRDA:28,1,0,0
BRDA:28,1,1,0
BRDA:36,2,0,0
BRDA:36,2,1,0
BRDA:44,3,0,0
BRDA:44,3,1,0
BRDA:56,4,0,0
BRDA:56,4,1,0
BRDA:64,5,0,0
BRDA:64,5,1,0
BRDA:72,6,0,0
BRDA:72,6,1,0
BRDA:80,7,0,0
BRDA:80,7,1,0
BRF:16
BRH:0
end_of_record
TN:
SF:/Users/richardmoss/Projects/reactjs.academy-react/src/components/utils/trackUserBehaviour.js
FN:12,(anonymous_0)
FNF:1
FNH:1
FNDA:4,(anonymous_0)
DA:1,1
DA:2,1
DA:3,1
DA:4,1
DA:5,1
DA:6,1
DA:7,1
DA:8,1
DA:9,1
DA:10,1
DA:12,1
DA:13,4
DA:14,0
DA:16,4
LF:14
LH:13
BRDA:12,0,0,2
BRDA:13,1,0,0
BRDA:13,1,1,4
BRDA:16,2,0,4
BRDA:16,2,1,0
BRF:5
BRH:3
end_of_record
TN:
SF:/Users/richardmoss/Projects/reactjs.academy-react/src/components/utils/url.js
FN:1,getURLParameter
FNF:1
FNH:0
FNDA:0,getURLParameter
DA:1,0
DA:2,0
DA:4,0
LF:3
LH:0
BRDA:2,0,0,0
BRDA:2,0,1,0
BRDA:5,1,0,0
BRDA:5,1,1,0
BRDA:6,2,0,0
BRDA:6,2,1,0
BRF:6
BRH:0
end_of_record
TN:
SF:/Users/richardmoss/Projects/reactjs.academy-react/src/config/apps.js
FNF:0
FNH:0
DA:1,1
DA:3,1
DA:8,1
DA:12,1
LF:4
LH:4
BRDA:3,0,0,0
BRDA:3,0,1,1
BRDA:8,1,0,0
BRDA:8,1,1,1
BRDA:12,2,0,0
BRDA:12,2,1,1
BRF:6
BRH:3
end_of_record
TN:
SF:/Users/richardmoss/Projects/reactjs.academy-react/src/config/data.js
FN:8,emptyTraining
FN:21,selectTrainings
FN:24,(anonymous_3)
FN:27,(anonymous_4)
FN:29,selectSecondTraining
FN:34,selectFirstTraining
FNF:6
FNH:0
FNDA:0,emptyTraining
FNDA:0,selectTrainings
FNDA:0,(anonymous_3)
FNDA:0,(anonymous_4)
FNDA:0,selectSecondTraining
FNDA:0,selectFirstTraining
DA:1,0
DA:2,0
DA:3,0
DA:4,0
DA:5,0
DA:6,0
DA:8,0
DA:21,0
DA:24,0
DA:27,0
DA:29,0
DA:30,0
DA:31,0
DA:34,0
DA:35,0
DA:36,0
DA:39,0
LF:17
LH:0
BRDA:25,0,0,0
BRDA:25,0,1,0
BRDA:25,0,2,0
BRDA:25,0,3,0
BRDA:31,1,0,0
BRDA:31,1,1,0
BRDA:36,2,0,0
BRDA:36,2,1,0
BRF:8
BRH:0
end_of_record
TN:
SF:/Users/richardmoss/Projects/reactjs.academy-react/src/config/images.js
FNF:0
FNH:0
DA:1,0
DA:3,0
DA:5,0
DA:7,0
DA:9,0
DA:11,0
DA:13,0
DA:15,0
DA:17,0
DA:19,0
DA:21,0
DA:24,0
DA:27,0
DA:30,0
DA:33,0
DA:35,0
DA:38,0
DA:43,0
DA:45,0
DA:47,0
DA:49,0
DA:51,0
DA:53,0
DA:58,0
DA:60,0
DA:62,0
DA:64,0
DA:66,0
DA:70,0
DA:72,0
DA:74,0
LF:31
LH:0
BRF:0
BRH:0
end_of_record
TN:
SF:/Users/richardmoss/Projects/reactjs.academy-react/src/config/index.js
FNF:0
FNH:0
DA:1,1
LF:1
LH:1
BRF:0
BRH:0
end_of_record
TN:
SF:/Users/richardmoss/Projects/reactjs.academy-react/src/config/styles.js
FN:3,(anonymous_0)
FN:5,(anonymous_1)
FN:7,(anonymous_2)
FN:25,(anonymous_3)
FNF:4
FNH:3
FNDA:0,(anonymous_0)
FNDA:46,(anonymous_1)
FNDA:1,(anonymous_2)
FNDA:3,(anonymous_3)
DA:1,1
DA:3,1
DA:5,46
DA:7,1
DA:9,1
DA:11,1
DA:13,1
DA:15,1
DA:17,1
DA:18,1
DA:20,1
DA:23,1
DA:25,1
DA:26,3
DA:27,3
DA:29,0
LF:16
LH:15
BRDA:3,0,0,0
BRDA:5,1,0,45
BRDA:7,2,0,0
BRDA:25,3,0,3
BRDA:25,4,0,0
BRDA:26,5,0,0
BRDA:26,5,1,3
BRDA:27,6,0,3
BRDA:27,6,1,0
BRF:9
BRH:4
end_of_record
TN:
SF:/Users/richardmoss/Projects/reactjs.academy-react/src/layouts/index.js
FN:45,Layout
FNF:1
FNH:0
FNDA:0,Layout
DA:1,0
DA:2,0
DA:3,0
DA:4,0
DA:5,0
DA:6,0
DA:7,0
DA:8,0
DA:9,0
DA:10,0
DA:11,0
DA:13,0
DA:14,0
DA:15,0
DA:16,0
DA:17,0
DA:18,0
DA:20,0
DA:22,0
DA:34,0
DA:40,0
DA:45,0
DA:46,0
DA:81,0
DA:85,0
DA:95,0
LF:26
LH:0
BRF:0
BRH:0
end_of_record
TN:
SF:/Users/richardmoss/Projects/reactjs.academy-react/src/pages/404.js
FN:3,NotFoundPage
FNF:1
FNH:0
FNDA:0,NotFoundPage
DA:1,0
DA:3,0
LF:2
LH:0
BRF:0
BRH:0
end_of_record
TN:
SF:/Users/richardmoss/Projects/reactjs.academy-react/src/pages/about-us.js
FN:45,SocialLink
FN:48,onClick
FN:64,AboutUs
FNF:3
FNH:0
FNDA:0,SocialLink
FNDA:0,onClick
FNDA:0,AboutUs
DA:1,0
DA:2,0
DA:3,0
DA:4,0
DA:5,0
DA:6,0
DA:7,0
DA:8,0
DA:9,0
DA:10,0
DA:11,0
DA:12,0
DA:14,0
DA:15,0
DA:24,0
DA:25,0
DA:26,0
DA:29,0
DA:31,0
DA:33,0
DA:39,0
DA:45,0
DA:49,0
DA:56,0
DA:64,0
LF:25
LH:0
BRDA:56,0,0,0
BRDA:56,0,1,0
BRF:2
BRH:0
end_of_record
TN:
SF:/Users/richardmoss/Projects/reactjs.academy-react/src/pages/advanced-react-redux-graphql-bootcamp-lisbon.js
FN:35,BootcampLondon
FNF:1
FNH:0
FNDA:0,BootcampLondon
DA:1,0
DA:2,0
DA:3,0
DA:4,0
DA:5,0
DA:6,0
DA:7,0
DA:8,0
DA:9,0
DA:10,0
DA:11,0
DA:12,0
DA:13,0
DA:21,0
DA:28,0
DA:29,0
DA:30,0
DA:31,0
DA:33,0
DA:35,0
LF:20
LH:0
BRF:0
BRH:0
end_of_record
TN:
SF:/Users/richardmoss/Projects/reactjs.academy-react/src/pages/advanced-react-redux-graphql-bootcamp-london.js
FN:35,BootcampLondon
FNF:1
FNH:0
FNDA:0,BootcampLondon
DA:1,0
DA:2,0
DA:3,0
DA:4,0
DA:5,0
DA:6,0
DA:7,0
DA:8,0
DA:9,0
DA:10,0
DA:11,0
DA:12,0
DA:21,0
DA:28,0
DA:29,0
DA:30,0
DA:31,0
DA:33,0
DA:35,0
LF:19
LH:0
BRF:0
BRH:0
end_of_record
TN:
SF:/Users/richardmoss/Projects/reactjs.academy-react/src/pages/advanced-react-redux-graphql-bootcamp.js
FN:31,Boocamps
FNF:1
FNH:0
FNDA:0,Boocamps
DA:1,0
DA:2,0
DA:3,0
DA:4,0
DA:5,0
DA:6,0
DA:7,0
DA:8,0
DA:9,0
DA:14,0
DA:15,0
DA:17,0
DA:18,0
DA:26,0
DA:27,0
DA:29,0
DA:31,0
LF:17
LH:0
BRF:0
BRH:0
end_of_record
TN:
SF:/Users/richardmoss/Projects/reactjs.academy-react/src/pages/code-of-conduct.js
FN:16,CodeOfConduct
FNF:1
FNH:0
FNDA:0,CodeOfConduct
DA:1,0
DA:2,0
DA:3,0
DA:4,0
DA:5,0
DA:6,0
DA:7,0
DA:8,0
DA:10,0
DA:14,0
DA:16,0
LF:11
LH:0
BRF:0
BRH:0
end_of_record
TN:
SF:/Users/richardmoss/Projects/reactjs.academy-react/src/pages/community.js
FN:10,Community
FNF:1
FNH:0
FNDA:0,Community
DA:1,0
DA:2,0
DA:3,0
DA:4,0
DA:5,0
DA:6,0
DA:7,0
DA:8,0
DA:10,0
LF:9
LH:0
BRF:0
BRH:0
end_of_record
TN:
SF:/Users/richardmoss/Projects/reactjs.academy-react/src/pages/curriculum.js
FN:51,LinkScroll
FN:71,(anonymous_13)
FN:127,onClick
FN:145,onClick
FN:158,onClick
FN:173,onClick
FNF:6
FNH:0
FNDA:0,LinkScroll
FNDA:0,(anonymous_13)
FNDA:0,onClick
FNDA:0,onClick
FNDA:0,onClick
FNDA:0,onClick
DA:1,0
DA:2,0
DA:3,0
DA:4,0
DA:5,0
DA:6,0
DA:7,0
DA:8,0
DA:18,0
DA:25,0
DA:26,0
DA:27,0
DA:28,0
DA:30,0
DA:38,0
DA:39,0
DA:40,0
DA:47,0
DA:48,0
DA:49,0
DA:51,0
DA:55,0
DA:56,0
DA:57,0
DA:58,0
DA:66,0
DA:67,0
DA:68,0
DA:69,0
DA:70,0
DA:71,0
DA:82,0
DA:85,0
DA:86,0
DA:127,0
DA:145,0
DA:158,0
DA:173,0
LF:38
LH:0
BRDA:68,0,0,0
BRDA:68,0,1,0
BRDA:68,1,0,0
BRDA:68,1,1,0
BRDA:72,2,0,0
BRDA:72,2,1,0
BRF:6
BRH:0
end_of_record
TN:
SF:/Users/richardmoss/Projects/reactjs.academy-react/src/pages/full-stack-js-react-graphql-node-mongo-bootcamp.js
FN:11,FullstackBootcamp
FNF:1
FNH:0
FNDA:0,FullstackBootcamp
DA:1,0
DA:2,0
DA:3,0
DA:4,0
DA:5,0
DA:6,0
DA:7,0
DA:8,0
DA:9,0
DA:11,0
LF:10
LH:0
BRF:0
BRH:0
end_of_record
TN:
SF:/Users/richardmoss/Projects/reactjs.academy-react/src/pages/index.js
FN:51,IndexPage
FNF:1
FNH:0
FNDA:0,IndexPage
DA:1,0
DA:2,0
DA:3,0
DA:4,0
DA:5,0
DA:6,0
DA:7,0
DA:8,0
DA:9,0
DA:10,0
DA:11,0
DA:13,0
DA:14,0
DA:15,0
DA:16,0
DA:17,0
DA:18,0
DA:35,0
DA:42,0
DA:51,0
LF:20
LH:0
BRF:0
BRH:0
end_of_record
TN:
SF:/Users/richardmoss/Projects/reactjs.academy-react/src/pages/partners-sponsors.js
FN:3,PartnersSponsors
FNF:1
FNH:0
FNDA:0,PartnersSponsors
DA:1,0
DA:3,0
LF:2
LH:0
BRF:0
BRH:0
end_of_record
TN:
SF:/Users/richardmoss/Projects/reactjs.academy-react/src/pages/payment-confirmation.js
FN:21,gtag
FNF:1
FNH:0
FNDA:0,gtag
DA:1,0
DA:2,0
DA:3,0
DA:4,0
DA:5,0
DA:6,0
DA:7,0
DA:8,0
DA:9,0
DA:14,0
DA:15,0
DA:17,0
DA:18,0
DA:20,0
DA:22,0
DA:26,0
DA:33,0
DA:34,0
DA:45,0
DA:83,0
LF:20
LH:0
BRDA:17,0,0,0
BRDA:17,0,1,0
BRDA:16,1,0,0
BRDA:16,1,1,0
BRDA:16,2,0,0
BRDA:16,2,1,0
BRDA:18,3,0,0
BRDA:18,3,1,0
BRDA:20,4,0,0
BRDA:20,4,1,0
BRDA:30,5,0,0
BRDA:30,5,1,0
BRDA:33,6,0,0
BRDA:33,6,1,0
BRF:14
BRH:0
end_of_record
TN:
SF:/Users/richardmoss/Projects/reactjs.academy-react/src/pages/privacy-policy.js
FN:10,PrivacyPolicy
FNF:1
FNH:0
FNDA:0,PrivacyPolicy
DA:1,0
DA:2,0
DA:3,0
DA:4,0
DA:5,0
DA:6,0
DA:7,0
DA:8,0
DA:10,0
LF:9
LH:0
BRF:0
BRH:0
end_of_record
TN:
SF:/Users/richardmoss/Projects/reactjs.academy-react/src/pages/react-native-bootcamp-london.js
FN:34,ReactNativeBoocampLondon
FNF:1
FNH:0
FNDA:0,ReactNativeBoocampLondon
DA:1,0
DA:2,0
DA:3,0
DA:4,0
DA:5,0
DA:6,0
DA:7,0
DA:8,0
DA:9,0
DA:10,0
DA:11,0
DA:12,0
DA:13,0
DA:21,0
DA:28,0
DA:29,0
DA:30,0
DA:32,0
DA:34,0
LF:19
LH:0
BRF:0
BRH:0
end_of_record
TN:
SF:/Users/richardmoss/Projects/reactjs.academy-react/src/pages/react-native-bootcamp.js
FN:31,ReactNativeBoocamp
FNF:1
FNH:0
FNDA:0,ReactNativeBoocamp
DA:1,0
DA:2,0
DA:3,0
DA:4,0
DA:5,0
DA:6,0
DA:7,0
DA:8,0
DA:9,0
DA:14,0
DA:15,0
DA:17,0
DA:18,0
DA:26,0
DA:27,0
DA:29,0
DA:31,0
LF:17
LH:0
BRF:0
BRH:0
end_of_record
TN:
SF:/Users/richardmoss/Projects/reactjs.academy-react/src/pages/react-redux-graphql-bootcamp-austin.js
FN:12,BootcampAustin
FNF:1
FNH:0
FNDA:0,BootcampAustin
DA:1,0
DA:2,0
DA:3,0
DA:4,0
DA:5,0
DA:6,0
DA:7,0
DA:8,0
DA:9,0
DA:10,0
DA:12,0
LF:11
LH:0
BRF:0
BRH:0
end_of_record
TN:
SF:/Users/richardmoss/Projects/reactjs.academy-react/src/pages/react-redux-graphql-bootcamp-london.js
FN:33,BootcampLondon
FNF:1
FNH:0
FNDA:0,BootcampLondon
DA:1,0
DA:2,0
DA:3,0
DA:4,0
DA:5,0
DA:6,0
DA:7,0
DA:8,0
DA:9,0
DA:10,0
DA:11,0
DA:12,0
DA:21,0
DA:29,0
DA:30,0
DA:31,0
DA:33,0
LF:17
LH:0
BRF:0
BRH:0
end_of_record
TN:
SF:/Users/richardmoss/Projects/reactjs.academy-react/src/pages/react-redux-graphql-bootcamp-nyc.js
FN:12,BootcampNYC
FNF:1
FNH:0
FNDA:0,BootcampNYC
DA:1,0
DA:2,0
DA:3,0
DA:4,0
DA:5,0
DA:6,0
DA:7,0
DA:8,0
DA:9,0
DA:10,0
DA:12,0
LF:11
LH:0
BRF:0
BRH:0
end_of_record
TN:
SF:/Users/richardmoss/Projects/reactjs.academy-react/src/pages/react-redux-graphql-bootcamp.js
FN:31,Boocamps
FNF:1
FNH:0
FNDA:0,Boocamps
DA:1,0
DA:2,0
DA:3,0
DA:4,0
DA:5,0
DA:6,0
DA:7,0
DA:8,0
DA:9,0
DA:14,0
DA:15,0
DA:17,0
DA:18,0
DA:26,0
DA:27,0
DA:29,0
DA:31,0
LF:17
LH:0
BRF:0
BRH:0
end_of_record
TN:
SF:/Users/richardmoss/Projects/reactjs.academy-react/src/pages/react-redux-graphql-part-time-course.js
FN:33,PartTime
FNF:1
FNH:0
FNDA:0,PartTime
DA:1,0
DA:2,0
DA:3,0
DA:4,0
DA:5,0
DA:6,0
DA:7,0
DA:8,0
DA:13,0
DA:14,0
DA:15,0
DA:16,0
DA:17,0
DA:27,0
DA:28,0
DA:30,0
DA:31,0
DA:33,0
LF:18
LH:0
BRF:0
BRH:0
end_of_record
TN:
SF:/Users/richardmoss/Projects/reactjs.academy-react/src/pages/react-redux-graphql-training.js
FN:12,BootcampAustin
FNF:1
FNH:0
FNDA:0,BootcampAustin
DA:1,0
DA:2,0
DA:3,0
DA:4,0
DA:5,0
DA:6,0
DA:7,0
DA:8,0
DA:9,0
DA:10,0
DA:12,0
LF:11
LH:0
BRF:0
BRH:0
end_of_record
TN:
SF:/Users/richardmoss/Projects/reactjs.academy-react/src/pages/react-redux-training-amsterdam.js
FN:12,BootcampAmsterdam
FNF:1
FNH:0
FNDA:0,BootcampAmsterdam
DA:1,0
DA:2,0
DA:3,0
DA:4,0
DA:5,0
DA:6,0
DA:7,0
DA:8,0
DA:9,0
DA:10,0
DA:12,0
LF:11
LH:0
BRF:0
BRH:0
end_of_record
TN:
SF:/Users/richardmoss/Projects/reactjs.academy-react/src/pages/react-redux-training-barcelona.js
FN:12,BootcampBarcelona
FNF:1
FNH:0
FNDA:0,BootcampBarcelona
DA:1,0
DA:2,0
DA:3,0
DA:4,0
DA:5,0
DA:6,0
DA:7,0
DA:8,0
DA:9,0
DA:10,0
DA:12,0
LF:11
LH:0
BRF:0
BRH:0
end_of_record
TN:
SF:/Users/richardmoss/Projects/reactjs.academy-react/src/pages/react-redux-training-berlin.js
FN:12,BootcampBerlin
FNF:1
FNH:0
FNDA:0,BootcampBerlin
DA:1,0
DA:2,0
DA:3,0
DA:4,0
DA:5,0
DA:6,0
DA:7,0
DA:8,0
DA:9,0
DA:10,0
DA:12,0
LF:11
LH:0
BRF:0
BRH:0
end_of_record
TN:
SF:/Users/richardmoss/Projects/reactjs.academy-react/src/pages/react-redux-training-brussels.js
FN:12,BootcampBrussels
FNF:1
FNH:0
FNDA:0,BootcampBrussels
DA:1,0
DA:2,0
DA:3,0
DA:4,0
DA:5,0
DA:6,0
DA:7,0
DA:8,0
DA:9,0
DA:10,0
DA:12,0
LF:11
LH:0
BRF:0
BRH:0
end_of_record
TN:
SF:/Users/richardmoss/Projects/reactjs.academy-react/src/pages/react-redux-training-london.js
FN:36,BootcampLondon
FNF:1
FNH:0
FNDA:0,BootcampLondon
DA:1,0
DA:2,0
DA:3,0
DA:4,0
DA:5,0
DA:6,0
DA:7,0
DA:8,0
DA:18,0
DA:19,0
DA:20,0
DA:27,0
DA:29,0
DA:30,0
DA:31,0
DA:32,0
DA:34,0
DA:36,0
LF:18
LH:0
BRF:0
BRH:0
end_of_record
TN:
SF:/Users/richardmoss/Projects/reactjs.academy-react/src/pages/react-redux-training-paris.js
FN:12,BootcampParis
FNF:1
FNH:0
FNDA:0,BootcampParis
DA:1,0
DA:2,0
DA:3,0
DA:4,0
DA:5,0
DA:6,0
DA:7,0
DA:8,0
DA:9,0
DA:10,0
DA:12,0
LF:11
LH:0
BRF:0
BRH:0
end_of_record
TN:
SF:/Users/richardmoss/Projects/reactjs.academy-react/src/pages/react-redux-training-sydney.js
FN:12,BootcampSydney
FNF:1
FNH:0
FNDA:0,BootcampSydney
DA:1,0
DA:2,0
DA:3,0
DA:4,0
DA:5,0
DA:6,0
DA:7,0
DA:8,0
DA:9,0
DA:10,0
DA:12,0
LF:11
LH:0
BRF:0
BRH:0
end_of_record
TN:
SF:/Users/richardmoss/Projects/reactjs.academy-react/src/pages/terms-of-service.js
FN:10,TermsOfService
FNF:1
FNH:0
FNDA:0,TermsOfService
DA:1,0
DA:2,0
DA:3,0
DA:4,0
DA:5,0
DA:6,0
DA:7,0
DA:8,0
DA:10,0
LF:9
LH:0
BRF:0
BRH:0
end_of_record
TN:
SF:/Users/richardmoss/Projects/reactjs.academy-react/src/pages/react-redux-graphql-bootcamp-lisbon/2.js
FN:39,BootcampLisbon
FNF:1
FNH:0
FNDA:0,BootcampLisbon
DA:1,0
DA:2,0
DA:3,0
DA:4,0
DA:5,0
DA:6,0
DA:7,0
DA:8,0
DA:9,0
DA:10,0
DA:11,0
DA:12,0
DA:13,0
DA:14,0
DA:23,0
DA:31,0
DA:32,0
DA:33,0
DA:34,0
DA:36,0
DA:37,0
DA:39,0
LF:22
LH:0
BRF:0
BRH:0
end_of_record
TN:
SF:/Users/richardmoss/Projects/reactjs.academy-react/src/pages/react-redux-graphql-bootcamp-lisbon/index.js
FN:35,BootcampLisbon
FNF:1
FNH:0
FNDA:0,BootcampLisbon
DA:1,0
DA:2,0
DA:3,0
DA:4,0
DA:5,0
DA:6,0
DA:7,0
DA:8,0
DA:9,0
DA:10,0
DA:11,0
DA:12,0
DA:20,0
DA:28,0
DA:29,0
DA:30,0
DA:31,0
DA:33,0
DA:35,0
LF:19
LH:0
BRF:0
BRH:0
end_of_record
